<?xml version="1.0" encoding="UTF-8"?>
<coverage generated="1668799852555" clover="3.2.0">
  <project timestamp="1668799852555" name="All files">
    <metrics statements="678" coveredstatements="637" conditionals="72" coveredconditionals="41" methods="81" coveredmethods="72" elements="831" coveredelements="750" complexity="0" loc="678" ncloc="678" packages="1" files="5" classes="5"/>
    <file name="DB.js" path="D:\Users\Fabio\Documents\Polito\Software Engineering II\HikeTracker\server\modules\DB.js">
      <metrics statements="519" coveredstatements="515" conditionals="10" coveredconditionals="5" methods="16" coveredmethods="16"/>
      <line num="3" count="4" type="stmt"/>
      <line num="7" count="4" type="cond" truecount="1" falsecount="1"/>
      <line num="11" count="4" type="stmt"/>
      <line num="12" count="4" type="stmt"/>
      <line num="13" count="4" type="stmt"/>
      <line num="14" count="4" type="stmt"/>
      <line num="24" count="4" type="stmt"/>
      <line num="25" count="4" type="stmt"/>
      <line num="26" count="4" type="stmt"/>
      <line num="27" count="4" type="cond" truecount="1" falsecount="1"/>
      <line num="28" count="0" type="stmt"/>
      <line num="30" count="4" type="stmt"/>
      <line num="37" count="4" type="stmt"/>
      <line num="38" count="4" type="stmt"/>
      <line num="39" count="4" type="stmt"/>
      <line num="40" count="4" type="cond" truecount="1" falsecount="1"/>
      <line num="41" count="0" type="stmt"/>
      <line num="43" count="4" type="stmt"/>
      <line num="50" count="4" type="stmt"/>
      <line num="51" count="4" type="stmt"/>
      <line num="52" count="4" type="stmt"/>
      <line num="53" count="4" type="cond" truecount="1" falsecount="1"/>
      <line num="54" count="0" type="stmt"/>
      <line num="56" count="4" type="stmt"/>
      <line num="64" count="4" type="stmt"/>
      <line num="65" count="4" type="stmt"/>
      <line num="66" count="4" type="stmt"/>
      <line num="67" count="4" type="cond" truecount="1" falsecount="1"/>
      <line num="68" count="0" type="stmt"/>
      <line num="70" count="4" type="stmt"/>
      <line num="76" count="4" type="stmt"/>
      <line num="78" count="4" type="stmt"/>
      <line num="79" count="4" type="stmt"/>
      <line num="80" count="4" type="stmt"/>
      <line num="81" count="4" type="stmt"/>
      <line num="83" count="4" type="stmt"/>
      <line num="84" count="4" type="stmt"/>
      <line num="86" count="4" type="stmt"/>
      <line num="87" count="4" type="stmt"/>
      <line num="88" count="4" type="stmt"/>
      <line num="90" count="4" type="stmt"/>
      <line num="91" count="4" type="stmt"/>
      <line num="92" count="4" type="stmt"/>
      <line num="93" count="4" type="stmt"/>
      <line num="94" count="4" type="stmt"/>
      <line num="96" count="4" type="stmt"/>
      <line num="97" count="4" type="stmt"/>
      <line num="98" count="4" type="stmt"/>
      <line num="100" count="4" type="stmt"/>
      <line num="109" count="4" type="stmt"/>
      <line num="110" count="4" type="stmt"/>
      <line num="113" count="4" type="stmt"/>
      <line num="116" count="4" type="stmt"/>
      <line num="118" count="4" type="stmt"/>
      <line num="119" count="4" type="stmt"/>
      <line num="120" count="4" type="stmt"/>
      <line num="121" count="4" type="stmt"/>
      <line num="122" count="4" type="stmt"/>
      <line num="123" count="4" type="stmt"/>
      <line num="124" count="4" type="stmt"/>
      <line num="125" count="4" type="stmt"/>
      <line num="126" count="4" type="stmt"/>
      <line num="130" count="4" type="stmt"/>
      <line num="131" count="4" type="stmt"/>
      <line num="132" count="4" type="stmt"/>
      <line num="134" count="4" type="stmt"/>
      <line num="136" count="4" type="stmt"/>
      <line num="137" count="4" type="stmt"/>
      <line num="138" count="4" type="stmt"/>
      <line num="139" count="4" type="stmt"/>
      <line num="140" count="4" type="stmt"/>
      <line num="141" count="4" type="stmt"/>
      <line num="142" count="4" type="stmt"/>
      <line num="143" count="4" type="stmt"/>
      <line num="144" count="4" type="stmt"/>
      <line num="145" count="4" type="stmt"/>
      <line num="146" count="4" type="stmt"/>
      <line num="147" count="4" type="stmt"/>
      <line num="149" count="4" type="stmt"/>
      <line num="151" count="4" type="stmt"/>
      <line num="152" count="4" type="stmt"/>
      <line num="153" count="4" type="stmt"/>
      <line num="154" count="4" type="stmt"/>
      <line num="155" count="4" type="stmt"/>
      <line num="156" count="4" type="stmt"/>
      <line num="157" count="4" type="stmt"/>
      <line num="158" count="4" type="stmt"/>
      <line num="159" count="4" type="stmt"/>
      <line num="166" count="4" type="stmt"/>
      <line num="167" count="4" type="stmt"/>
      <line num="168" count="4" type="stmt"/>
      <line num="170" count="4" type="stmt"/>
      <line num="173" count="4" type="stmt"/>
      <line num="174" count="4" type="stmt"/>
      <line num="175" count="4" type="stmt"/>
      <line num="176" count="4" type="stmt"/>
      <line num="177" count="4" type="stmt"/>
      <line num="178" count="4" type="stmt"/>
      <line num="179" count="4" type="stmt"/>
      <line num="180" count="4" type="stmt"/>
      <line num="181" count="4" type="stmt"/>
      <line num="182" count="4" type="stmt"/>
      <line num="183" count="4" type="stmt"/>
      <line num="184" count="4" type="stmt"/>
      <line num="186" count="4" type="stmt"/>
      <line num="188" count="4" type="stmt"/>
      <line num="189" count="4" type="stmt"/>
      <line num="190" count="4" type="stmt"/>
      <line num="191" count="4" type="stmt"/>
      <line num="192" count="4" type="stmt"/>
      <line num="193" count="4" type="stmt"/>
      <line num="194" count="4" type="stmt"/>
      <line num="195" count="4" type="stmt"/>
      <line num="196" count="4" type="stmt"/>
      <line num="197" count="4" type="stmt"/>
      <line num="198" count="4" type="stmt"/>
      <line num="199" count="4" type="stmt"/>
      <line num="215" count="4" type="stmt"/>
      <line num="217" count="4" type="stmt"/>
      <line num="218" count="4" type="stmt"/>
      <line num="219" count="4" type="stmt"/>
      <line num="220" count="4" type="stmt"/>
      <line num="221" count="4" type="stmt"/>
      <line num="222" count="4" type="stmt"/>
      <line num="223" count="4" type="stmt"/>
      <line num="224" count="4" type="stmt"/>
      <line num="225" count="4" type="stmt"/>
      <line num="226" count="4" type="stmt"/>
      <line num="227" count="4" type="stmt"/>
      <line num="228" count="4" type="stmt"/>
      <line num="240" count="4" type="stmt"/>
      <line num="242" count="4" type="stmt"/>
      <line num="243" count="4" type="stmt"/>
      <line num="244" count="4" type="stmt"/>
      <line num="245" count="4" type="stmt"/>
      <line num="246" count="4" type="stmt"/>
      <line num="247" count="4" type="stmt"/>
      <line num="248" count="4" type="stmt"/>
      <line num="249" count="4" type="stmt"/>
      <line num="250" count="4" type="stmt"/>
      <line num="251" count="4" type="stmt"/>
      <line num="252" count="4" type="stmt"/>
      <line num="253" count="4" type="stmt"/>
      <line num="259" count="4" type="stmt"/>
      <line num="262" count="4" type="stmt"/>
      <line num="263" count="4" type="stmt"/>
      <line num="264" count="4" type="stmt"/>
      <line num="265" count="4" type="stmt"/>
      <line num="266" count="4" type="stmt"/>
      <line num="267" count="4" type="stmt"/>
      <line num="268" count="4" type="stmt"/>
      <line num="269" count="4" type="stmt"/>
      <line num="270" count="4" type="stmt"/>
      <line num="271" count="4" type="stmt"/>
      <line num="272" count="4" type="stmt"/>
      <line num="273" count="4" type="stmt"/>
      <line num="282" count="4" type="stmt"/>
      <line num="284" count="4" type="stmt"/>
      <line num="285" count="4" type="stmt"/>
      <line num="286" count="4" type="stmt"/>
      <line num="287" count="4" type="stmt"/>
      <line num="288" count="4" type="stmt"/>
      <line num="289" count="4" type="stmt"/>
      <line num="290" count="4" type="stmt"/>
      <line num="291" count="4" type="stmt"/>
      <line num="292" count="4" type="stmt"/>
      <line num="293" count="4" type="stmt"/>
      <line num="294" count="4" type="stmt"/>
      <line num="295" count="4" type="stmt"/>
      <line num="304" count="4" type="stmt"/>
      <line num="306" count="4" type="stmt"/>
      <line num="307" count="4" type="stmt"/>
      <line num="308" count="4" type="stmt"/>
      <line num="309" count="4" type="stmt"/>
      <line num="310" count="4" type="stmt"/>
      <line num="311" count="4" type="stmt"/>
      <line num="312" count="4" type="stmt"/>
      <line num="313" count="4" type="stmt"/>
      <line num="314" count="4" type="stmt"/>
      <line num="315" count="4" type="stmt"/>
      <line num="316" count="4" type="stmt"/>
      <line num="317" count="4" type="stmt"/>
      <line num="337" count="4" type="stmt"/>
      <line num="340" count="4" type="stmt"/>
      <line num="341" count="4" type="stmt"/>
      <line num="342" count="4" type="stmt"/>
      <line num="343" count="4" type="stmt"/>
      <line num="344" count="4" type="stmt"/>
      <line num="345" count="4" type="stmt"/>
      <line num="346" count="4" type="stmt"/>
      <line num="347" count="4" type="stmt"/>
      <line num="348" count="4" type="stmt"/>
      <line num="349" count="4" type="stmt"/>
      <line num="350" count="4" type="stmt"/>
      <line num="351" count="4" type="stmt"/>
      <line num="367" count="4" type="stmt"/>
      <line num="369" count="4" type="stmt"/>
      <line num="370" count="4" type="stmt"/>
      <line num="371" count="4" type="stmt"/>
      <line num="372" count="4" type="stmt"/>
      <line num="373" count="4" type="stmt"/>
      <line num="374" count="4" type="stmt"/>
      <line num="375" count="4" type="stmt"/>
      <line num="376" count="4" type="stmt"/>
      <line num="377" count="4" type="stmt"/>
      <line num="378" count="4" type="stmt"/>
      <line num="379" count="4" type="stmt"/>
      <line num="380" count="4" type="stmt"/>
      <line num="397" count="4" type="stmt"/>
      <line num="399" count="4" type="stmt"/>
      <line num="400" count="4" type="stmt"/>
      <line num="401" count="4" type="stmt"/>
      <line num="402" count="4" type="stmt"/>
      <line num="403" count="4" type="stmt"/>
      <line num="404" count="4" type="stmt"/>
      <line num="405" count="4" type="stmt"/>
      <line num="406" count="4" type="stmt"/>
      <line num="407" count="4" type="stmt"/>
      <line num="408" count="4" type="stmt"/>
      <line num="409" count="4" type="stmt"/>
      <line num="410" count="4" type="stmt"/>
      <line num="424" count="4" type="stmt"/>
      <line num="426" count="4" type="stmt"/>
      <line num="427" count="4" type="stmt"/>
      <line num="428" count="4" type="stmt"/>
      <line num="429" count="4" type="stmt"/>
      <line num="430" count="4" type="stmt"/>
      <line num="431" count="4" type="stmt"/>
      <line num="432" count="4" type="stmt"/>
      <line num="433" count="4" type="stmt"/>
      <line num="434" count="4" type="stmt"/>
      <line num="435" count="4" type="stmt"/>
      <line num="436" count="4" type="stmt"/>
      <line num="437" count="4" type="stmt"/>
      <line num="470" count="4" type="stmt"/>
      <line num="473" count="4" type="stmt"/>
      <line num="474" count="4" type="stmt"/>
      <line num="475" count="4" type="stmt"/>
      <line num="476" count="4" type="stmt"/>
      <line num="477" count="4" type="stmt"/>
      <line num="478" count="4" type="stmt"/>
      <line num="479" count="4" type="stmt"/>
      <line num="480" count="4" type="stmt"/>
      <line num="481" count="4" type="stmt"/>
      <line num="482" count="4" type="stmt"/>
      <line num="483" count="4" type="stmt"/>
      <line num="484" count="4" type="stmt"/>
      <line num="500" count="4" type="stmt"/>
      <line num="503" count="4" type="stmt"/>
      <line num="504" count="4" type="stmt"/>
      <line num="505" count="4" type="stmt"/>
      <line num="506" count="4" type="stmt"/>
      <line num="507" count="4" type="stmt"/>
      <line num="508" count="4" type="stmt"/>
      <line num="509" count="4" type="stmt"/>
      <line num="510" count="4" type="stmt"/>
      <line num="511" count="4" type="stmt"/>
      <line num="512" count="4" type="stmt"/>
      <line num="513" count="4" type="stmt"/>
      <line num="514" count="4" type="stmt"/>
      <line num="532" count="4" type="stmt"/>
      <line num="535" count="4" type="stmt"/>
      <line num="536" count="4" type="stmt"/>
      <line num="537" count="4" type="stmt"/>
      <line num="538" count="4" type="stmt"/>
      <line num="539" count="4" type="stmt"/>
      <line num="540" count="4" type="stmt"/>
      <line num="541" count="4" type="stmt"/>
      <line num="542" count="4" type="stmt"/>
      <line num="543" count="4" type="stmt"/>
      <line num="544" count="4" type="stmt"/>
      <line num="545" count="4" type="stmt"/>
      <line num="546" count="4" type="stmt"/>
      <line num="568" count="4" type="stmt"/>
      <line num="571" count="4" type="stmt"/>
      <line num="572" count="4" type="stmt"/>
      <line num="573" count="4" type="stmt"/>
      <line num="574" count="4" type="stmt"/>
      <line num="575" count="4" type="stmt"/>
      <line num="576" count="4" type="stmt"/>
      <line num="577" count="4" type="stmt"/>
      <line num="578" count="4" type="stmt"/>
      <line num="579" count="4" type="stmt"/>
      <line num="580" count="4" type="stmt"/>
      <line num="581" count="4" type="stmt"/>
      <line num="582" count="4" type="stmt"/>
      <line num="607" count="4" type="stmt"/>
      <line num="610" count="4" type="stmt"/>
      <line num="611" count="4" type="stmt"/>
      <line num="612" count="4" type="stmt"/>
      <line num="613" count="4" type="stmt"/>
      <line num="614" count="4" type="stmt"/>
      <line num="615" count="4" type="stmt"/>
      <line num="616" count="4" type="stmt"/>
      <line num="617" count="4" type="stmt"/>
      <line num="618" count="4" type="stmt"/>
      <line num="619" count="4" type="stmt"/>
      <line num="620" count="4" type="stmt"/>
      <line num="621" count="4" type="stmt"/>
      <line num="635" count="4" type="stmt"/>
      <line num="639" count="4" type="stmt"/>
      <line num="640" count="4" type="stmt"/>
      <line num="641" count="4" type="stmt"/>
      <line num="642" count="4" type="stmt"/>
      <line num="643" count="4" type="stmt"/>
      <line num="644" count="4" type="stmt"/>
      <line num="645" count="4" type="stmt"/>
      <line num="646" count="4" type="stmt"/>
      <line num="647" count="4" type="stmt"/>
      <line num="648" count="4" type="stmt"/>
      <line num="649" count="4" type="stmt"/>
      <line num="650" count="4" type="stmt"/>
      <line num="661" count="4" type="stmt"/>
      <line num="664" count="4" type="stmt"/>
      <line num="665" count="4" type="stmt"/>
      <line num="666" count="4" type="stmt"/>
      <line num="667" count="4" type="stmt"/>
      <line num="668" count="4" type="stmt"/>
      <line num="669" count="4" type="stmt"/>
      <line num="670" count="4" type="stmt"/>
      <line num="671" count="4" type="stmt"/>
      <line num="672" count="4" type="stmt"/>
      <line num="673" count="4" type="stmt"/>
      <line num="674" count="4" type="stmt"/>
      <line num="675" count="4" type="stmt"/>
      <line num="693" count="4" type="stmt"/>
      <line num="696" count="4" type="stmt"/>
      <line num="697" count="4" type="stmt"/>
      <line num="698" count="4" type="stmt"/>
      <line num="699" count="4" type="stmt"/>
      <line num="700" count="4" type="stmt"/>
      <line num="701" count="4" type="stmt"/>
      <line num="702" count="4" type="stmt"/>
      <line num="703" count="4" type="stmt"/>
      <line num="704" count="4" type="stmt"/>
      <line num="705" count="4" type="stmt"/>
      <line num="706" count="4" type="stmt"/>
      <line num="707" count="4" type="stmt"/>
      <line num="713" count="4" type="stmt"/>
      <line num="716" count="4" type="stmt"/>
      <line num="717" count="4" type="stmt"/>
      <line num="718" count="4" type="stmt"/>
      <line num="719" count="4" type="stmt"/>
      <line num="720" count="4" type="stmt"/>
      <line num="721" count="4" type="stmt"/>
      <line num="722" count="4" type="stmt"/>
      <line num="723" count="4" type="stmt"/>
      <line num="724" count="4" type="stmt"/>
      <line num="725" count="4" type="stmt"/>
      <line num="726" count="4" type="stmt"/>
      <line num="727" count="4" type="stmt"/>
      <line num="741" count="4" type="stmt"/>
      <line num="744" count="4" type="stmt"/>
      <line num="745" count="4" type="stmt"/>
      <line num="746" count="4" type="stmt"/>
      <line num="747" count="4" type="stmt"/>
      <line num="748" count="4" type="stmt"/>
      <line num="749" count="4" type="stmt"/>
      <line num="750" count="4" type="stmt"/>
      <line num="751" count="4" type="stmt"/>
      <line num="752" count="4" type="stmt"/>
      <line num="753" count="4" type="stmt"/>
      <line num="754" count="4" type="stmt"/>
      <line num="755" count="4" type="stmt"/>
      <line num="768" count="4" type="stmt"/>
      <line num="771" count="4" type="stmt"/>
      <line num="772" count="4" type="stmt"/>
      <line num="773" count="4" type="stmt"/>
      <line num="774" count="4" type="stmt"/>
      <line num="775" count="4" type="stmt"/>
      <line num="776" count="4" type="stmt"/>
      <line num="777" count="4" type="stmt"/>
      <line num="778" count="4" type="stmt"/>
      <line num="779" count="4" type="stmt"/>
      <line num="780" count="4" type="stmt"/>
      <line num="781" count="4" type="stmt"/>
      <line num="782" count="4" type="stmt"/>
      <line num="815" count="4" type="stmt"/>
      <line num="818" count="4" type="stmt"/>
      <line num="819" count="4" type="stmt"/>
      <line num="820" count="4" type="stmt"/>
      <line num="821" count="4" type="stmt"/>
      <line num="822" count="4" type="stmt"/>
      <line num="823" count="4" type="stmt"/>
      <line num="824" count="4" type="stmt"/>
      <line num="825" count="4" type="stmt"/>
      <line num="826" count="4" type="stmt"/>
      <line num="827" count="4" type="stmt"/>
      <line num="828" count="4" type="stmt"/>
      <line num="829" count="4" type="stmt"/>
      <line num="838" count="4" type="stmt"/>
      <line num="841" count="4" type="stmt"/>
      <line num="842" count="4" type="stmt"/>
      <line num="843" count="4" type="stmt"/>
      <line num="844" count="4" type="stmt"/>
      <line num="845" count="4" type="stmt"/>
      <line num="846" count="4" type="stmt"/>
      <line num="847" count="4" type="stmt"/>
      <line num="848" count="4" type="stmt"/>
      <line num="849" count="4" type="stmt"/>
      <line num="850" count="4" type="stmt"/>
      <line num="851" count="4" type="stmt"/>
      <line num="852" count="4" type="stmt"/>
      <line num="854" count="4" type="stmt"/>
      <line num="857" count="4" type="stmt"/>
      <line num="858" count="4" type="stmt"/>
      <line num="859" count="4" type="stmt"/>
      <line num="860" count="4" type="stmt"/>
      <line num="861" count="4" type="stmt"/>
      <line num="862" count="4" type="stmt"/>
      <line num="863" count="4" type="stmt"/>
      <line num="864" count="4" type="stmt"/>
      <line num="865" count="4" type="stmt"/>
      <line num="866" count="4" type="stmt"/>
      <line num="867" count="4" type="stmt"/>
      <line num="868" count="4" type="stmt"/>
      <line num="886" count="4" type="stmt"/>
      <line num="889" count="4" type="stmt"/>
      <line num="890" count="4" type="stmt"/>
      <line num="891" count="4" type="stmt"/>
      <line num="892" count="4" type="stmt"/>
      <line num="893" count="4" type="stmt"/>
      <line num="894" count="4" type="stmt"/>
      <line num="895" count="4" type="stmt"/>
      <line num="896" count="4" type="stmt"/>
      <line num="897" count="4" type="stmt"/>
      <line num="898" count="4" type="stmt"/>
      <line num="899" count="4" type="stmt"/>
      <line num="900" count="4" type="stmt"/>
      <line num="919" count="4" type="stmt"/>
      <line num="922" count="4" type="stmt"/>
      <line num="923" count="4" type="stmt"/>
      <line num="924" count="4" type="stmt"/>
      <line num="925" count="4" type="stmt"/>
      <line num="926" count="4" type="stmt"/>
      <line num="927" count="4" type="stmt"/>
      <line num="928" count="4" type="stmt"/>
      <line num="929" count="4" type="stmt"/>
      <line num="930" count="4" type="stmt"/>
      <line num="931" count="4" type="stmt"/>
      <line num="932" count="4" type="stmt"/>
      <line num="933" count="4" type="stmt"/>
      <line num="935" count="4" type="stmt"/>
      <line num="938" count="4" type="stmt"/>
      <line num="939" count="4" type="stmt"/>
      <line num="940" count="4" type="stmt"/>
      <line num="941" count="4" type="stmt"/>
      <line num="942" count="4" type="stmt"/>
      <line num="943" count="4" type="stmt"/>
      <line num="944" count="4" type="stmt"/>
      <line num="945" count="4" type="stmt"/>
      <line num="946" count="4" type="stmt"/>
      <line num="947" count="4" type="stmt"/>
      <line num="948" count="4" type="stmt"/>
      <line num="949" count="4" type="stmt"/>
      <line num="955" count="4" type="stmt"/>
      <line num="958" count="4" type="stmt"/>
      <line num="959" count="4" type="stmt"/>
      <line num="960" count="4" type="stmt"/>
      <line num="961" count="4" type="stmt"/>
      <line num="962" count="4" type="stmt"/>
      <line num="963" count="4" type="stmt"/>
      <line num="964" count="4" type="stmt"/>
      <line num="965" count="4" type="stmt"/>
      <line num="966" count="4" type="stmt"/>
      <line num="967" count="4" type="stmt"/>
      <line num="968" count="4" type="stmt"/>
      <line num="969" count="4" type="stmt"/>
      <line num="972" count="4" type="stmt"/>
      <line num="975" count="4" type="stmt"/>
      <line num="976" count="4" type="stmt"/>
      <line num="977" count="4" type="stmt"/>
      <line num="978" count="4" type="stmt"/>
      <line num="979" count="4" type="stmt"/>
      <line num="980" count="4" type="stmt"/>
      <line num="981" count="4" type="stmt"/>
      <line num="982" count="4" type="stmt"/>
      <line num="983" count="4" type="stmt"/>
      <line num="984" count="4" type="stmt"/>
      <line num="985" count="4" type="stmt"/>
      <line num="986" count="4" type="stmt"/>
      <line num="989" count="4" type="stmt"/>
      <line num="995" count="4" type="stmt"/>
      <line num="998" count="4" type="stmt"/>
      <line num="999" count="4" type="stmt"/>
      <line num="1000" count="4" type="stmt"/>
      <line num="1001" count="4" type="stmt"/>
      <line num="1002" count="4" type="stmt"/>
      <line num="1003" count="4" type="stmt"/>
      <line num="1004" count="4" type="stmt"/>
      <line num="1005" count="4" type="stmt"/>
      <line num="1006" count="4" type="stmt"/>
      <line num="1007" count="4" type="stmt"/>
      <line num="1008" count="4" type="stmt"/>
      <line num="1009" count="4" type="stmt"/>
      <line num="1018" count="4" type="stmt"/>
      <line num="1021" count="4" type="stmt"/>
      <line num="1024" count="4" type="stmt"/>
      <line num="1025" count="4" type="stmt"/>
      <line num="1026" count="4" type="stmt"/>
      <line num="1027" count="4" type="stmt"/>
      <line num="1028" count="4" type="stmt"/>
      <line num="1029" count="4" type="stmt"/>
      <line num="1030" count="4" type="stmt"/>
      <line num="1031" count="4" type="stmt"/>
      <line num="1032" count="4" type="stmt"/>
      <line num="1033" count="4" type="stmt"/>
      <line num="1034" count="4" type="stmt"/>
      <line num="1035" count="4" type="stmt"/>
      <line num="1046" count="4" type="stmt"/>
      <line num="1053" count="4" type="stmt"/>
      <line num="1054" count="144" type="stmt"/>
      <line num="1055" count="144" type="stmt"/>
      <line num="1056" count="144" type="stmt"/>
      <line num="1057" count="144" type="stmt"/>
      <line num="1059" count="144" type="stmt"/>
      <line num="1060" count="36" type="stmt"/>
      <line num="1061" count="36" type="stmt"/>
      <line num="1072" count="4" type="stmt"/>
    </file>
    <file name="FileNames.js" path="D:\Users\Fabio\Documents\Polito\Software Engineering II\HikeTracker\server\modules\FileNames.js">
      <metrics statements="30" coveredstatements="20" conditionals="8" coveredconditionals="3" methods="13" coveredmethods="10"/>
      <line num="3" count="4" type="stmt"/>
      <line num="5" count="4" type="stmt"/>
      <line num="7" count="0" type="stmt"/>
      <line num="8" count="0" type="stmt"/>
      <line num="9" count="0" type="stmt"/>
      <line num="11" count="0" type="cond" truecount="0" falsecount="2"/>
      <line num="12" count="0" type="stmt"/>
      <line num="14" count="0" type="stmt"/>
      <line num="15" count="0" type="stmt"/>
      <line num="20" count="4" type="stmt"/>
      <line num="22" count="1" type="stmt"/>
      <line num="23" count="1" type="stmt"/>
      <line num="24" count="1" type="stmt"/>
      <line num="25" count="1" type="cond" truecount="1" falsecount="1"/>
      <line num="27" count="0" type="stmt"/>
      <line num="30" count="31" type="stmt"/>
      <line num="31" count="1" type="stmt"/>
      <line num="35" count="4" type="stmt"/>
      <line num="36" count="36" type="stmt"/>
      <line num="37" count="36" type="stmt"/>
      <line num="38" count="36" type="stmt"/>
      <line num="39" count="31" type="cond" truecount="1" falsecount="1"/>
      <line num="40" count="0" type="stmt"/>
      <line num="42" count="31" type="stmt"/>
      <line num="48" count="4" type="stmt"/>
      <line num="49" count="4" type="stmt"/>
      <line num="50" count="4" type="stmt"/>
      <line num="51" count="4" type="cond" truecount="1" falsecount="1"/>
      <line num="52" count="0" type="stmt"/>
      <line num="54" count="4" type="stmt"/>
    </file>
    <file name="HikeLocations.js" path="D:\Users\Fabio\Documents\Polito\Software Engineering II\HikeTracker\server\modules\HikeLocations.js">
      <metrics statements="37" coveredstatements="32" conditionals="10" coveredconditionals="5" methods="17" coveredmethods="17"/>
      <line num="3" count="4" type="stmt"/>
      <line num="5" count="4" type="stmt"/>
      <line num="7" count="3" type="stmt"/>
      <line num="8" count="3" type="stmt"/>
      <line num="9" count="3" type="stmt"/>
      <line num="11" count="3" type="cond" truecount="1" falsecount="1"/>
      <line num="12" count="0" type="stmt"/>
      <line num="14" count="35" type="stmt"/>
      <line num="15" count="3" type="stmt"/>
      <line num="20" count="4" type="stmt"/>
      <line num="21" count="1" type="stmt"/>
      <line num="22" count="1" type="stmt"/>
      <line num="23" count="1" type="stmt"/>
      <line num="25" count="1" type="cond" truecount="1" falsecount="1"/>
      <line num="26" count="0" type="stmt"/>
      <line num="28" count="1" type="stmt"/>
      <line num="29" count="1" type="stmt"/>
      <line num="34" count="4" type="stmt"/>
      <line num="35" count="2" type="stmt"/>
      <line num="36" count="2" type="stmt"/>
      <line num="37" count="2" type="stmt"/>
      <line num="38" count="2" type="cond" truecount="1" falsecount="1"/>
      <line num="39" count="0" type="stmt"/>
      <line num="41" count="2" type="stmt"/>
      <line num="46" count="4" type="stmt"/>
      <line num="47" count="66" type="stmt"/>
      <line num="48" count="66" type="stmt"/>
      <line num="49" count="66" type="stmt"/>
      <line num="50" count="66" type="cond" truecount="1" falsecount="1"/>
      <line num="51" count="0" type="stmt"/>
      <line num="53" count="66" type="stmt"/>
      <line num="59" count="4" type="stmt"/>
      <line num="60" count="32" type="stmt"/>
      <line num="61" count="32" type="stmt"/>
      <line num="62" count="32" type="cond" truecount="1" falsecount="1"/>
      <line num="63" count="0" type="stmt"/>
      <line num="65" count="32" type="stmt"/>
    </file>
    <file name="Hikes.js" path="D:\Users\Fabio\Documents\Polito\Software Engineering II\HikeTracker\server\modules\Hikes.js">
      <metrics statements="64" coveredstatements="46" conditionals="38" coveredconditionals="25" methods="24" coveredmethods="18"/>
      <line num="3" count="4" type="stmt"/>
      <line num="8" count="4" type="stmt"/>
      <line num="12" count="4" type="stmt"/>
      <line num="14" count="3" type="stmt"/>
      <line num="15" count="3" type="stmt"/>
      <line num="16" count="3" type="stmt"/>
      <line num="17" count="3" type="cond" truecount="1" falsecount="1"/>
      <line num="19" count="0" type="stmt"/>
      <line num="22" count="34" type="stmt"/>
      <line num="23" count="3" type="stmt"/>
      <line num="28" count="4" type="stmt"/>
      <line num="30" count="0" type="stmt"/>
      <line num="31" count="0" type="stmt"/>
      <line num="33" count="0" type="stmt"/>
      <line num="34" count="0" type="cond" truecount="0" falsecount="2"/>
      <line num="35" count="0" type="stmt"/>
      <line num="38" count="0" type="cond" truecount="0" falsecount="2"/>
      <line num="39" count="0" type="stmt"/>
      <line num="40" count="0" type="stmt"/>
      <line num="41" count="0" type="stmt"/>
      <line num="47" count="4" type="stmt"/>
      <line num="48" count="0" type="stmt"/>
      <line num="49" count="0" type="stmt"/>
      <line num="51" count="0" type="cond" truecount="0" falsecount="2"/>
      <line num="52" count="0" type="stmt"/>
      <line num="54" count="0" type="stmt"/>
      <line num="59" count="4" type="stmt"/>
      <line num="60" count="175" type="stmt"/>
      <line num="61" count="175" type="stmt"/>
      <line num="63" count="67" type="cond" truecount="1" falsecount="1"/>
      <line num="64" count="0" type="stmt"/>
      <line num="66" count="67" type="stmt"/>
      <line num="71" count="4" type="stmt"/>
      <line num="72" count="27" type="stmt"/>
      <line num="73" count="27" type="stmt"/>
      <line num="74" count="27" type="cond" truecount="1" falsecount="1"/>
      <line num="75" count="0" type="stmt"/>
      <line num="77" count="27" type="stmt"/>
      <line num="84" count="4" type="cond" truecount="2" falsecount="0"/>
      <line num="85" count="10" type="stmt"/>
      <line num="88" count="10" type="cond" truecount="2" falsecount="0"/>
      <line num="89" count="9" type="cond" truecount="2" falsecount="0"/>
      <line num="90" count="8" type="cond" truecount="5" falsecount="0"/>
      <line num="91" count="3" type="stmt"/>
      <line num="93" count="3" type="stmt"/>
      <line num="95" count="3" type="cond" truecount="1" falsecount="1"/>
      <line num="97" count="8" type="stmt"/>
      <line num="98" count="3" type="stmt"/>
      <line num="102" count="5" type="stmt"/>
      <line num="103" count="5" type="cond" truecount="4" falsecount="0"/>
      <line num="104" count="3" type="stmt"/>
      <line num="107" count="2" type="stmt"/>
      <line num="111" count="5" type="stmt"/>
      <line num="112" count="5" type="cond" truecount="1" falsecount="1"/>
      <line num="115" count="5" type="stmt"/>
      <line num="117" count="5" type="stmt"/>
      <line num="123" count="1" type="cond" truecount="4" falsecount="1"/>
      <line num="124" count="1" type="stmt"/>
      <line num="126" count="1" type="stmt"/>
      <line num="127" count="1" type="cond" truecount="1" falsecount="1"/>
      <line num="129" count="2" type="stmt"/>
      <line num="130" count="1" type="stmt"/>
      <line num="134" count="0" type="stmt"/>
      <line num="137" count="1" type="stmt"/>
    </file>
    <file name="Users.js" path="D:\Users\Fabio\Documents\Polito\Software Engineering II\HikeTracker\server\modules\Users.js">
      <metrics statements="28" coveredstatements="24" conditionals="6" coveredconditionals="3" methods="11" coveredmethods="11"/>
      <line num="3" count="4" type="stmt"/>
      <line num="5" count="4" type="stmt"/>
      <line num="6" count="3" type="stmt"/>
      <line num="7" count="3" type="stmt"/>
      <line num="8" count="3" type="stmt"/>
      <line num="10" count="3" type="cond" truecount="1" falsecount="1"/>
      <line num="11" count="0" type="stmt"/>
      <line num="12" count="0" type="stmt"/>
      <line num="14" count="3" type="stmt"/>
      <line num="19" count="4" type="stmt"/>
      <line num="20" count="4" type="stmt"/>
      <line num="21" count="4" type="stmt"/>
      <line num="22" count="4" type="stmt"/>
      <line num="23" count="4" type="stmt"/>
      <line num="24" count="4" type="stmt"/>
      <line num="29" count="4" type="stmt"/>
      <line num="30" count="14" type="stmt"/>
      <line num="31" count="14" type="stmt"/>
      <line num="32" count="14" type="stmt"/>
      <line num="33" count="14" type="cond" truecount="1" falsecount="1"/>
      <line num="34" count="0" type="stmt"/>
      <line num="36" count="14" type="stmt"/>
      <line num="41" count="4" type="stmt"/>
      <line num="42" count="12" type="stmt"/>
      <line num="43" count="12" type="stmt"/>
      <line num="44" count="12" type="cond" truecount="1" falsecount="1"/>
      <line num="45" count="0" type="stmt"/>
      <line num="47" count="12" type="stmt"/>
    </file>
  </project>
</coverage>
