<?xml version="1.0" encoding="UTF-8"?>
<coverage generated="1670518876691" clover="3.2.0">
  <project timestamp="1670518876691" name="All files">
    <metrics statements="1590" coveredstatements="1523" conditionals="247" coveredconditionals="171" methods="257" coveredmethods="256" elements="2094" coveredelements="1950" complexity="0" loc="1590" ncloc="1590" packages="1" files="9" classes="9"/>
    <file name="DB.js" path="D:\Users\Fabio\Documents\Polito\Software Engineering II\HikeTracker\server\modules\DB.js">
      <metrics statements="970" coveredstatements="969" conditionals="9" coveredconditionals="6" methods="16" coveredmethods="16"/>
      <line num="2" count="8" type="stmt"/>
      <line num="3" count="8" type="stmt"/>
      <line num="5" count="8" type="stmt"/>
      <line num="9" count="8" type="cond" truecount="1" falsecount="1"/>
      <line num="10" count="8" type="stmt"/>
      <line num="13" count="9" type="stmt"/>
      <line num="16" count="8" type="stmt"/>
      <line num="17" count="1" type="stmt"/>
      <line num="18" count="1" type="stmt"/>
      <line num="19" count="1" type="stmt"/>
      <line num="20" count="1" type="stmt"/>
      <line num="21" count="11" type="stmt"/>
      <line num="22" count="11" type="stmt"/>
      <line num="23" count="11" type="cond" truecount="1" falsecount="1"/>
      <line num="25" count="0" type="stmt"/>
      <line num="27" count="11" type="stmt"/>
      <line num="28" count="11" type="stmt"/>
      <line num="29" count="11" type="stmt"/>
      <line num="35" count="1" type="stmt"/>
      <line num="39" count="8" type="stmt"/>
      <line num="41" count="15" type="stmt"/>
      <line num="42" count="15" type="stmt"/>
      <line num="44" count="15" type="stmt"/>
      <line num="45" count="15" type="stmt"/>
      <line num="46" count="15" type="stmt"/>
      <line num="47" count="150" type="stmt"/>
      <line num="48" count="150" type="stmt"/>
      <line num="49" count="150" type="cond" truecount="2" falsecount="0"/>
      <line num="50" count="45" type="stmt"/>
      <line num="52" count="105" type="stmt"/>
      <line num="53" count="105" type="stmt"/>
      <line num="54" count="105" type="stmt"/>
      <line num="55" count="105" type="stmt"/>
      <line num="60" count="15" type="stmt"/>
      <line num="65" count="8" type="stmt"/>
      <line num="67" count="2" type="stmt"/>
      <line num="68" count="2" type="stmt"/>
      <line num="69" count="2" type="stmt"/>
      <line num="70" count="2" type="stmt"/>
      <line num="72" count="2" type="stmt"/>
      <line num="73" count="2" type="stmt"/>
      <line num="74" count="2" type="stmt"/>
      <line num="75" count="2" type="stmt"/>
      <line num="78" count="8" type="stmt"/>
      <line num="81" count="1" type="stmt"/>
      <line num="84" count="1" type="stmt"/>
      <line num="86" count="1" type="stmt"/>
      <line num="91" count="1" type="stmt"/>
      <line num="92" count="1" type="stmt"/>
      <line num="93" count="1" type="stmt"/>
      <line num="94" count="1" type="stmt"/>
      <line num="95" count="1" type="stmt"/>
      <line num="96" count="1" type="stmt"/>
      <line num="97" count="1" type="stmt"/>
      <line num="98" count="1" type="stmt"/>
      <line num="99" count="1" type="stmt"/>
      <line num="100" count="1" type="stmt"/>
      <line num="101" count="1" type="stmt"/>
      <line num="102" count="1" type="stmt"/>
      <line num="103" count="1" type="stmt"/>
      <line num="111" count="1" type="stmt"/>
      <line num="112" count="1" type="stmt"/>
      <line num="113" count="1" type="stmt"/>
      <line num="114" count="1" type="stmt"/>
      <line num="116" count="1" type="stmt"/>
      <line num="117" count="1" type="stmt"/>
      <line num="118" count="1" type="stmt"/>
      <line num="121" count="1" type="stmt"/>
      <line num="122" count="1" type="stmt"/>
      <line num="123" count="1" type="stmt"/>
      <line num="124" count="1" type="stmt"/>
      <line num="125" count="1" type="stmt"/>
      <line num="126" count="1" type="stmt"/>
      <line num="127" count="1" type="stmt"/>
      <line num="128" count="1" type="stmt"/>
      <line num="129" count="1" type="stmt"/>
      <line num="130" count="1" type="stmt"/>
      <line num="134" count="1" type="stmt"/>
      <line num="135" count="1" type="stmt"/>
      <line num="136" count="1" type="stmt"/>
      <line num="137" count="1" type="stmt"/>
      <line num="138" count="1" type="stmt"/>
      <line num="139" count="1" type="stmt"/>
      <line num="140" count="1" type="stmt"/>
      <line num="144" count="1" type="stmt"/>
      <line num="145" count="1" type="stmt"/>
      <line num="146" count="1" type="stmt"/>
      <line num="147" count="1" type="stmt"/>
      <line num="148" count="1" type="stmt"/>
      <line num="149" count="1" type="stmt"/>
      <line num="150" count="1" type="stmt"/>
      <line num="151" count="1" type="stmt"/>
      <line num="152" count="1" type="stmt"/>
      <line num="153" count="1" type="stmt"/>
      <line num="154" count="1" type="stmt"/>
      <line num="155" count="1" type="stmt"/>
      <line num="156" count="1" type="stmt"/>
      <line num="157" count="1" type="stmt"/>
      <line num="158" count="1" type="stmt"/>
      <line num="159" count="1" type="stmt"/>
      <line num="160" count="1" type="stmt"/>
      <line num="161" count="1" type="stmt"/>
      <line num="164" count="1" type="stmt"/>
      <line num="165" count="1" type="stmt"/>
      <line num="166" count="1" type="stmt"/>
      <line num="167" count="1" type="stmt"/>
      <line num="168" count="1" type="stmt"/>
      <line num="169" count="1" type="stmt"/>
      <line num="170" count="1" type="stmt"/>
      <line num="171" count="1" type="stmt"/>
      <line num="172" count="1" type="stmt"/>
      <line num="173" count="1" type="stmt"/>
      <line num="174" count="1" type="stmt"/>
      <line num="181" count="1" type="stmt"/>
      <line num="182" count="1" type="stmt"/>
      <line num="183" count="1" type="stmt"/>
      <line num="184" count="1" type="stmt"/>
      <line num="185" count="1" type="stmt"/>
      <line num="186" count="1" type="stmt"/>
      <line num="187" count="1" type="stmt"/>
      <line num="191" count="1" type="stmt"/>
      <line num="192" count="1" type="stmt"/>
      <line num="193" count="1" type="stmt"/>
      <line num="194" count="1" type="stmt"/>
      <line num="195" count="1" type="stmt"/>
      <line num="196" count="1" type="stmt"/>
      <line num="197" count="1" type="stmt"/>
      <line num="198" count="1" type="stmt"/>
      <line num="199" count="1" type="stmt"/>
      <line num="200" count="1" type="stmt"/>
      <line num="201" count="1" type="stmt"/>
      <line num="202" count="1" type="stmt"/>
      <line num="203" count="1" type="stmt"/>
      <line num="204" count="1" type="stmt"/>
      <line num="205" count="1" type="stmt"/>
      <line num="206" count="1" type="stmt"/>
      <line num="207" count="1" type="stmt"/>
      <line num="210" count="1" type="stmt"/>
      <line num="211" count="1" type="stmt"/>
      <line num="212" count="1" type="stmt"/>
      <line num="213" count="1" type="stmt"/>
      <line num="214" count="1" type="stmt"/>
      <line num="215" count="1" type="stmt"/>
      <line num="216" count="1" type="stmt"/>
      <line num="217" count="1" type="stmt"/>
      <line num="218" count="1" type="stmt"/>
      <line num="219" count="1" type="stmt"/>
      <line num="220" count="1" type="stmt"/>
      <line num="221" count="1" type="stmt"/>
      <line num="222" count="1" type="stmt"/>
      <line num="236" count="1" type="stmt"/>
      <line num="238" count="1" type="stmt"/>
      <line num="239" count="1" type="stmt"/>
      <line num="240" count="1" type="stmt"/>
      <line num="243" count="1" type="stmt"/>
      <line num="244" count="1" type="stmt"/>
      <line num="245" count="1" type="stmt"/>
      <line num="246" count="1" type="stmt"/>
      <line num="247" count="1" type="stmt"/>
      <line num="248" count="1" type="stmt"/>
      <line num="249" count="1" type="stmt"/>
      <line num="250" count="1" type="stmt"/>
      <line num="251" count="1" type="stmt"/>
      <line num="252" count="1" type="stmt"/>
      <line num="253" count="1" type="stmt"/>
      <line num="254" count="1" type="stmt"/>
      <line num="255" count="1" type="stmt"/>
      <line num="266" count="1" type="stmt"/>
      <line num="267" count="1" type="stmt"/>
      <line num="268" count="1" type="stmt"/>
      <line num="269" count="1" type="stmt"/>
      <line num="272" count="1" type="stmt"/>
      <line num="273" count="1" type="stmt"/>
      <line num="274" count="1" type="stmt"/>
      <line num="275" count="1" type="stmt"/>
      <line num="276" count="1" type="stmt"/>
      <line num="277" count="1" type="stmt"/>
      <line num="278" count="1" type="stmt"/>
      <line num="279" count="1" type="stmt"/>
      <line num="280" count="1" type="stmt"/>
      <line num="281" count="1" type="stmt"/>
      <line num="282" count="1" type="stmt"/>
      <line num="283" count="1" type="stmt"/>
      <line num="284" count="1" type="stmt"/>
      <line num="289" count="1" type="stmt"/>
      <line num="290" count="1" type="stmt"/>
      <line num="291" count="1" type="stmt"/>
      <line num="292" count="1" type="stmt"/>
      <line num="295" count="1" type="stmt"/>
      <line num="296" count="1" type="stmt"/>
      <line num="297" count="1" type="stmt"/>
      <line num="298" count="1" type="stmt"/>
      <line num="299" count="1" type="stmt"/>
      <line num="300" count="1" type="stmt"/>
      <line num="301" count="1" type="stmt"/>
      <line num="302" count="1" type="stmt"/>
      <line num="303" count="1" type="stmt"/>
      <line num="304" count="1" type="stmt"/>
      <line num="305" count="1" type="stmt"/>
      <line num="306" count="1" type="stmt"/>
      <line num="307" count="1" type="stmt"/>
      <line num="308" count="1" type="stmt"/>
      <line num="318" count="1" type="stmt"/>
      <line num="319" count="1" type="stmt"/>
      <line num="320" count="1" type="stmt"/>
      <line num="322" count="1" type="stmt"/>
      <line num="323" count="1" type="stmt"/>
      <line num="324" count="1" type="stmt"/>
      <line num="325" count="1" type="stmt"/>
      <line num="326" count="1" type="stmt"/>
      <line num="327" count="1" type="stmt"/>
      <line num="328" count="1" type="stmt"/>
      <line num="329" count="1" type="stmt"/>
      <line num="330" count="1" type="stmt"/>
      <line num="331" count="1" type="stmt"/>
      <line num="332" count="1" type="stmt"/>
      <line num="333" count="1" type="stmt"/>
      <line num="334" count="1" type="stmt"/>
      <line num="335" count="1" type="stmt"/>
      <line num="344" count="1" type="stmt"/>
      <line num="345" count="1" type="stmt"/>
      <line num="346" count="1" type="stmt"/>
      <line num="348" count="1" type="stmt"/>
      <line num="349" count="1" type="stmt"/>
      <line num="350" count="1" type="stmt"/>
      <line num="351" count="1" type="stmt"/>
      <line num="352" count="1" type="stmt"/>
      <line num="353" count="1" type="stmt"/>
      <line num="354" count="1" type="stmt"/>
      <line num="355" count="1" type="stmt"/>
      <line num="356" count="1" type="stmt"/>
      <line num="357" count="1" type="stmt"/>
      <line num="358" count="1" type="stmt"/>
      <line num="359" count="1" type="stmt"/>
      <line num="360" count="1" type="stmt"/>
      <line num="379" count="1" type="stmt"/>
      <line num="380" count="1" type="stmt"/>
      <line num="381" count="1" type="stmt"/>
      <line num="382" count="1" type="stmt"/>
      <line num="385" count="1" type="stmt"/>
      <line num="386" count="1" type="stmt"/>
      <line num="387" count="1" type="stmt"/>
      <line num="388" count="1" type="stmt"/>
      <line num="389" count="1" type="stmt"/>
      <line num="390" count="1" type="stmt"/>
      <line num="391" count="1" type="stmt"/>
      <line num="392" count="1" type="stmt"/>
      <line num="393" count="1" type="stmt"/>
      <line num="394" count="1" type="stmt"/>
      <line num="395" count="1" type="stmt"/>
      <line num="396" count="1" type="stmt"/>
      <line num="397" count="1" type="stmt"/>
      <line num="412" count="1" type="stmt"/>
      <line num="413" count="1" type="stmt"/>
      <line num="414" count="1" type="stmt"/>
      <line num="415" count="1" type="stmt"/>
      <line num="417" count="1" type="stmt"/>
      <line num="418" count="1" type="stmt"/>
      <line num="419" count="1" type="stmt"/>
      <line num="420" count="1" type="stmt"/>
      <line num="421" count="1" type="stmt"/>
      <line num="422" count="1" type="stmt"/>
      <line num="423" count="1" type="stmt"/>
      <line num="424" count="1" type="stmt"/>
      <line num="425" count="1" type="stmt"/>
      <line num="426" count="1" type="stmt"/>
      <line num="427" count="1" type="stmt"/>
      <line num="428" count="1" type="stmt"/>
      <line num="429" count="1" type="stmt"/>
      <line num="445" count="1" type="stmt"/>
      <line num="446" count="1" type="stmt"/>
      <line num="447" count="1" type="stmt"/>
      <line num="448" count="1" type="stmt"/>
      <line num="450" count="1" type="stmt"/>
      <line num="451" count="1" type="stmt"/>
      <line num="452" count="1" type="stmt"/>
      <line num="453" count="1" type="stmt"/>
      <line num="454" count="1" type="stmt"/>
      <line num="455" count="1" type="stmt"/>
      <line num="456" count="1" type="stmt"/>
      <line num="457" count="1" type="stmt"/>
      <line num="458" count="1" type="stmt"/>
      <line num="459" count="1" type="stmt"/>
      <line num="460" count="1" type="stmt"/>
      <line num="461" count="1" type="stmt"/>
      <line num="462" count="1" type="stmt"/>
      <line num="475" count="1" type="stmt"/>
      <line num="476" count="1" type="stmt"/>
      <line num="477" count="1" type="stmt"/>
      <line num="478" count="1" type="stmt"/>
      <line num="480" count="1" type="stmt"/>
      <line num="481" count="1" type="stmt"/>
      <line num="482" count="1" type="stmt"/>
      <line num="483" count="1" type="stmt"/>
      <line num="484" count="1" type="stmt"/>
      <line num="485" count="1" type="stmt"/>
      <line num="486" count="1" type="stmt"/>
      <line num="487" count="1" type="stmt"/>
      <line num="488" count="1" type="stmt"/>
      <line num="489" count="1" type="stmt"/>
      <line num="490" count="1" type="stmt"/>
      <line num="491" count="1" type="stmt"/>
      <line num="492" count="1" type="stmt"/>
      <line num="524" count="1" type="stmt"/>
      <line num="525" count="1" type="stmt"/>
      <line num="526" count="1" type="stmt"/>
      <line num="527" count="1" type="stmt"/>
      <line num="530" count="1" type="stmt"/>
      <line num="531" count="1" type="stmt"/>
      <line num="532" count="1" type="stmt"/>
      <line num="533" count="1" type="stmt"/>
      <line num="534" count="1" type="stmt"/>
      <line num="535" count="1" type="stmt"/>
      <line num="536" count="1" type="stmt"/>
      <line num="537" count="1" type="stmt"/>
      <line num="538" count="1" type="stmt"/>
      <line num="539" count="1" type="stmt"/>
      <line num="540" count="1" type="stmt"/>
      <line num="541" count="1" type="stmt"/>
      <line num="542" count="1" type="stmt"/>
      <line num="557" count="1" type="stmt"/>
      <line num="558" count="1" type="stmt"/>
      <line num="559" count="1" type="stmt"/>
      <line num="560" count="1" type="stmt"/>
      <line num="563" count="1" type="stmt"/>
      <line num="564" count="1" type="stmt"/>
      <line num="565" count="1" type="stmt"/>
      <line num="566" count="1" type="stmt"/>
      <line num="567" count="1" type="stmt"/>
      <line num="568" count="1" type="stmt"/>
      <line num="569" count="1" type="stmt"/>
      <line num="570" count="1" type="stmt"/>
      <line num="571" count="1" type="stmt"/>
      <line num="572" count="1" type="stmt"/>
      <line num="573" count="1" type="stmt"/>
      <line num="574" count="1" type="stmt"/>
      <line num="575" count="1" type="stmt"/>
      <line num="592" count="1" type="stmt"/>
      <line num="593" count="1" type="stmt"/>
      <line num="594" count="1" type="stmt"/>
      <line num="595" count="1" type="stmt"/>
      <line num="598" count="1" type="stmt"/>
      <line num="599" count="1" type="stmt"/>
      <line num="600" count="1" type="stmt"/>
      <line num="601" count="1" type="stmt"/>
      <line num="602" count="1" type="stmt"/>
      <line num="603" count="1" type="stmt"/>
      <line num="604" count="1" type="stmt"/>
      <line num="605" count="1" type="stmt"/>
      <line num="606" count="1" type="stmt"/>
      <line num="607" count="1" type="stmt"/>
      <line num="608" count="1" type="stmt"/>
      <line num="609" count="1" type="stmt"/>
      <line num="610" count="1" type="stmt"/>
      <line num="631" count="1" type="stmt"/>
      <line num="632" count="1" type="stmt"/>
      <line num="633" count="1" type="stmt"/>
      <line num="634" count="1" type="stmt"/>
      <line num="637" count="1" type="stmt"/>
      <line num="638" count="1" type="stmt"/>
      <line num="639" count="1" type="stmt"/>
      <line num="640" count="1" type="stmt"/>
      <line num="641" count="1" type="stmt"/>
      <line num="642" count="1" type="stmt"/>
      <line num="643" count="1" type="stmt"/>
      <line num="644" count="1" type="stmt"/>
      <line num="645" count="1" type="stmt"/>
      <line num="646" count="1" type="stmt"/>
      <line num="647" count="1" type="stmt"/>
      <line num="648" count="1" type="stmt"/>
      <line num="649" count="1" type="stmt"/>
      <line num="672" count="1" type="stmt"/>
      <line num="674" count="1" type="stmt"/>
      <line num="675" count="1" type="stmt"/>
      <line num="676" count="1" type="stmt"/>
      <line num="679" count="1" type="stmt"/>
      <line num="680" count="1" type="stmt"/>
      <line num="681" count="1" type="stmt"/>
      <line num="682" count="1" type="stmt"/>
      <line num="683" count="1" type="stmt"/>
      <line num="684" count="1" type="stmt"/>
      <line num="685" count="1" type="stmt"/>
      <line num="686" count="1" type="stmt"/>
      <line num="687" count="1" type="stmt"/>
      <line num="688" count="1" type="stmt"/>
      <line num="689" count="1" type="stmt"/>
      <line num="690" count="1" type="stmt"/>
      <line num="691" count="1" type="stmt"/>
      <line num="704" count="1" type="stmt"/>
      <line num="705" count="1" type="stmt"/>
      <line num="706" count="1" type="stmt"/>
      <line num="707" count="1" type="stmt"/>
      <line num="711" count="1" type="stmt"/>
      <line num="712" count="1" type="stmt"/>
      <line num="713" count="1" type="stmt"/>
      <line num="714" count="1" type="stmt"/>
      <line num="715" count="1" type="stmt"/>
      <line num="716" count="1" type="stmt"/>
      <line num="717" count="1" type="stmt"/>
      <line num="718" count="1" type="stmt"/>
      <line num="719" count="1" type="stmt"/>
      <line num="720" count="1" type="stmt"/>
      <line num="721" count="1" type="stmt"/>
      <line num="722" count="1" type="stmt"/>
      <line num="723" count="1" type="stmt"/>
      <line num="734" count="1" type="stmt"/>
      <line num="735" count="1" type="stmt"/>
      <line num="736" count="1" type="stmt"/>
      <line num="737" count="1" type="stmt"/>
      <line num="740" count="1" type="stmt"/>
      <line num="741" count="1" type="stmt"/>
      <line num="742" count="1" type="stmt"/>
      <line num="743" count="1" type="stmt"/>
      <line num="744" count="1" type="stmt"/>
      <line num="745" count="1" type="stmt"/>
      <line num="746" count="1" type="stmt"/>
      <line num="747" count="1" type="stmt"/>
      <line num="748" count="1" type="stmt"/>
      <line num="749" count="1" type="stmt"/>
      <line num="750" count="1" type="stmt"/>
      <line num="751" count="1" type="stmt"/>
      <line num="752" count="1" type="stmt"/>
      <line num="753" count="1" type="stmt"/>
      <line num="770" count="1" type="stmt"/>
      <line num="771" count="1" type="stmt"/>
      <line num="772" count="1" type="stmt"/>
      <line num="773" count="1" type="stmt"/>
      <line num="776" count="1" type="stmt"/>
      <line num="777" count="1" type="stmt"/>
      <line num="778" count="1" type="stmt"/>
      <line num="779" count="1" type="stmt"/>
      <line num="780" count="1" type="stmt"/>
      <line num="781" count="1" type="stmt"/>
      <line num="782" count="1" type="stmt"/>
      <line num="783" count="1" type="stmt"/>
      <line num="784" count="1" type="stmt"/>
      <line num="785" count="1" type="stmt"/>
      <line num="786" count="1" type="stmt"/>
      <line num="787" count="1" type="stmt"/>
      <line num="788" count="1" type="stmt"/>
      <line num="789" count="1" type="stmt"/>
      <line num="794" count="1" type="stmt"/>
      <line num="795" count="1" type="stmt"/>
      <line num="796" count="1" type="stmt"/>
      <line num="797" count="1" type="stmt"/>
      <line num="800" count="1" type="stmt"/>
      <line num="801" count="1" type="stmt"/>
      <line num="802" count="1" type="stmt"/>
      <line num="803" count="1" type="stmt"/>
      <line num="804" count="1" type="stmt"/>
      <line num="805" count="1" type="stmt"/>
      <line num="806" count="1" type="stmt"/>
      <line num="807" count="1" type="stmt"/>
      <line num="808" count="1" type="stmt"/>
      <line num="809" count="1" type="stmt"/>
      <line num="810" count="1" type="stmt"/>
      <line num="811" count="1" type="stmt"/>
      <line num="812" count="1" type="stmt"/>
      <line num="813" count="1" type="stmt"/>
      <line num="826" count="1" type="stmt"/>
      <line num="827" count="1" type="stmt"/>
      <line num="828" count="1" type="stmt"/>
      <line num="829" count="1" type="stmt"/>
      <line num="832" count="1" type="stmt"/>
      <line num="833" count="1" type="stmt"/>
      <line num="834" count="1" type="stmt"/>
      <line num="835" count="1" type="stmt"/>
      <line num="836" count="1" type="stmt"/>
      <line num="837" count="1" type="stmt"/>
      <line num="838" count="1" type="stmt"/>
      <line num="839" count="1" type="stmt"/>
      <line num="840" count="1" type="stmt"/>
      <line num="841" count="1" type="stmt"/>
      <line num="842" count="1" type="stmt"/>
      <line num="843" count="1" type="stmt"/>
      <line num="844" count="1" type="stmt"/>
      <line num="845" count="1" type="stmt"/>
      <line num="857" count="1" type="stmt"/>
      <line num="858" count="1" type="stmt"/>
      <line num="859" count="1" type="stmt"/>
      <line num="860" count="1" type="stmt"/>
      <line num="863" count="1" type="stmt"/>
      <line num="864" count="1" type="stmt"/>
      <line num="865" count="1" type="stmt"/>
      <line num="866" count="1" type="stmt"/>
      <line num="867" count="1" type="stmt"/>
      <line num="868" count="1" type="stmt"/>
      <line num="869" count="1" type="stmt"/>
      <line num="870" count="1" type="stmt"/>
      <line num="871" count="1" type="stmt"/>
      <line num="872" count="1" type="stmt"/>
      <line num="873" count="1" type="stmt"/>
      <line num="874" count="1" type="stmt"/>
      <line num="875" count="1" type="stmt"/>
      <line num="876" count="1" type="stmt"/>
      <line num="908" count="1" type="stmt"/>
      <line num="909" count="1" type="stmt"/>
      <line num="910" count="1" type="stmt"/>
      <line num="911" count="1" type="stmt"/>
      <line num="914" count="1" type="stmt"/>
      <line num="915" count="1" type="stmt"/>
      <line num="916" count="1" type="stmt"/>
      <line num="917" count="1" type="stmt"/>
      <line num="918" count="1" type="stmt"/>
      <line num="919" count="1" type="stmt"/>
      <line num="920" count="1" type="stmt"/>
      <line num="921" count="1" type="stmt"/>
      <line num="922" count="1" type="stmt"/>
      <line num="923" count="1" type="stmt"/>
      <line num="924" count="1" type="stmt"/>
      <line num="925" count="1" type="stmt"/>
      <line num="926" count="1" type="stmt"/>
      <line num="934" count="1" type="stmt"/>
      <line num="935" count="1" type="stmt"/>
      <line num="936" count="1" type="stmt"/>
      <line num="937" count="1" type="stmt"/>
      <line num="940" count="1" type="stmt"/>
      <line num="941" count="1" type="stmt"/>
      <line num="942" count="1" type="stmt"/>
      <line num="943" count="1" type="stmt"/>
      <line num="944" count="1" type="stmt"/>
      <line num="945" count="1" type="stmt"/>
      <line num="946" count="1" type="stmt"/>
      <line num="947" count="1" type="stmt"/>
      <line num="948" count="1" type="stmt"/>
      <line num="949" count="1" type="stmt"/>
      <line num="950" count="1" type="stmt"/>
      <line num="951" count="1" type="stmt"/>
      <line num="952" count="1" type="stmt"/>
      <line num="953" count="1" type="stmt"/>
      <line num="954" count="1" type="stmt"/>
      <line num="955" count="1" type="stmt"/>
      <line num="956" count="1" type="stmt"/>
      <line num="959" count="1" type="stmt"/>
      <line num="960" count="1" type="stmt"/>
      <line num="961" count="1" type="stmt"/>
      <line num="962" count="1" type="stmt"/>
      <line num="963" count="1" type="stmt"/>
      <line num="964" count="1" type="stmt"/>
      <line num="965" count="1" type="stmt"/>
      <line num="966" count="1" type="stmt"/>
      <line num="967" count="1" type="stmt"/>
      <line num="968" count="1" type="stmt"/>
      <line num="969" count="1" type="stmt"/>
      <line num="970" count="1" type="stmt"/>
      <line num="971" count="1" type="stmt"/>
      <line num="989" count="1" type="stmt"/>
      <line num="991" count="1" type="stmt"/>
      <line num="992" count="1" type="stmt"/>
      <line num="993" count="1" type="stmt"/>
      <line num="996" count="1" type="stmt"/>
      <line num="997" count="1" type="stmt"/>
      <line num="998" count="1" type="stmt"/>
      <line num="999" count="1" type="stmt"/>
      <line num="1000" count="1" type="stmt"/>
      <line num="1001" count="1" type="stmt"/>
      <line num="1002" count="1" type="stmt"/>
      <line num="1003" count="1" type="stmt"/>
      <line num="1004" count="1" type="stmt"/>
      <line num="1005" count="1" type="stmt"/>
      <line num="1006" count="1" type="stmt"/>
      <line num="1007" count="1" type="stmt"/>
      <line num="1008" count="1" type="stmt"/>
      <line num="1026" count="1" type="stmt"/>
      <line num="1028" count="1" type="stmt"/>
      <line num="1029" count="1" type="stmt"/>
      <line num="1030" count="1" type="stmt"/>
      <line num="1033" count="1" type="stmt"/>
      <line num="1034" count="1" type="stmt"/>
      <line num="1035" count="1" type="stmt"/>
      <line num="1036" count="1" type="stmt"/>
      <line num="1037" count="1" type="stmt"/>
      <line num="1038" count="1" type="stmt"/>
      <line num="1039" count="1" type="stmt"/>
      <line num="1040" count="1" type="stmt"/>
      <line num="1041" count="1" type="stmt"/>
      <line num="1042" count="1" type="stmt"/>
      <line num="1043" count="1" type="stmt"/>
      <line num="1044" count="1" type="stmt"/>
      <line num="1045" count="1" type="stmt"/>
      <line num="1046" count="1" type="stmt"/>
      <line num="1049" count="1" type="stmt"/>
      <line num="1051" count="1" type="stmt"/>
      <line num="1052" count="1" type="stmt"/>
      <line num="1053" count="1" type="stmt"/>
      <line num="1056" count="1" type="stmt"/>
      <line num="1057" count="1" type="stmt"/>
      <line num="1058" count="1" type="stmt"/>
      <line num="1059" count="1" type="stmt"/>
      <line num="1060" count="1" type="stmt"/>
      <line num="1061" count="1" type="stmt"/>
      <line num="1062" count="1" type="stmt"/>
      <line num="1063" count="1" type="stmt"/>
      <line num="1064" count="1" type="stmt"/>
      <line num="1065" count="1" type="stmt"/>
      <line num="1066" count="1" type="stmt"/>
      <line num="1067" count="1" type="stmt"/>
      <line num="1068" count="1" type="stmt"/>
      <line num="1069" count="1" type="stmt"/>
      <line num="1074" count="1" type="stmt"/>
      <line num="1075" count="1" type="stmt"/>
      <line num="1076" count="1" type="stmt"/>
      <line num="1077" count="1" type="stmt"/>
      <line num="1080" count="1" type="stmt"/>
      <line num="1081" count="1" type="stmt"/>
      <line num="1082" count="1" type="stmt"/>
      <line num="1083" count="1" type="stmt"/>
      <line num="1084" count="1" type="stmt"/>
      <line num="1085" count="1" type="stmt"/>
      <line num="1086" count="1" type="stmt"/>
      <line num="1087" count="1" type="stmt"/>
      <line num="1088" count="1" type="stmt"/>
      <line num="1089" count="1" type="stmt"/>
      <line num="1090" count="1" type="stmt"/>
      <line num="1091" count="1" type="stmt"/>
      <line num="1094" count="1" type="stmt"/>
      <line num="1095" count="1" type="stmt"/>
      <line num="1096" count="1" type="stmt"/>
      <line num="1097" count="1" type="stmt"/>
      <line num="1100" count="1" type="stmt"/>
      <line num="1101" count="1" type="stmt"/>
      <line num="1102" count="1" type="stmt"/>
      <line num="1103" count="1" type="stmt"/>
      <line num="1104" count="1" type="stmt"/>
      <line num="1105" count="1" type="stmt"/>
      <line num="1106" count="1" type="stmt"/>
      <line num="1107" count="1" type="stmt"/>
      <line num="1108" count="1" type="stmt"/>
      <line num="1109" count="1" type="stmt"/>
      <line num="1110" count="1" type="stmt"/>
      <line num="1111" count="1" type="stmt"/>
      <line num="1112" count="1" type="stmt"/>
      <line num="1113" count="1" type="stmt"/>
      <line num="1116" count="1" type="stmt"/>
      <line num="1121" count="1" type="stmt"/>
      <line num="1123" count="1" type="stmt"/>
      <line num="1124" count="1" type="stmt"/>
      <line num="1125" count="1" type="stmt"/>
      <line num="1128" count="1" type="stmt"/>
      <line num="1129" count="1" type="stmt"/>
      <line num="1130" count="1" type="stmt"/>
      <line num="1131" count="1" type="stmt"/>
      <line num="1132" count="1" type="stmt"/>
      <line num="1133" count="1" type="stmt"/>
      <line num="1134" count="1" type="stmt"/>
      <line num="1135" count="1" type="stmt"/>
      <line num="1136" count="1" type="stmt"/>
      <line num="1137" count="1" type="stmt"/>
      <line num="1138" count="1" type="stmt"/>
      <line num="1139" count="1" type="stmt"/>
      <line num="1140" count="1" type="stmt"/>
      <line num="1149" count="1" type="stmt"/>
      <line num="1151" count="1" type="stmt"/>
      <line num="1152" count="1" type="stmt"/>
      <line num="1153" count="1" type="stmt"/>
      <line num="1154" count="1" type="stmt"/>
      <line num="1156" count="1" type="stmt"/>
      <line num="1157" count="1" type="stmt"/>
      <line num="1158" count="1" type="stmt"/>
      <line num="1159" count="1" type="stmt"/>
      <line num="1160" count="1" type="stmt"/>
      <line num="1161" count="1" type="stmt"/>
      <line num="1162" count="1" type="stmt"/>
      <line num="1163" count="1" type="stmt"/>
      <line num="1164" count="1" type="stmt"/>
      <line num="1165" count="1" type="stmt"/>
      <line num="1166" count="1" type="stmt"/>
      <line num="1167" count="1" type="stmt"/>
      <line num="1168" count="1" type="stmt"/>
      <line num="1178" count="1" type="stmt"/>
      <line num="1179" count="1" type="stmt"/>
      <line num="1180" count="1" type="stmt"/>
      <line num="1181" count="1" type="stmt"/>
      <line num="1183" count="1" type="stmt"/>
      <line num="1184" count="1" type="stmt"/>
      <line num="1185" count="1" type="stmt"/>
      <line num="1186" count="1" type="stmt"/>
      <line num="1187" count="1" type="stmt"/>
      <line num="1188" count="1" type="stmt"/>
      <line num="1189" count="1" type="stmt"/>
      <line num="1190" count="1" type="stmt"/>
      <line num="1191" count="1" type="stmt"/>
      <line num="1192" count="1" type="stmt"/>
      <line num="1193" count="1" type="stmt"/>
      <line num="1194" count="1" type="stmt"/>
      <line num="1195" count="1" type="stmt"/>
      <line num="1196" count="1" type="stmt"/>
      <line num="1198" count="1" type="stmt"/>
      <line num="1199" count="1" type="stmt"/>
      <line num="1200" count="1" type="stmt"/>
      <line num="1202" count="1" type="stmt"/>
      <line num="1203" count="1" type="stmt"/>
      <line num="1204" count="1" type="stmt"/>
      <line num="1205" count="1" type="stmt"/>
      <line num="1206" count="1" type="stmt"/>
      <line num="1207" count="1" type="stmt"/>
      <line num="1208" count="1" type="stmt"/>
      <line num="1209" count="1" type="stmt"/>
      <line num="1210" count="1" type="stmt"/>
      <line num="1211" count="1" type="stmt"/>
      <line num="1212" count="1" type="stmt"/>
      <line num="1213" count="1" type="stmt"/>
      <line num="1214" count="1" type="stmt"/>
      <line num="1221" count="1" type="stmt"/>
      <line num="1222" count="1" type="stmt"/>
      <line num="1223" count="1" type="stmt"/>
      <line num="1224" count="1" type="stmt"/>
      <line num="1226" count="1" type="stmt"/>
      <line num="1227" count="1" type="stmt"/>
      <line num="1228" count="1" type="stmt"/>
      <line num="1229" count="1" type="stmt"/>
      <line num="1230" count="1" type="stmt"/>
      <line num="1231" count="1" type="stmt"/>
      <line num="1232" count="1" type="stmt"/>
      <line num="1233" count="1" type="stmt"/>
      <line num="1234" count="1" type="stmt"/>
      <line num="1235" count="1" type="stmt"/>
      <line num="1236" count="1" type="stmt"/>
      <line num="1237" count="1" type="stmt"/>
      <line num="1238" count="1" type="stmt"/>
      <line num="1253" count="1" type="stmt"/>
      <line num="1254" count="1" type="stmt"/>
      <line num="1255" count="1" type="stmt"/>
      <line num="1256" count="1" type="stmt"/>
      <line num="1259" count="1" type="stmt"/>
      <line num="1260" count="1" type="stmt"/>
      <line num="1261" count="1" type="stmt"/>
      <line num="1262" count="1" type="stmt"/>
      <line num="1263" count="1" type="stmt"/>
      <line num="1264" count="1" type="stmt"/>
      <line num="1265" count="1" type="stmt"/>
      <line num="1266" count="1" type="stmt"/>
      <line num="1267" count="1" type="stmt"/>
      <line num="1268" count="1" type="stmt"/>
      <line num="1269" count="1" type="stmt"/>
      <line num="1270" count="1" type="stmt"/>
      <line num="1271" count="1" type="stmt"/>
      <line num="1272" count="1" type="stmt"/>
      <line num="1274" count="1" type="stmt"/>
      <line num="1275" count="1" type="stmt"/>
      <line num="1276" count="1" type="stmt"/>
      <line num="1278" count="1" type="stmt"/>
      <line num="1279" count="1" type="stmt"/>
      <line num="1280" count="1" type="stmt"/>
      <line num="1281" count="1" type="stmt"/>
      <line num="1282" count="1" type="stmt"/>
      <line num="1283" count="1" type="stmt"/>
      <line num="1284" count="1" type="stmt"/>
      <line num="1285" count="1" type="stmt"/>
      <line num="1286" count="1" type="stmt"/>
      <line num="1287" count="1" type="stmt"/>
      <line num="1288" count="1" type="stmt"/>
      <line num="1289" count="1" type="stmt"/>
      <line num="1290" count="1" type="stmt"/>
      <line num="1293" count="1" type="stmt"/>
      <line num="1295" count="1" type="stmt"/>
      <line num="1296" count="1" type="stmt"/>
      <line num="1297" count="1" type="stmt"/>
      <line num="1299" count="1" type="stmt"/>
      <line num="1300" count="1" type="stmt"/>
      <line num="1301" count="1" type="stmt"/>
      <line num="1302" count="1" type="stmt"/>
      <line num="1303" count="1" type="stmt"/>
      <line num="1304" count="1" type="stmt"/>
      <line num="1305" count="1" type="stmt"/>
      <line num="1306" count="1" type="stmt"/>
      <line num="1307" count="1" type="stmt"/>
      <line num="1308" count="1" type="stmt"/>
      <line num="1309" count="1" type="stmt"/>
      <line num="1310" count="1" type="stmt"/>
      <line num="1311" count="1" type="stmt"/>
      <line num="1312" count="1" type="stmt"/>
      <line num="1314" count="1" type="stmt"/>
      <line num="1315" count="1" type="stmt"/>
      <line num="1317" count="1" type="stmt"/>
      <line num="1318" count="1" type="stmt"/>
      <line num="1319" count="1" type="stmt"/>
      <line num="1320" count="1" type="stmt"/>
      <line num="1321" count="1" type="stmt"/>
      <line num="1322" count="1" type="stmt"/>
      <line num="1323" count="1" type="stmt"/>
      <line num="1324" count="1" type="stmt"/>
      <line num="1325" count="1" type="stmt"/>
      <line num="1326" count="1" type="stmt"/>
      <line num="1327" count="1" type="stmt"/>
      <line num="1328" count="1" type="stmt"/>
      <line num="1329" count="1" type="stmt"/>
      <line num="1330" count="1" type="stmt"/>
      <line num="1433" count="1" type="stmt"/>
      <line num="1434" count="1" type="stmt"/>
      <line num="1437" count="1" type="stmt"/>
      <line num="1438" count="1" type="stmt"/>
      <line num="1439" count="1" type="stmt"/>
      <line num="1440" count="1" type="stmt"/>
      <line num="1441" count="1" type="stmt"/>
      <line num="1442" count="1" type="stmt"/>
      <line num="1443" count="1" type="stmt"/>
      <line num="1444" count="1" type="stmt"/>
      <line num="1445" count="1" type="stmt"/>
      <line num="1446" count="1" type="stmt"/>
      <line num="1447" count="1" type="stmt"/>
      <line num="1448" count="1" type="stmt"/>
      <line num="1449" count="1" type="stmt"/>
      <line num="1450" count="1" type="stmt"/>
      <line num="1452" count="1" type="stmt"/>
      <line num="1453" count="1" type="stmt"/>
      <line num="1455" count="1" type="stmt"/>
      <line num="1456" count="1" type="stmt"/>
      <line num="1457" count="1" type="stmt"/>
      <line num="1458" count="1" type="stmt"/>
      <line num="1459" count="1" type="stmt"/>
      <line num="1460" count="1" type="stmt"/>
      <line num="1461" count="1" type="stmt"/>
      <line num="1462" count="1" type="stmt"/>
      <line num="1463" count="1" type="stmt"/>
      <line num="1464" count="1" type="stmt"/>
      <line num="1465" count="1" type="stmt"/>
      <line num="1466" count="1" type="stmt"/>
      <line num="1467" count="1" type="stmt"/>
      <line num="1468" count="1" type="stmt"/>
      <line num="1469" count="1" type="stmt"/>
      <line num="1472" count="1" type="stmt"/>
      <line num="1473" count="1" type="stmt"/>
      <line num="1474" count="1" type="stmt"/>
      <line num="1475" count="1" type="stmt"/>
      <line num="1476" count="1" type="stmt"/>
      <line num="1477" count="1" type="stmt"/>
      <line num="1478" count="1" type="stmt"/>
      <line num="1479" count="1" type="stmt"/>
      <line num="1480" count="1" type="stmt"/>
      <line num="1481" count="1" type="stmt"/>
      <line num="1482" count="1" type="stmt"/>
      <line num="1483" count="1" type="stmt"/>
      <line num="1484" count="1" type="stmt"/>
      <line num="1485" count="1" type="stmt"/>
      <line num="1489" count="1" type="stmt"/>
      <line num="1490" count="1" type="stmt"/>
      <line num="1492" count="1" type="stmt"/>
      <line num="1493" count="1" type="stmt"/>
      <line num="1494" count="1" type="stmt"/>
      <line num="1495" count="1" type="stmt"/>
      <line num="1496" count="1" type="stmt"/>
      <line num="1497" count="1" type="stmt"/>
      <line num="1498" count="1" type="stmt"/>
      <line num="1499" count="1" type="stmt"/>
      <line num="1500" count="1" type="stmt"/>
      <line num="1501" count="1" type="stmt"/>
      <line num="1502" count="1" type="stmt"/>
      <line num="1503" count="1" type="stmt"/>
      <line num="1504" count="1" type="stmt"/>
      <line num="1505" count="1" type="stmt"/>
      <line num="1523" count="1" type="stmt"/>
      <line num="1525" count="1" type="stmt"/>
      <line num="1527" count="1" type="stmt"/>
      <line num="1528" count="1" type="stmt"/>
      <line num="1529" count="1" type="stmt"/>
      <line num="1530" count="1" type="stmt"/>
      <line num="1531" count="1" type="stmt"/>
      <line num="1532" count="1" type="stmt"/>
      <line num="1533" count="1" type="stmt"/>
      <line num="1534" count="1" type="stmt"/>
      <line num="1535" count="1" type="stmt"/>
      <line num="1536" count="1" type="stmt"/>
      <line num="1537" count="1" type="stmt"/>
      <line num="1538" count="1" type="stmt"/>
      <line num="1571" count="1" type="stmt"/>
      <line num="1572" count="1" type="stmt"/>
      <line num="1574" count="1" type="stmt"/>
      <line num="1575" count="1" type="stmt"/>
      <line num="1576" count="1" type="stmt"/>
      <line num="1577" count="1" type="stmt"/>
      <line num="1578" count="1" type="stmt"/>
      <line num="1579" count="1" type="stmt"/>
      <line num="1580" count="1" type="stmt"/>
      <line num="1581" count="1" type="stmt"/>
      <line num="1582" count="1" type="stmt"/>
      <line num="1583" count="1" type="stmt"/>
      <line num="1584" count="1" type="stmt"/>
      <line num="1585" count="1" type="stmt"/>
      <line num="1586" count="1" type="stmt"/>
      <line num="1587" count="1" type="stmt"/>
      <line num="1588" count="1" type="stmt"/>
      <line num="1590" count="1" type="stmt"/>
      <line num="1592" count="1" type="stmt"/>
      <line num="1593" count="1" type="stmt"/>
      <line num="1594" count="1" type="stmt"/>
      <line num="1595" count="1" type="stmt"/>
      <line num="1596" count="1" type="stmt"/>
      <line num="1597" count="1" type="stmt"/>
      <line num="1598" count="1" type="stmt"/>
      <line num="1599" count="1" type="stmt"/>
      <line num="1600" count="1" type="stmt"/>
      <line num="1601" count="1" type="stmt"/>
      <line num="1602" count="1" type="stmt"/>
      <line num="1603" count="1" type="stmt"/>
      <line num="1609" count="1" type="stmt"/>
      <line num="1610" count="1" type="stmt"/>
      <line num="1612" count="1" type="stmt"/>
      <line num="1613" count="1" type="stmt"/>
      <line num="1614" count="1" type="stmt"/>
      <line num="1615" count="1" type="stmt"/>
      <line num="1616" count="1" type="stmt"/>
      <line num="1617" count="1" type="stmt"/>
      <line num="1618" count="1" type="stmt"/>
      <line num="1619" count="1" type="stmt"/>
      <line num="1620" count="1" type="stmt"/>
      <line num="1621" count="1" type="stmt"/>
      <line num="1622" count="1" type="stmt"/>
      <line num="1623" count="1" type="stmt"/>
      <line num="1624" count="1" type="stmt"/>
      <line num="1625" count="1" type="stmt"/>
      <line num="1630" count="1" type="stmt"/>
      <line num="1632" count="1" type="stmt"/>
      <line num="1635" count="1" type="stmt"/>
      <line num="1639" count="8" type="cond" truecount="0" falsecount="1"/>
      <line num="1640" count="51" type="stmt"/>
      <line num="1641" count="51" type="stmt"/>
      <line num="1642" count="51" type="stmt"/>
      <line num="1643" count="51" type="stmt"/>
      <line num="1644" count="51" type="stmt"/>
      <line num="1645" count="51" type="stmt"/>
      <line num="1646" count="51" type="stmt"/>
      <line num="1647" count="51" type="stmt"/>
      <line num="1653" count="8" type="stmt"/>
      <line num="1654" count="82" type="stmt"/>
      <line num="1655" count="82" type="stmt"/>
      <line num="1657" count="82" type="stmt"/>
      <line num="1658" count="82" type="stmt"/>
      <line num="1659" count="82" type="stmt"/>
      <line num="1662" count="8" type="cond" truecount="2" falsecount="0"/>
      <line num="1663" count="16" type="stmt"/>
      <line num="1664" count="16" type="stmt"/>
      <line num="1665" count="16" type="stmt"/>
      <line num="1681" count="16" type="stmt"/>
      <line num="1683" count="8" type="stmt"/>
      <line num="1685" count="1" type="stmt"/>
      <line num="1687" count="1" type="stmt"/>
      <line num="1690" count="1" type="stmt"/>
      <line num="1692" count="1" type="stmt"/>
      <line num="1698" count="1" type="stmt"/>
      <line num="1700" count="1" type="stmt"/>
      <line num="1706" count="1" type="stmt"/>
      <line num="1708" count="1" type="stmt"/>
      <line num="1711" count="1" type="stmt"/>
      <line num="1713" count="1" type="stmt"/>
      <line num="1717" count="1" type="stmt"/>
      <line num="1719" count="1" type="stmt"/>
      <line num="1724" count="1" type="stmt"/>
      <line num="1726" count="1" type="stmt"/>
      <line num="1730" count="1" type="stmt"/>
      <line num="1732" count="1" type="stmt"/>
      <line num="1737" count="1" type="stmt"/>
      <line num="1739" count="1" type="stmt"/>
      <line num="1741" count="1" type="stmt"/>
      <line num="1744" count="1" type="stmt"/>
      <line num="1746" count="1" type="stmt"/>
      <line num="1750" count="1" type="stmt"/>
      <line num="1752" count="1" type="stmt"/>
      <line num="1756" count="1" type="stmt"/>
      <line num="1758" count="1" type="stmt"/>
      <line num="1766" count="1" type="stmt"/>
      <line num="1768" count="1" type="stmt"/>
      <line num="1773" count="1" type="stmt"/>
      <line num="1775" count="1" type="stmt"/>
      <line num="1779" count="1" type="stmt"/>
      <line num="1781" count="1" type="stmt"/>
      <line num="1786" count="1" type="stmt"/>
      <line num="1788" count="1" type="stmt"/>
      <line num="1791" count="1" type="stmt"/>
      <line num="1801" count="8" type="stmt"/>
    </file>
    <file name="FileNames.js" path="D:\Users\Fabio\Documents\Polito\Software Engineering II\HikeTracker\server\modules\FileNames.js">
      <metrics statements="37" coveredstatements="33" conditionals="10" coveredconditionals="6" methods="17" coveredmethods="17"/>
      <line num="3" count="2" type="stmt"/>
      <line num="6" count="8" type="stmt"/>
      <line num="7" count="8" type="stmt"/>
      <line num="15" count="4" type="stmt"/>
      <line num="16" count="4" type="stmt"/>
      <line num="17" count="4" type="stmt"/>
      <line num="19" count="4" type="cond" truecount="1" falsecount="1"/>
      <line num="20" count="0" type="stmt"/>
      <line num="22" count="4" type="stmt"/>
      <line num="24" count="4" type="stmt"/>
      <line num="31" count="10" type="stmt"/>
      <line num="32" count="10" type="stmt"/>
      <line num="33" count="10" type="stmt"/>
      <line num="34" count="10" type="cond" truecount="1" falsecount="1"/>
      <line num="36" count="0" type="stmt"/>
      <line num="39" count="10" type="stmt"/>
      <line num="40" count="10" type="stmt"/>
      <line num="41" count="8" type="stmt"/>
      <line num="44" count="10" type="stmt"/>
      <line num="50" count="11" type="stmt"/>
      <line num="51" count="11" type="stmt"/>
      <line num="52" count="11" type="stmt"/>
      <line num="53" count="11" type="cond" truecount="2" falsecount="0"/>
      <line num="54" count="1" type="stmt"/>
      <line num="56" count="10" type="stmt"/>
      <line num="63" count="1" type="stmt"/>
      <line num="64" count="1" type="stmt"/>
      <line num="65" count="1" type="stmt"/>
      <line num="66" count="1" type="cond" truecount="1" falsecount="1"/>
      <line num="67" count="0" type="stmt"/>
      <line num="69" count="1" type="stmt"/>
      <line num="75" count="14" type="stmt"/>
      <line num="76" count="14" type="stmt"/>
      <line num="77" count="14" type="cond" truecount="1" falsecount="1"/>
      <line num="78" count="0" type="stmt"/>
      <line num="80" count="14" type="stmt"/>
      <line num="85" count="2" type="stmt"/>
    </file>
    <file name="HikeLocations.js" path="D:\Users\Fabio\Documents\Polito\Software Engineering II\HikeTracker\server\modules\HikeLocations.js">
      <metrics statements="61" coveredstatements="57" conditionals="34" coveredconditionals="27" methods="16" coveredmethods="16"/>
      <line num="3" count="3" type="stmt"/>
      <line num="5" count="3" type="stmt"/>
      <line num="7" count="4" type="stmt"/>
      <line num="8" count="4" type="stmt"/>
      <line num="9" count="4" type="stmt"/>
      <line num="11" count="4" type="cond" truecount="1" falsecount="1"/>
      <line num="12" count="0" type="stmt"/>
      <line num="14" count="53" type="stmt"/>
      <line num="15" count="4" type="stmt"/>
      <line num="20" count="3" type="stmt"/>
      <line num="21" count="2" type="stmt"/>
      <line num="22" count="2" type="stmt"/>
      <line num="23" count="2" type="stmt"/>
      <line num="25" count="2" type="cond" truecount="1" falsecount="1"/>
      <line num="26" count="0" type="stmt"/>
      <line num="29" count="2" type="stmt"/>
      <line num="34" count="3" type="cond" truecount="4" falsecount="0"/>
      <line num="37" count="50" type="stmt"/>
      <line num="38" count="50" type="cond" truecount="6" falsecount="0"/>
      <line num="39" count="50" type="stmt"/>
      <line num="40" count="50" type="stmt"/>
      <line num="41" count="50" type="stmt"/>
      <line num="42" count="50" type="cond" truecount="2" falsecount="0"/>
      <line num="43" count="49" type="stmt"/>
      <line num="44" count="49" type="stmt"/>
      <line num="45" count="49" type="stmt"/>
      <line num="46" count="50" type="cond" truecount="2" falsecount="0"/>
      <line num="47" count="48" type="cond" truecount="1" falsecount="1"/>
      <line num="48" count="48" type="stmt"/>
      <line num="49" count="48" type="stmt"/>
      <line num="51" count="48" type="stmt"/>
      <line num="52" count="48" type="stmt"/>
      <line num="53" count="50" type="cond" truecount="2" falsecount="0"/>
      <line num="54" count="32" type="cond" truecount="1" falsecount="1"/>
      <line num="55" count="32" type="stmt"/>
      <line num="57" count="32" type="stmt"/>
      <line num="58" count="32" type="stmt"/>
      <line num="59" count="50" type="cond" truecount="2" falsecount="0"/>
      <line num="60" count="5" type="cond" truecount="1" falsecount="1"/>
      <line num="61" count="5" type="stmt"/>
      <line num="63" count="5" type="stmt"/>
      <line num="64" count="5" type="stmt"/>
      <line num="68" count="50" type="stmt"/>
      <line num="70" count="50" type="stmt"/>
      <line num="72" count="50" type="stmt"/>
      <line num="73" count="50" type="cond" truecount="2" falsecount="0"/>
      <line num="74" count="1" type="stmt"/>
      <line num="76" count="49" type="stmt"/>
      <line num="82" count="3" type="stmt"/>
      <line num="83" count="30" type="stmt"/>
      <line num="84" count="30" type="stmt"/>
      <line num="85" count="30" type="cond" truecount="1" falsecount="1"/>
      <line num="86" count="0" type="stmt"/>
      <line num="88" count="30" type="stmt"/>
      <line num="93" count="3" type="stmt"/>
      <line num="94" count="2" type="stmt"/>
      <line num="95" count="2" type="stmt"/>
      <line num="96" count="2" type="stmt"/>
      <line num="97" count="2" type="cond" truecount="1" falsecount="1"/>
      <line num="98" count="0" type="stmt"/>
      <line num="100" count="2" type="stmt"/>
    </file>
    <file name="HikeRefPoints.js" path="D:\Users\Fabio\Documents\Polito\Software Engineering II\HikeTracker\server\modules\HikeRefPoints.js">
      <metrics statements="46" coveredstatements="39" conditionals="14" coveredconditionals="7" methods="24" coveredmethods="23"/>
      <line num="3" count="2" type="stmt"/>
      <line num="6" count="88" type="stmt"/>
      <line num="7" count="88" type="stmt"/>
      <line num="8" count="88" type="stmt"/>
      <line num="9" count="88" type="cond" truecount="1" falsecount="1"/>
      <line num="10" count="0" type="stmt"/>
      <line num="12" count="88" type="stmt"/>
      <line num="19" count="1" type="stmt"/>
      <line num="20" count="1" type="stmt"/>
      <line num="21" count="1" type="stmt"/>
      <line num="22" count="1" type="cond" truecount="1" falsecount="1"/>
      <line num="23" count="0" type="stmt"/>
      <line num="25" count="1" type="stmt"/>
      <line num="26" count="1" type="stmt"/>
      <line num="33" count="13" type="stmt"/>
      <line num="34" count="13" type="stmt"/>
      <line num="35" count="13" type="stmt"/>
      <line num="36" count="13" type="cond" truecount="1" falsecount="1"/>
      <line num="37" count="0" type="stmt"/>
      <line num="39" count="13" type="stmt"/>
      <line num="41" count="13" type="stmt"/>
      <line num="48" count="7" type="stmt"/>
      <line num="49" count="7" type="stmt"/>
      <line num="53" count="7" type="stmt"/>
      <line num="54" count="7" type="stmt"/>
      <line num="55" count="6" type="cond" truecount="1" falsecount="1"/>
      <line num="56" count="0" type="stmt"/>
      <line num="58" count="6" type="stmt"/>
      <line num="64" count="52" type="stmt"/>
      <line num="65" count="52" type="stmt"/>
      <line num="66" count="51" type="cond" truecount="1" falsecount="1"/>
      <line num="67" count="0" type="stmt"/>
      <line num="69" count="51" type="stmt"/>
      <line num="75" count="1" type="stmt"/>
      <line num="76" count="1" type="stmt"/>
      <line num="77" count="1" type="stmt"/>
      <line num="78" count="1" type="cond" truecount="1" falsecount="1"/>
      <line num="79" count="0" type="stmt"/>
      <line num="81" count="1" type="stmt"/>
      <line num="87" count="1" type="stmt"/>
      <line num="88" count="1" type="stmt"/>
      <line num="89" count="1" type="stmt"/>
      <line num="90" count="1" type="cond" truecount="1" falsecount="1"/>
      <line num="91" count="0" type="stmt"/>
      <line num="93" count="1" type="stmt"/>
      <line num="97" count="2" type="stmt"/>
    </file>
    <file name="Hikes.js" path="D:\Users\Fabio\Documents\Polito\Software Engineering II\HikeTracker\server\modules\Hikes.js">
      <metrics statements="119" coveredstatements="105" conditionals="56" coveredconditionals="39" methods="47" coveredmethods="47"/>
      <line num="3" count="3" type="stmt"/>
      <line num="8" count="3" type="stmt"/>
      <line num="30" count="105" type="stmt"/>
      <line num="31" count="105" type="stmt"/>
      <line num="32" count="105" type="stmt"/>
      <line num="33" count="105" type="stmt"/>
      <line num="34" count="105" type="stmt"/>
      <line num="35" count="105" type="stmt"/>
      <line num="36" count="105" type="stmt"/>
      <line num="37" count="105" type="stmt"/>
      <line num="38" count="105" type="stmt"/>
      <line num="39" count="105" type="stmt"/>
      <line num="40" count="105" type="stmt"/>
      <line num="41" count="105" type="stmt"/>
      <line num="42" count="105" type="stmt"/>
      <line num="43" count="105" type="stmt"/>
      <line num="44" count="105" type="stmt"/>
      <line num="45" count="105" type="stmt"/>
      <line num="51" count="5" type="stmt"/>
      <line num="52" count="5" type="stmt"/>
      <line num="53" count="5" type="stmt"/>
      <line num="54" count="5" type="cond" truecount="1" falsecount="1"/>
      <line num="55" count="0" type="stmt"/>
      <line num="57" count="5" type="stmt"/>
      <line num="64" count="4" type="stmt"/>
      <line num="65" count="4" type="stmt"/>
      <line num="67" count="4" type="stmt"/>
      <line num="68" count="4" type="cond" truecount="1" falsecount="1"/>
      <line num="69" count="0" type="stmt"/>
      <line num="71" count="4" type="cond" truecount="1" falsecount="1"/>
      <line num="72" count="4" type="stmt"/>
      <line num="73" count="0" type="stmt"/>
      <line num="80" count="3" type="stmt"/>
      <line num="81" count="3" type="stmt"/>
      <line num="82" count="3" type="stmt"/>
      <line num="83" count="3" type="cond" truecount="1" falsecount="1"/>
      <line num="84" count="0" type="stmt"/>
      <line num="86" count="6" type="stmt"/>
      <line num="87" count="3" type="stmt"/>
      <line num="88" count="6" type="cond" truecount="1" falsecount="1"/>
      <line num="89" count="3" type="stmt"/>
      <line num="95" count="1" type="stmt"/>
      <line num="96" count="1" type="stmt"/>
      <line num="98" count="1" type="cond" truecount="1" falsecount="1"/>
      <line num="99" count="0" type="stmt"/>
      <line num="101" count="1" type="stmt"/>
      <line num="108" count="109" type="stmt"/>
      <line num="109" count="109" type="stmt"/>
      <line num="111" count="109" type="cond" truecount="1" falsecount="1"/>
      <line num="112" count="0" type="stmt"/>
      <line num="114" count="109" type="stmt"/>
      <line num="120" count="84" type="stmt"/>
      <line num="121" count="84" type="stmt"/>
      <line num="122" count="84" type="cond" truecount="1" falsecount="1"/>
      <line num="123" count="0" type="stmt"/>
      <line num="125" count="84" type="stmt"/>
      <line num="131" count="1" type="stmt"/>
      <line num="132" count="1" type="stmt"/>
      <line num="133" count="1" type="stmt"/>
      <line num="134" count="1" type="cond" truecount="1" falsecount="1"/>
      <line num="135" count="0" type="stmt"/>
      <line num="137" count="1" type="stmt"/>
      <line num="145" count="19" type="stmt"/>
      <line num="148" count="19" type="cond" truecount="2" falsecount="0"/>
      <line num="149" count="18" type="cond" truecount="2" falsecount="0"/>
      <line num="150" count="15" type="cond" truecount="5" falsecount="0"/>
      <line num="151" count="5" type="stmt"/>
      <line num="153" count="5" type="stmt"/>
      <line num="155" count="5" type="cond" truecount="1" falsecount="1"/>
      <line num="158" count="5" type="stmt"/>
      <line num="162" count="10" type="stmt"/>
      <line num="163" count="10" type="cond" truecount="6" falsecount="0"/>
      <line num="164" count="6" type="stmt"/>
      <line num="167" count="4" type="stmt"/>
      <line num="171" count="10" type="stmt"/>
      <line num="172" count="10" type="cond" truecount="1" falsecount="1"/>
      <line num="175" count="10" type="stmt"/>
      <line num="181" count="3" type="cond" truecount="4" falsecount="1"/>
      <line num="182" count="3" type="stmt"/>
      <line num="184" count="3" type="stmt"/>
      <line num="185" count="3" type="cond" truecount="1" falsecount="1"/>
      <line num="187" count="3" type="stmt"/>
      <line num="191" count="0" type="stmt"/>
      <line num="194" count="1" type="stmt"/>
      <line num="201" count="2" type="stmt"/>
      <line num="202" count="2" type="stmt"/>
      <line num="203" count="2" type="stmt"/>
      <line num="204" count="2" type="cond" truecount="1" falsecount="1"/>
      <line num="205" count="0" type="stmt"/>
      <line num="207" count="6" type="stmt"/>
      <line num="208" count="2" type="stmt"/>
      <line num="215" count="2" type="stmt"/>
      <line num="216" count="2" type="stmt"/>
      <line num="217" count="2" type="stmt"/>
      <line num="218" count="2" type="cond" truecount="1" falsecount="1"/>
      <line num="219" count="0" type="stmt"/>
      <line num="221" count="4" type="stmt"/>
      <line num="222" count="2" type="stmt"/>
      <line num="229" count="2" type="stmt"/>
      <line num="230" count="2" type="stmt"/>
      <line num="231" count="2" type="stmt"/>
      <line num="232" count="2" type="cond" truecount="1" falsecount="1"/>
      <line num="233" count="0" type="stmt"/>
      <line num="235" count="6" type="stmt"/>
      <line num="236" count="2" type="stmt"/>
      <line num="243" count="2" type="stmt"/>
      <line num="244" count="2" type="stmt"/>
      <line num="245" count="2" type="stmt"/>
      <line num="246" count="2" type="cond" truecount="1" falsecount="1"/>
      <line num="247" count="0" type="stmt"/>
      <line num="249" count="6" type="stmt"/>
      <line num="250" count="2" type="stmt"/>
      <line num="257" count="1" type="stmt"/>
      <line num="258" count="1" type="stmt"/>
      <line num="259" count="1" type="stmt"/>
      <line num="260" count="1" type="stmt"/>
      <line num="261" count="1" type="stmt"/>
      <line num="263" count="0" type="stmt"/>
      <line num="268" count="3" type="stmt"/>
    </file>
    <file name="Huts.js" path="D:\Users\Fabio\Documents\Polito\Software Engineering II\HikeTracker\server\modules\Huts.js">
      <metrics statements="140" coveredstatements="128" conditionals="58" coveredconditionals="47" methods="47" coveredmethods="47"/>
      <line num="3" count="3" type="stmt"/>
      <line num="24" count="113" type="stmt"/>
      <line num="25" count="113" type="stmt"/>
      <line num="26" count="113" type="stmt"/>
      <line num="27" count="113" type="stmt"/>
      <line num="28" count="113" type="stmt"/>
      <line num="29" count="113" type="stmt"/>
      <line num="30" count="113" type="stmt"/>
      <line num="31" count="113" type="stmt"/>
      <line num="32" count="113" type="stmt"/>
      <line num="33" count="113" type="stmt"/>
      <line num="34" count="113" type="stmt"/>
      <line num="35" count="113" type="stmt"/>
      <line num="36" count="113" type="stmt"/>
      <line num="37" count="113" type="stmt"/>
      <line num="38" count="113" type="stmt"/>
      <line num="43" count="82" type="stmt"/>
      <line num="44" count="82" type="stmt"/>
      <line num="45" count="82" type="stmt"/>
      <line num="48" count="82" type="cond" truecount="1" falsecount="1"/>
      <line num="49" count="0" type="stmt"/>
      <line num="51" count="82" type="stmt"/>
      <line num="56" count="28" type="stmt"/>
      <line num="57" count="28" type="stmt"/>
      <line num="58" count="28" type="cond" truecount="1" falsecount="1"/>
      <line num="59" count="0" type="stmt"/>
      <line num="61" count="28" type="stmt"/>
      <line num="66" count="4" type="stmt"/>
      <line num="67" count="4" type="stmt"/>
      <line num="68" count="4" type="stmt"/>
      <line num="69" count="4" type="cond" truecount="1" falsecount="1"/>
      <line num="70" count="0" type="stmt"/>
      <line num="74" count="4" type="stmt"/>
      <line num="75" count="4" type="stmt"/>
      <line num="76" count="2" type="stmt"/>
      <line num="77" count="2" type="stmt"/>
      <line num="81" count="4" type="stmt"/>
      <line num="87" count="27" type="stmt"/>
      <line num="88" count="27" type="stmt"/>
      <line num="89" count="27" type="stmt"/>
      <line num="91" count="27" type="cond" truecount="8" falsecount="0"/>
      <line num="93" count="27" type="cond" truecount="2" falsecount="0"/>
      <line num="94" count="12" type="stmt"/>
      <line num="95" count="12" type="stmt"/>
      <line num="97" count="27" type="cond" truecount="2" falsecount="0"/>
      <line num="98" count="7" type="cond" truecount="2" falsecount="0"/>
      <line num="99" count="5" type="stmt"/>
      <line num="101" count="2" type="stmt"/>
      <line num="102" count="7" type="stmt"/>
      <line num="104" count="27" type="cond" truecount="2" falsecount="0"/>
      <line num="105" count="5" type="cond" truecount="2" falsecount="0"/>
      <line num="106" count="3" type="stmt"/>
      <line num="108" count="2" type="stmt"/>
      <line num="109" count="5" type="stmt"/>
      <line num="111" count="27" type="cond" truecount="2" falsecount="0"/>
      <line num="112" count="5" type="cond" truecount="2" falsecount="0"/>
      <line num="113" count="3" type="stmt"/>
      <line num="115" count="2" type="stmt"/>
      <line num="116" count="5" type="stmt"/>
      <line num="118" count="27" type="cond" truecount="2" falsecount="0"/>
      <line num="119" count="5" type="cond" truecount="2" falsecount="0"/>
      <line num="120" count="3" type="stmt"/>
      <line num="122" count="2" type="stmt"/>
      <line num="123" count="5" type="stmt"/>
      <line num="126" count="27" type="stmt"/>
      <line num="128" count="27" type="stmt"/>
      <line num="129" count="27" type="cond" truecount="2" falsecount="0"/>
      <line num="130" count="1" type="stmt"/>
      <line num="132" count="26" type="stmt"/>
      <line num="133" count="26" type="stmt"/>
      <line num="134" count="31" type="stmt"/>
      <line num="135" count="31" type="stmt"/>
      <line num="138" count="26" type="stmt"/>
      <line num="145" count="1" type="stmt"/>
      <line num="146" count="1" type="stmt"/>
      <line num="147" count="1" type="stmt"/>
      <line num="148" count="1" type="cond" truecount="1" falsecount="1"/>
      <line num="149" count="0" type="stmt"/>
      <line num="151" count="1" type="stmt"/>
      <line num="157" count="1" type="stmt"/>
      <line num="158" count="1" type="stmt"/>
      <line num="159" count="1" type="stmt"/>
      <line num="160" count="1" type="cond" truecount="1" falsecount="1"/>
      <line num="161" count="0" type="stmt"/>
      <line num="163" count="1" type="stmt"/>
      <line num="164" count="1" type="stmt"/>
      <line num="165" count="1" type="stmt"/>
      <line num="166" count="1" type="stmt"/>
      <line num="168" count="1" type="stmt"/>
      <line num="175" count="2" type="stmt"/>
      <line num="176" count="2" type="stmt"/>
      <line num="177" count="2" type="stmt"/>
      <line num="178" count="2" type="cond" truecount="1" falsecount="1"/>
      <line num="179" count="0" type="stmt"/>
      <line num="181" count="2" type="stmt"/>
      <line num="182" count="2" type="stmt"/>
      <line num="183" count="2" type="stmt"/>
      <line num="184" count="2" type="stmt"/>
      <line num="186" count="2" type="stmt"/>
      <line num="193" count="1" type="stmt"/>
      <line num="194" count="1" type="stmt"/>
      <line num="195" count="1" type="stmt"/>
      <line num="196" count="1" type="cond" truecount="1" falsecount="1"/>
      <line num="197" count="0" type="stmt"/>
      <line num="199" count="2" type="stmt"/>
      <line num="200" count="1" type="stmt"/>
      <line num="207" count="1" type="stmt"/>
      <line num="208" count="1" type="stmt"/>
      <line num="209" count="1" type="stmt"/>
      <line num="210" count="1" type="cond" truecount="1" falsecount="1"/>
      <line num="211" count="0" type="stmt"/>
      <line num="213" count="2" type="stmt"/>
      <line num="214" count="1" type="stmt"/>
      <line num="221" count="1" type="stmt"/>
      <line num="222" count="1" type="stmt"/>
      <line num="223" count="1" type="stmt"/>
      <line num="224" count="1" type="cond" truecount="1" falsecount="1"/>
      <line num="225" count="0" type="stmt"/>
      <line num="227" count="2" type="stmt"/>
      <line num="228" count="1" type="stmt"/>
      <line num="235" count="1" type="stmt"/>
      <line num="236" count="1" type="stmt"/>
      <line num="237" count="1" type="stmt"/>
      <line num="238" count="1" type="cond" truecount="1" falsecount="1"/>
      <line num="239" count="0" type="stmt"/>
      <line num="241" count="2" type="stmt"/>
      <line num="242" count="1" type="stmt"/>
      <line num="249" count="1" type="stmt"/>
      <line num="250" count="1" type="stmt"/>
      <line num="251" count="1" type="stmt"/>
      <line num="252" count="1" type="cond" truecount="1" falsecount="1"/>
      <line num="253" count="0" type="stmt"/>
      <line num="255" count="1" type="stmt"/>
      <line num="262" count="1" type="stmt"/>
      <line num="263" count="1" type="stmt"/>
      <line num="264" count="1" type="stmt"/>
      <line num="265" count="1" type="stmt"/>
      <line num="266" count="1" type="stmt"/>
      <line num="268" count="0" type="stmt"/>
      <line num="273" count="3" type="stmt"/>
    </file>
    <file name="ParkingLot.js" path="D:\Users\Fabio\Documents\Polito\Software Engineering II\HikeTracker\server\modules\ParkingLot.js">
      <metrics statements="67" coveredstatements="57" conditionals="22" coveredconditionals="13" methods="30" coveredmethods="30"/>
      <line num="3" count="2" type="stmt"/>
      <line num="11" count="3" type="stmt"/>
      <line num="12" count="3" type="stmt"/>
      <line num="13" count="3" type="stmt"/>
      <line num="14" count="3" type="stmt"/>
      <line num="19" count="4" type="stmt"/>
      <line num="20" count="4" type="stmt"/>
      <line num="21" count="4" type="stmt"/>
      <line num="22" count="4" type="cond" truecount="1" falsecount="1"/>
      <line num="23" count="0" type="stmt"/>
      <line num="25" count="4" type="stmt"/>
      <line num="31" count="1" type="stmt"/>
      <line num="32" count="1" type="stmt"/>
      <line num="33" count="1" type="stmt"/>
      <line num="34" count="1" type="stmt"/>
      <line num="35" count="1" type="stmt"/>
      <line num="38" count="0" type="stmt"/>
      <line num="46" count="1" type="stmt"/>
      <line num="47" count="1" type="stmt"/>
      <line num="48" count="1" type="stmt"/>
      <line num="49" count="1" type="cond" truecount="1" falsecount="1"/>
      <line num="50" count="0" type="stmt"/>
      <line num="52" count="1" type="stmt"/>
      <line num="57" count="1" type="stmt"/>
      <line num="58" count="1" type="stmt"/>
      <line num="59" count="1" type="stmt"/>
      <line num="60" count="1" type="stmt"/>
      <line num="61" count="1" type="cond" truecount="1" falsecount="1"/>
      <line num="62" count="1" type="stmt"/>
      <line num="69" count="2" type="stmt"/>
      <line num="70" count="2" type="stmt"/>
      <line num="71" count="2" type="stmt"/>
      <line num="72" count="2" type="cond" truecount="1" falsecount="1"/>
      <line num="73" count="0" type="stmt"/>
      <line num="75" count="2" type="stmt"/>
      <line num="81" count="4" type="stmt"/>
      <line num="82" count="4" type="stmt"/>
      <line num="83" count="4" type="stmt"/>
      <line num="84" count="4" type="cond" truecount="1" falsecount="1"/>
      <line num="85" count="0" type="stmt"/>
      <line num="87" count="4" type="stmt"/>
      <line num="93" count="1" type="stmt"/>
      <line num="94" count="1" type="stmt"/>
      <line num="95" count="1" type="stmt"/>
      <line num="96" count="1" type="cond" truecount="1" falsecount="1"/>
      <line num="97" count="0" type="stmt"/>
      <line num="99" count="1" type="stmt"/>
      <line num="105" count="9" type="stmt"/>
      <line num="106" count="9" type="stmt"/>
      <line num="107" count="9" type="cond" truecount="1" falsecount="1"/>
      <line num="108" count="0" type="stmt"/>
      <line num="110" count="9" type="stmt"/>
      <line num="116" count="1" type="stmt"/>
      <line num="117" count="1" type="stmt"/>
      <line num="118" count="1" type="stmt"/>
      <line num="119" count="1" type="cond" truecount="1" falsecount="1"/>
      <line num="120" count="0" type="stmt"/>
      <line num="122" count="1" type="cond" truecount="3" falsecount="1"/>
      <line num="123" count="0" type="stmt"/>
      <line num="124" count="1" type="stmt"/>
      <line num="131" count="1" type="stmt"/>
      <line num="132" count="1" type="stmt"/>
      <line num="133" count="1" type="stmt"/>
      <line num="134" count="1" type="stmt"/>
      <line num="135" count="1" type="stmt"/>
      <line num="137" count="0" type="stmt"/>
      <line num="143" count="2" type="stmt"/>
    </file>
    <file name="ReferencePoints.js" path="D:\Users\Fabio\Documents\Polito\Software Engineering II\HikeTracker\server\modules\ReferencePoints.js">
      <metrics statements="74" coveredstatements="65" conditionals="22" coveredconditionals="11" methods="34" coveredmethods="34"/>
      <line num="3" count="3" type="stmt"/>
      <line num="5" count="3" type="stmt"/>
      <line num="6" count="100" type="stmt"/>
      <line num="7" count="100" type="stmt"/>
      <line num="9" count="100" type="stmt"/>
      <line num="10" count="100" type="cond" truecount="1" falsecount="1"/>
      <line num="11" count="0" type="stmt"/>
      <line num="13" count="100" type="stmt"/>
      <line num="19" count="3" type="stmt"/>
      <line num="20" count="1" type="stmt"/>
      <line num="21" count="1" type="stmt"/>
      <line num="22" count="1" type="stmt"/>
      <line num="23" count="1" type="cond" truecount="1" falsecount="1"/>
      <line num="24" count="0" type="stmt"/>
      <line num="26" count="1" type="stmt"/>
      <line num="32" count="3" type="stmt"/>
      <line num="33" count="82" type="stmt"/>
      <line num="34" count="82" type="stmt"/>
      <line num="35" count="82" type="cond" truecount="1" falsecount="1"/>
      <line num="36" count="82" type="stmt"/>
      <line num="42" count="3" type="stmt"/>
      <line num="43" count="2" type="stmt"/>
      <line num="44" count="2" type="stmt"/>
      <line num="45" count="2" type="stmt"/>
      <line num="46" count="2" type="cond" truecount="1" falsecount="1"/>
      <line num="47" count="0" type="stmt"/>
      <line num="49" count="2" type="stmt"/>
      <line num="54" count="3" type="stmt"/>
      <line num="55" count="51" type="stmt"/>
      <line num="56" count="51" type="stmt"/>
      <line num="57" count="51" type="cond" truecount="1" falsecount="1"/>
      <line num="58" count="0" type="stmt"/>
      <line num="60" count="51" type="stmt"/>
      <line num="65" count="3" type="stmt"/>
      <line num="66" count="3" type="stmt"/>
      <line num="67" count="3" type="stmt"/>
      <line num="68" count="3" type="stmt"/>
      <line num="69" count="3" type="cond" truecount="1" falsecount="1"/>
      <line num="70" count="0" type="stmt"/>
      <line num="72" count="3" type="stmt"/>
      <line num="73" count="3" type="stmt"/>
      <line num="79" count="3" type="stmt"/>
      <line num="80" count="17" type="stmt"/>
      <line num="81" count="17" type="stmt"/>
      <line num="82" count="17" type="stmt"/>
      <line num="83" count="17" type="cond" truecount="1" falsecount="1"/>
      <line num="84" count="0" type="stmt"/>
      <line num="86" count="17" type="stmt"/>
      <line num="88" count="17" type="stmt"/>
      <line num="94" count="3" type="stmt"/>
      <line num="95" count="4" type="stmt"/>
      <line num="96" count="4" type="stmt"/>
      <line num="97" count="4" type="stmt"/>
      <line num="98" count="4" type="cond" truecount="1" falsecount="1"/>
      <line num="99" count="0" type="stmt"/>
      <line num="101" count="18" type="stmt"/>
      <line num="103" count="4" type="stmt"/>
      <line num="109" count="3" type="stmt"/>
      <line num="110" count="4" type="stmt"/>
      <line num="111" count="4" type="stmt"/>
      <line num="112" count="4" type="stmt"/>
      <line num="113" count="4" type="cond" truecount="1" falsecount="1"/>
      <line num="114" count="0" type="stmt"/>
      <line num="116" count="4" type="cond" truecount="1" falsecount="1"/>
      <line num="121" count="3" type="stmt"/>
      <line num="122" count="2" type="stmt"/>
      <line num="123" count="2" type="stmt"/>
      <line num="124" count="2" type="stmt"/>
      <line num="125" count="2" type="cond" truecount="1" falsecount="1"/>
      <line num="126" count="0" type="stmt"/>
      <line num="128" count="2" type="stmt"/>
      <line num="129" count="2" type="stmt"/>
      <line num="131" count="8" type="stmt"/>
      <line num="139" count="2" type="stmt"/>
    </file>
    <file name="Users.js" path="D:\Users\Fabio\Documents\Polito\Software Engineering II\HikeTracker\server\modules\Users.js">
      <metrics statements="76" coveredstatements="70" conditionals="22" coveredconditionals="15" methods="26" coveredmethods="26"/>
      <line num="3" count="2" type="stmt"/>
      <line num="4" count="2" type="stmt"/>
      <line num="13" count="4" type="stmt"/>
      <line num="25" count="18" type="stmt"/>
      <line num="26" count="18" type="stmt"/>
      <line num="27" count="18" type="stmt"/>
      <line num="28" count="18" type="stmt"/>
      <line num="29" count="18" type="stmt"/>
      <line num="30" count="18" type="stmt"/>
      <line num="31" count="18" type="stmt"/>
      <line num="32" count="18" type="stmt"/>
      <line num="33" count="18" type="stmt"/>
      <line num="38" count="2" type="stmt"/>
      <line num="39" count="10" type="stmt"/>
      <line num="40" count="10" type="stmt"/>
      <line num="41" count="10" type="stmt"/>
      <line num="43" count="10" type="cond" truecount="1" falsecount="1"/>
      <line num="45" count="0" type="stmt"/>
      <line num="48" count="10" type="stmt"/>
      <line num="50" count="10" type="stmt"/>
      <line num="57" count="2" type="stmt"/>
      <line num="58" count="2" type="stmt"/>
      <line num="59" count="2" type="stmt"/>
      <line num="60" count="2" type="stmt"/>
      <line num="61" count="2" type="cond" truecount="1" falsecount="1"/>
      <line num="63" count="0" type="stmt"/>
      <line num="65" count="2" type="cond" truecount="1" falsecount="1"/>
      <line num="67" count="2" type="stmt"/>
      <line num="68" count="2" type="stmt"/>
      <line num="73" count="2" type="stmt"/>
      <line num="74" count="1" type="stmt"/>
      <line num="75" count="1" type="stmt"/>
      <line num="77" count="1" type="stmt"/>
      <line num="78" count="1" type="stmt"/>
      <line num="80" count="1" type="stmt"/>
      <line num="81" count="1" type="stmt"/>
      <line num="83" count="1" type="stmt"/>
      <line num="84" count="1" type="stmt"/>
      <line num="86" count="1" type="stmt"/>
      <line num="87" count="1" type="stmt"/>
      <line num="92" count="2" type="stmt"/>
      <line num="94" count="14" type="stmt"/>
      <line num="95" count="14" type="stmt"/>
      <line num="96" count="14" type="stmt"/>
      <line num="97" count="14" type="cond" truecount="2" falsecount="0"/>
      <line num="98" count="1" type="stmt"/>
      <line num="100" count="13" type="stmt"/>
      <line num="105" count="2" type="stmt"/>
      <line num="106" count="24" type="stmt"/>
      <line num="107" count="24" type="stmt"/>
      <line num="108" count="24" type="cond" truecount="1" falsecount="1"/>
      <line num="109" count="0" type="stmt"/>
      <line num="111" count="24" type="stmt"/>
      <line num="116" count="2" type="stmt"/>
      <line num="117" count="4" type="stmt"/>
      <line num="118" count="4" type="stmt"/>
      <line num="119" count="4" type="stmt"/>
      <line num="120" count="4" type="cond" truecount="1" falsecount="1"/>
      <line num="121" count="0" type="stmt"/>
      <line num="124" count="4" type="cond" truecount="6" falsecount="0"/>
      <line num="125" count="2" type="stmt"/>
      <line num="126" count="4" type="stmt"/>
      <line num="131" count="2" type="stmt"/>
      <line num="132" count="2" type="stmt"/>
      <line num="133" count="2" type="stmt"/>
      <line num="134" count="2" type="stmt"/>
      <line num="135" count="2" type="cond" truecount="1" falsecount="1"/>
      <line num="136" count="0" type="stmt"/>
      <line num="138" count="2" type="stmt"/>
      <line num="143" count="2" type="stmt"/>
      <line num="144" count="2" type="stmt"/>
      <line num="145" count="2" type="stmt"/>
      <line num="146" count="2" type="stmt"/>
      <line num="147" count="2" type="cond" truecount="1" falsecount="1"/>
      <line num="148" count="0" type="stmt"/>
      <line num="150" count="2" type="stmt"/>
    </file>
  </project>
</coverage>
