{"D:\\Users\\Fabio\\Documents\\Polito\\Software Engineering II\\HikeTracker\\server\\modules\\DB.js": {"path":"D:\\Users\\Fabio\\Documents\\Polito\\Software Engineering II\\HikeTracker\\server\\modules\\DB.js","statementMap":{"0":{"start":{"line":3,"column":15},"end":{"line":3,"column":33}},"1":{"start":{"line":7,"column":16},"end":{"line":7,"column":89}},"2":{"start":{"line":7,"column":67},"end":{"line":7,"column":86}},"3":{"start":{"line":7,"column":76},"end":{"line":7,"column":86}},"4":{"start":{"line":11,"column":8},"end":{"line":11,"column":38}},"5":{"start":{"line":12,"column":8},"end":{"line":12,"column":38}},"6":{"start":{"line":13,"column":8},"end":{"line":13,"column":46}},"7":{"start":{"line":14,"column":8},"end":{"line":14,"column":48}},"8":{"start":{"line":24,"column":8},"end":{"line":33,"column":11}},"9":{"start":{"line":25,"column":24},"end":{"line":25,"column":218}},"10":{"start":{"line":26,"column":12},"end":{"line":32,"column":15}},"11":{"start":{"line":27,"column":16},"end":{"line":31,"column":17}},"12":{"start":{"line":28,"column":20},"end":{"line":28,"column":32}},"13":{"start":{"line":30,"column":20},"end":{"line":30,"column":51}},"14":{"start":{"line":37,"column":8},"end":{"line":46,"column":11}},"15":{"start":{"line":38,"column":24},"end":{"line":38,"column":134}},"16":{"start":{"line":39,"column":12},"end":{"line":45,"column":15}},"17":{"start":{"line":40,"column":16},"end":{"line":44,"column":17}},"18":{"start":{"line":41,"column":20},"end":{"line":41,"column":32}},"19":{"start":{"line":43,"column":20},"end":{"line":43,"column":59}},"20":{"start":{"line":50,"column":8},"end":{"line":59,"column":11}},"21":{"start":{"line":51,"column":24},"end":{"line":51,"column":157}},"22":{"start":{"line":52,"column":12},"end":{"line":58,"column":15}},"23":{"start":{"line":53,"column":16},"end":{"line":57,"column":17}},"24":{"start":{"line":54,"column":20},"end":{"line":54,"column":32}},"25":{"start":{"line":56,"column":20},"end":{"line":56,"column":51}},"26":{"start":{"line":64,"column":8},"end":{"line":73,"column":11}},"27":{"start":{"line":65,"column":24},"end":{"line":65,"column":120}},"28":{"start":{"line":66,"column":12},"end":{"line":72,"column":15}},"29":{"start":{"line":67,"column":16},"end":{"line":71,"column":17}},"30":{"start":{"line":68,"column":20},"end":{"line":68,"column":32}},"31":{"start":{"line":70,"column":20},"end":{"line":70,"column":51}},"32":{"start":{"line":76,"column":21},"end":{"line":1050,"column":1}},"33":{"start":{"line":78,"column":25},"end":{"line":78,"column":52}},"34":{"start":{"line":79,"column":21},"end":{"line":79,"column":39}},"35":{"start":{"line":80,"column":28},"end":{"line":80,"column":50}},"36":{"start":{"line":81,"column":21},"end":{"line":81,"column":39}},"37":{"start":{"line":83,"column":8},"end":{"line":83,"column":32}},"38":{"start":{"line":84,"column":8},"end":{"line":84,"column":36}},"39":{"start":{"line":86,"column":8},"end":{"line":86,"column":34}},"40":{"start":{"line":87,"column":8},"end":{"line":87,"column":41}},"41":{"start":{"line":88,"column":8},"end":{"line":88,"column":45}},"42":{"start":{"line":90,"column":19},"end":{"line":90,"column":22}},"43":{"start":{"line":91,"column":17},"end":{"line":91,"column":35}},"44":{"start":{"line":92,"column":21},"end":{"line":92,"column":31}},"45":{"start":{"line":93,"column":18},"end":{"line":93,"column":31}},"46":{"start":{"line":94,"column":18},"end":{"line":94,"column":61}},"47":{"start":{"line":96,"column":19},"end":{"line":96,"column":20}},"48":{"start":{"line":97,"column":20},"end":{"line":97,"column":23}},"49":{"start":{"line":98,"column":19},"end":{"line":98,"column":23}},"50":{"start":{"line":100,"column":24},"end":{"line":107,"column":183}},"51":{"start":{"line":109,"column":23},"end":{"line":109,"column":27}},"52":{"start":{"line":110,"column":18},"end":{"line":110,"column":64}},"53":{"start":{"line":113,"column":16},"end":{"line":113,"column":39}},"54":{"start":{"line":116,"column":8},"end":{"line":116,"column":117}},"55":{"start":{"line":118,"column":9},"end":{"line":118,"column":20}},"56":{"start":{"line":119,"column":9},"end":{"line":119,"column":31}},"57":{"start":{"line":120,"column":9},"end":{"line":120,"column":29}},"58":{"start":{"line":121,"column":9},"end":{"line":121,"column":31}},"59":{"start":{"line":122,"column":9},"end":{"line":122,"column":58}},"60":{"start":{"line":123,"column":9},"end":{"line":123,"column":19}},"61":{"start":{"line":124,"column":9},"end":{"line":124,"column":21}},"62":{"start":{"line":125,"column":9},"end":{"line":125,"column":21}},"63":{"start":{"line":126,"column":9},"end":{"line":129,"column":62}},"64":{"start":{"line":130,"column":9},"end":{"line":130,"column":25}},"65":{"start":{"line":131,"column":9},"end":{"line":131,"column":75}},"66":{"start":{"line":132,"column":9},"end":{"line":132,"column":46}},"67":{"start":{"line":134,"column":9},"end":{"line":134,"column":118}},"68":{"start":{"line":136,"column":9},"end":{"line":136,"column":20}},"69":{"start":{"line":137,"column":9},"end":{"line":137,"column":63}},"70":{"start":{"line":138,"column":9},"end":{"line":138,"column":28}},"71":{"start":{"line":139,"column":9},"end":{"line":139,"column":24}},"72":{"start":{"line":140,"column":9},"end":{"line":140,"column":41}},"73":{"start":{"line":141,"column":9},"end":{"line":141,"column":20}},"74":{"start":{"line":142,"column":9},"end":{"line":142,"column":21}},"75":{"start":{"line":143,"column":9},"end":{"line":143,"column":19}},"76":{"start":{"line":144,"column":9},"end":{"line":144,"column":195}},"77":{"start":{"line":145,"column":9},"end":{"line":145,"column":24}},"78":{"start":{"line":146,"column":9},"end":{"line":146,"column":32}},"79":{"start":{"line":147,"column":9},"end":{"line":147,"column":30}},"80":{"start":{"line":149,"column":9},"end":{"line":149,"column":118}},"81":{"start":{"line":151,"column":9},"end":{"line":151,"column":20}},"82":{"start":{"line":152,"column":9},"end":{"line":152,"column":29}},"83":{"start":{"line":153,"column":9},"end":{"line":153,"column":29}},"84":{"start":{"line":154,"column":9},"end":{"line":154,"column":29}},"85":{"start":{"line":155,"column":9},"end":{"line":155,"column":62}},"86":{"start":{"line":156,"column":9},"end":{"line":156,"column":19}},"87":{"start":{"line":157,"column":9},"end":{"line":157,"column":21}},"88":{"start":{"line":158,"column":9},"end":{"line":158,"column":21}},"89":{"start":{"line":159,"column":9},"end":{"line":165,"column":150}},"90":{"start":{"line":166,"column":9},"end":{"line":166,"column":24}},"91":{"start":{"line":167,"column":9},"end":{"line":167,"column":71}},"92":{"start":{"line":168,"column":9},"end":{"line":168,"column":50}},"93":{"start":{"line":170,"column":9},"end":{"line":170,"column":118}},"94":{"start":{"line":173,"column":9},"end":{"line":173,"column":20}},"95":{"start":{"line":174,"column":9},"end":{"line":174,"column":55}},"96":{"start":{"line":175,"column":9},"end":{"line":175,"column":29}},"97":{"start":{"line":176,"column":9},"end":{"line":176,"column":29}},"98":{"start":{"line":177,"column":9},"end":{"line":177,"column":73}},"99":{"start":{"line":178,"column":9},"end":{"line":178,"column":19}},"100":{"start":{"line":179,"column":9},"end":{"line":179,"column":21}},"101":{"start":{"line":180,"column":9},"end":{"line":180,"column":20}},"102":{"start":{"line":181,"column":9},"end":{"line":181,"column":26}},"103":{"start":{"line":182,"column":9},"end":{"line":182,"column":24}},"104":{"start":{"line":183,"column":9},"end":{"line":183,"column":65}},"105":{"start":{"line":184,"column":9},"end":{"line":184,"column":46}},"106":{"start":{"line":186,"column":9},"end":{"line":186,"column":118}},"107":{"start":{"line":188,"column":9},"end":{"line":188,"column":20}},"108":{"start":{"line":189,"column":9},"end":{"line":189,"column":71}},"109":{"start":{"line":190,"column":9},"end":{"line":190,"column":29}},"110":{"start":{"line":191,"column":9},"end":{"line":191,"column":29}},"111":{"start":{"line":192,"column":9},"end":{"line":192,"column":20}},"112":{"start":{"line":193,"column":9},"end":{"line":193,"column":65}},"113":{"start":{"line":194,"column":9},"end":{"line":194,"column":46}},"114":{"start":{"line":195,"column":9},"end":{"line":195,"column":18}},"115":{"start":{"line":196,"column":9},"end":{"line":196,"column":24}},"116":{"start":{"line":197,"column":9},"end":{"line":197,"column":21}},"117":{"start":{"line":198,"column":9},"end":{"line":198,"column":26}},"118":{"start":{"line":199,"column":9},"end":{"line":212,"column":260}},"119":{"start":{"line":215,"column":9},"end":{"line":215,"column":118}},"120":{"start":{"line":217,"column":9},"end":{"line":217,"column":20}},"121":{"start":{"line":218,"column":9},"end":{"line":218,"column":60}},"122":{"start":{"line":219,"column":9},"end":{"line":219,"column":29}},"123":{"start":{"line":220,"column":9},"end":{"line":220,"column":29}},"124":{"start":{"line":221,"column":9},"end":{"line":221,"column":20}},"125":{"start":{"line":222,"column":9},"end":{"line":222,"column":74}},"126":{"start":{"line":223,"column":9},"end":{"line":223,"column":44}},"127":{"start":{"line":224,"column":9},"end":{"line":224,"column":19}},"128":{"start":{"line":225,"column":9},"end":{"line":225,"column":24}},"129":{"start":{"line":226,"column":9},"end":{"line":226,"column":21}},"130":{"start":{"line":227,"column":9},"end":{"line":227,"column":47}},"131":{"start":{"line":228,"column":9},"end":{"line":238,"column":78}},"132":{"start":{"line":240,"column":9},"end":{"line":240,"column":118}},"133":{"start":{"line":242,"column":9},"end":{"line":242,"column":20}},"134":{"start":{"line":243,"column":9},"end":{"line":243,"column":75}},"135":{"start":{"line":244,"column":9},"end":{"line":244,"column":29}},"136":{"start":{"line":245,"column":9},"end":{"line":245,"column":31}},"137":{"start":{"line":246,"column":9},"end":{"line":246,"column":20}},"138":{"start":{"line":247,"column":9},"end":{"line":247,"column":58}},"139":{"start":{"line":248,"column":9},"end":{"line":248,"column":74}},"140":{"start":{"line":249,"column":9},"end":{"line":249,"column":19}},"141":{"start":{"line":250,"column":9},"end":{"line":250,"column":24}},"142":{"start":{"line":251,"column":9},"end":{"line":251,"column":21}},"143":{"start":{"line":252,"column":9},"end":{"line":252,"column":53}},"144":{"start":{"line":253,"column":9},"end":{"line":257,"column":210}},"145":{"start":{"line":259,"column":8},"end":{"line":259,"column":117}},"146":{"start":{"line":262,"column":8},"end":{"line":262,"column":19}},"147":{"start":{"line":263,"column":8},"end":{"line":263,"column":66}},"148":{"start":{"line":264,"column":8},"end":{"line":264,"column":28}},"149":{"start":{"line":265,"column":8},"end":{"line":265,"column":28}},"150":{"start":{"line":266,"column":8},"end":{"line":266,"column":19}},"151":{"start":{"line":267,"column":8},"end":{"line":267,"column":63}},"152":{"start":{"line":268,"column":8},"end":{"line":268,"column":50}},"153":{"start":{"line":269,"column":8},"end":{"line":269,"column":19}},"154":{"start":{"line":270,"column":8},"end":{"line":270,"column":23}},"155":{"start":{"line":271,"column":8},"end":{"line":271,"column":20}},"156":{"start":{"line":272,"column":8},"end":{"line":272,"column":59}},"157":{"start":{"line":273,"column":8},"end":{"line":281,"column":78}},"158":{"start":{"line":282,"column":7},"end":{"line":282,"column":116}},"159":{"start":{"line":284,"column":7},"end":{"line":284,"column":18}},"160":{"start":{"line":285,"column":7},"end":{"line":285,"column":62}},"161":{"start":{"line":286,"column":7},"end":{"line":286,"column":27}},"162":{"start":{"line":287,"column":7},"end":{"line":287,"column":26}},"163":{"start":{"line":288,"column":7},"end":{"line":288,"column":18}},"164":{"start":{"line":289,"column":7},"end":{"line":289,"column":65}},"165":{"start":{"line":290,"column":7},"end":{"line":290,"column":76}},"166":{"start":{"line":291,"column":7},"end":{"line":291,"column":17}},"167":{"start":{"line":292,"column":7},"end":{"line":292,"column":22}},"168":{"start":{"line":293,"column":7},"end":{"line":293,"column":19}},"169":{"start":{"line":294,"column":7},"end":{"line":294,"column":33}},"170":{"start":{"line":295,"column":7},"end":{"line":303,"column":152}},"171":{"start":{"line":304,"column":6},"end":{"line":304,"column":115}},"172":{"start":{"line":306,"column":6},"end":{"line":306,"column":18}},"173":{"start":{"line":307,"column":6},"end":{"line":307,"column":64}},"174":{"start":{"line":308,"column":6},"end":{"line":308,"column":26}},"175":{"start":{"line":309,"column":6},"end":{"line":309,"column":25}},"176":{"start":{"line":310,"column":6},"end":{"line":310,"column":17}},"177":{"start":{"line":311,"column":6},"end":{"line":311,"column":58}},"178":{"start":{"line":312,"column":6},"end":{"line":312,"column":39}},"179":{"start":{"line":313,"column":6},"end":{"line":313,"column":15}},"180":{"start":{"line":314,"column":6},"end":{"line":314,"column":21}},"181":{"start":{"line":315,"column":6},"end":{"line":315,"column":17}},"182":{"start":{"line":316,"column":6},"end":{"line":316,"column":29}},"183":{"start":{"line":317,"column":6},"end":{"line":335,"column":71}},"184":{"start":{"line":337,"column":6},"end":{"line":337,"column":115}},"185":{"start":{"line":340,"column":6},"end":{"line":340,"column":18}},"186":{"start":{"line":341,"column":6},"end":{"line":341,"column":64}},"187":{"start":{"line":342,"column":6},"end":{"line":342,"column":26}},"188":{"start":{"line":343,"column":6},"end":{"line":343,"column":25}},"189":{"start":{"line":344,"column":6},"end":{"line":344,"column":17}},"190":{"start":{"line":345,"column":6},"end":{"line":345,"column":43}},"191":{"start":{"line":346,"column":6},"end":{"line":346,"column":48}},"192":{"start":{"line":347,"column":6},"end":{"line":347,"column":17}},"193":{"start":{"line":348,"column":6},"end":{"line":348,"column":21}},"194":{"start":{"line":349,"column":6},"end":{"line":349,"column":18}},"195":{"start":{"line":350,"column":6},"end":{"line":350,"column":50}},"196":{"start":{"line":351,"column":6},"end":{"line":365,"column":168}},"197":{"start":{"line":367,"column":6},"end":{"line":367,"column":115}},"198":{"start":{"line":369,"column":6},"end":{"line":369,"column":18}},"199":{"start":{"line":370,"column":6},"end":{"line":370,"column":64}},"200":{"start":{"line":371,"column":6},"end":{"line":371,"column":26}},"201":{"start":{"line":372,"column":6},"end":{"line":372,"column":25}},"202":{"start":{"line":373,"column":6},"end":{"line":373,"column":17}},"203":{"start":{"line":374,"column":6},"end":{"line":374,"column":48}},"204":{"start":{"line":375,"column":6},"end":{"line":375,"column":47}},"205":{"start":{"line":376,"column":6},"end":{"line":376,"column":16}},"206":{"start":{"line":377,"column":6},"end":{"line":377,"column":21}},"207":{"start":{"line":378,"column":6},"end":{"line":378,"column":18}},"208":{"start":{"line":379,"column":6},"end":{"line":379,"column":46}},"209":{"start":{"line":380,"column":6},"end":{"line":395,"column":126}},"210":{"start":{"line":397,"column":6},"end":{"line":397,"column":115}},"211":{"start":{"line":399,"column":6},"end":{"line":399,"column":18}},"212":{"start":{"line":400,"column":6},"end":{"line":400,"column":57}},"213":{"start":{"line":401,"column":6},"end":{"line":401,"column":26}},"214":{"start":{"line":402,"column":6},"end":{"line":402,"column":25}},"215":{"start":{"line":403,"column":6},"end":{"line":403,"column":17}},"216":{"start":{"line":404,"column":6},"end":{"line":404,"column":59}},"217":{"start":{"line":405,"column":6},"end":{"line":405,"column":44}},"218":{"start":{"line":406,"column":6},"end":{"line":406,"column":18}},"219":{"start":{"line":407,"column":6},"end":{"line":407,"column":21}},"220":{"start":{"line":408,"column":6},"end":{"line":408,"column":18}},"221":{"start":{"line":409,"column":6},"end":{"line":409,"column":31}},"222":{"start":{"line":410,"column":6},"end":{"line":422,"column":228}},"223":{"start":{"line":424,"column":6},"end":{"line":424,"column":115}},"224":{"start":{"line":426,"column":6},"end":{"line":426,"column":18}},"225":{"start":{"line":427,"column":6},"end":{"line":427,"column":63}},"226":{"start":{"line":428,"column":6},"end":{"line":428,"column":26}},"227":{"start":{"line":429,"column":6},"end":{"line":429,"column":25}},"228":{"start":{"line":430,"column":6},"end":{"line":430,"column":17}},"229":{"start":{"line":431,"column":6},"end":{"line":431,"column":53}},"230":{"start":{"line":432,"column":6},"end":{"line":432,"column":46}},"231":{"start":{"line":433,"column":6},"end":{"line":433,"column":15}},"232":{"start":{"line":434,"column":6},"end":{"line":434,"column":21}},"233":{"start":{"line":435,"column":6},"end":{"line":435,"column":18}},"234":{"start":{"line":436,"column":6},"end":{"line":436,"column":34}},"235":{"start":{"line":437,"column":6},"end":{"line":467,"column":87}},"236":{"start":{"line":470,"column":6},"end":{"line":470,"column":115}},"237":{"start":{"line":473,"column":6},"end":{"line":473,"column":18}},"238":{"start":{"line":474,"column":6},"end":{"line":474,"column":64}},"239":{"start":{"line":475,"column":6},"end":{"line":475,"column":26}},"240":{"start":{"line":476,"column":6},"end":{"line":476,"column":25}},"241":{"start":{"line":477,"column":6},"end":{"line":477,"column":17}},"242":{"start":{"line":478,"column":6},"end":{"line":478,"column":61}},"243":{"start":{"line":479,"column":6},"end":{"line":479,"column":47}},"244":{"start":{"line":480,"column":6},"end":{"line":480,"column":15}},"245":{"start":{"line":481,"column":6},"end":{"line":481,"column":21}},"246":{"start":{"line":482,"column":6},"end":{"line":482,"column":18}},"247":{"start":{"line":483,"column":6},"end":{"line":483,"column":29}},"248":{"start":{"line":484,"column":6},"end":{"line":498,"column":191}},"249":{"start":{"line":500,"column":6},"end":{"line":500,"column":115}},"250":{"start":{"line":503,"column":6},"end":{"line":503,"column":18}},"251":{"start":{"line":504,"column":6},"end":{"line":504,"column":67}},"252":{"start":{"line":505,"column":6},"end":{"line":505,"column":26}},"253":{"start":{"line":506,"column":6},"end":{"line":506,"column":25}},"254":{"start":{"line":507,"column":6},"end":{"line":507,"column":17}},"255":{"start":{"line":508,"column":6},"end":{"line":508,"column":51}},"256":{"start":{"line":509,"column":6},"end":{"line":509,"column":50}},"257":{"start":{"line":510,"column":6},"end":{"line":510,"column":16}},"258":{"start":{"line":511,"column":6},"end":{"line":511,"column":21}},"259":{"start":{"line":512,"column":6},"end":{"line":512,"column":18}},"260":{"start":{"line":513,"column":6},"end":{"line":513,"column":32}},"261":{"start":{"line":514,"column":6},"end":{"line":530,"column":136}},"262":{"start":{"line":532,"column":6},"end":{"line":532,"column":115}},"263":{"start":{"line":535,"column":6},"end":{"line":535,"column":18}},"264":{"start":{"line":536,"column":6},"end":{"line":536,"column":60}},"265":{"start":{"line":537,"column":6},"end":{"line":537,"column":26}},"266":{"start":{"line":538,"column":6},"end":{"line":538,"column":25}},"267":{"start":{"line":539,"column":6},"end":{"line":539,"column":17}},"268":{"start":{"line":540,"column":6},"end":{"line":540,"column":50}},"269":{"start":{"line":541,"column":6},"end":{"line":541,"column":46}},"270":{"start":{"line":542,"column":6},"end":{"line":542,"column":18}},"271":{"start":{"line":543,"column":6},"end":{"line":543,"column":21}},"272":{"start":{"line":544,"column":6},"end":{"line":544,"column":18}},"273":{"start":{"line":545,"column":6},"end":{"line":545,"column":42}},"274":{"start":{"line":546,"column":6},"end":{"line":566,"column":146}},"275":{"start":{"line":568,"column":6},"end":{"line":568,"column":115}},"276":{"start":{"line":571,"column":6},"end":{"line":571,"column":18}},"277":{"start":{"line":572,"column":6},"end":{"line":572,"column":55}},"278":{"start":{"line":573,"column":6},"end":{"line":573,"column":26}},"279":{"start":{"line":574,"column":6},"end":{"line":574,"column":25}},"280":{"start":{"line":575,"column":6},"end":{"line":575,"column":17}},"281":{"start":{"line":576,"column":6},"end":{"line":576,"column":53}},"282":{"start":{"line":577,"column":6},"end":{"line":577,"column":44}},"283":{"start":{"line":578,"column":6},"end":{"line":578,"column":16}},"284":{"start":{"line":579,"column":6},"end":{"line":579,"column":21}},"285":{"start":{"line":580,"column":6},"end":{"line":580,"column":18}},"286":{"start":{"line":581,"column":6},"end":{"line":581,"column":31}},"287":{"start":{"line":582,"column":6},"end":{"line":604,"column":70}},"288":{"start":{"line":607,"column":6},"end":{"line":607,"column":115}},"289":{"start":{"line":610,"column":6},"end":{"line":610,"column":18}},"290":{"start":{"line":611,"column":6},"end":{"line":611,"column":57}},"291":{"start":{"line":612,"column":6},"end":{"line":612,"column":26}},"292":{"start":{"line":613,"column":6},"end":{"line":613,"column":25}},"293":{"start":{"line":614,"column":6},"end":{"line":614,"column":17}},"294":{"start":{"line":615,"column":6},"end":{"line":615,"column":43}},"295":{"start":{"line":616,"column":6},"end":{"line":616,"column":37}},"296":{"start":{"line":617,"column":6},"end":{"line":617,"column":15}},"297":{"start":{"line":618,"column":6},"end":{"line":618,"column":21}},"298":{"start":{"line":619,"column":6},"end":{"line":619,"column":18}},"299":{"start":{"line":620,"column":6},"end":{"line":620,"column":39}},"300":{"start":{"line":621,"column":6},"end":{"line":633,"column":132}},"301":{"start":{"line":635,"column":6},"end":{"line":635,"column":115}},"302":{"start":{"line":639,"column":6},"end":{"line":639,"column":18}},"303":{"start":{"line":640,"column":6},"end":{"line":640,"column":53}},"304":{"start":{"line":641,"column":6},"end":{"line":641,"column":26}},"305":{"start":{"line":642,"column":6},"end":{"line":642,"column":29}},"306":{"start":{"line":643,"column":6},"end":{"line":643,"column":17}},"307":{"start":{"line":644,"column":6},"end":{"line":644,"column":68}},"308":{"start":{"line":645,"column":6},"end":{"line":645,"column":41}},"309":{"start":{"line":646,"column":6},"end":{"line":646,"column":17}},"310":{"start":{"line":647,"column":6},"end":{"line":647,"column":21}},"311":{"start":{"line":648,"column":6},"end":{"line":648,"column":18}},"312":{"start":{"line":649,"column":6},"end":{"line":649,"column":35}},"313":{"start":{"line":650,"column":6},"end":{"line":660,"column":262}},"314":{"start":{"line":661,"column":6},"end":{"line":661,"column":115}},"315":{"start":{"line":664,"column":6},"end":{"line":664,"column":18}},"316":{"start":{"line":665,"column":6},"end":{"line":665,"column":50}},"317":{"start":{"line":666,"column":6},"end":{"line":666,"column":23}},"318":{"start":{"line":667,"column":6},"end":{"line":667,"column":43}},"319":{"start":{"line":668,"column":6},"end":{"line":668,"column":18}},"320":{"start":{"line":669,"column":6},"end":{"line":669,"column":16}},"321":{"start":{"line":670,"column":6},"end":{"line":670,"column":22}},"322":{"start":{"line":671,"column":6},"end":{"line":671,"column":19}},"323":{"start":{"line":672,"column":6},"end":{"line":672,"column":22}},"324":{"start":{"line":673,"column":6},"end":{"line":673,"column":19}},"325":{"start":{"line":674,"column":6},"end":{"line":674,"column":52}},"326":{"start":{"line":675,"column":6},"end":{"line":690,"column":337}},"327":{"start":{"line":693,"column":6},"end":{"line":693,"column":115}},"328":{"start":{"line":696,"column":6},"end":{"line":696,"column":18}},"329":{"start":{"line":697,"column":6},"end":{"line":697,"column":53}},"330":{"start":{"line":698,"column":6},"end":{"line":698,"column":22}},"331":{"start":{"line":699,"column":6},"end":{"line":699,"column":27}},"332":{"start":{"line":700,"column":6},"end":{"line":700,"column":18}},"333":{"start":{"line":701,"column":6},"end":{"line":701,"column":28}},"334":{"start":{"line":702,"column":6},"end":{"line":702,"column":23}},"335":{"start":{"line":703,"column":6},"end":{"line":703,"column":19}},"336":{"start":{"line":704,"column":6},"end":{"line":704,"column":21}},"337":{"start":{"line":705,"column":6},"end":{"line":705,"column":19}},"338":{"start":{"line":706,"column":6},"end":{"line":706,"column":53}},"339":{"start":{"line":707,"column":6},"end":{"line":711,"column":28}},"340":{"start":{"line":713,"column":6},"end":{"line":713,"column":115}},"341":{"start":{"line":716,"column":6},"end":{"line":716,"column":18}},"342":{"start":{"line":717,"column":6},"end":{"line":717,"column":30}},"343":{"start":{"line":718,"column":6},"end":{"line":718,"column":25}},"344":{"start":{"line":719,"column":6},"end":{"line":719,"column":37}},"345":{"start":{"line":720,"column":6},"end":{"line":720,"column":18}},"346":{"start":{"line":721,"column":6},"end":{"line":721,"column":19}},"347":{"start":{"line":722,"column":6},"end":{"line":722,"column":17}},"348":{"start":{"line":723,"column":6},"end":{"line":723,"column":19}},"349":{"start":{"line":724,"column":6},"end":{"line":724,"column":21}},"350":{"start":{"line":725,"column":6},"end":{"line":725,"column":19}},"351":{"start":{"line":726,"column":6},"end":{"line":726,"column":32}},"352":{"start":{"line":727,"column":6},"end":{"line":739,"column":53}},"353":{"start":{"line":741,"column":6},"end":{"line":741,"column":115}},"354":{"start":{"line":744,"column":6},"end":{"line":744,"column":18}},"355":{"start":{"line":745,"column":6},"end":{"line":745,"column":107}},"356":{"start":{"line":746,"column":6},"end":{"line":746,"column":27}},"357":{"start":{"line":747,"column":6},"end":{"line":747,"column":45}},"358":{"start":{"line":748,"column":6},"end":{"line":748,"column":18}},"359":{"start":{"line":749,"column":6},"end":{"line":749,"column":28}},"360":{"start":{"line":750,"column":6},"end":{"line":750,"column":24}},"361":{"start":{"line":751,"column":6},"end":{"line":751,"column":19}},"362":{"start":{"line":752,"column":6},"end":{"line":752,"column":22}},"363":{"start":{"line":753,"column":6},"end":{"line":753,"column":19}},"364":{"start":{"line":754,"column":6},"end":{"line":754,"column":77}},"365":{"start":{"line":755,"column":6},"end":{"line":766,"column":203}},"366":{"start":{"line":768,"column":6},"end":{"line":768,"column":115}},"367":{"start":{"line":771,"column":6},"end":{"line":771,"column":18}},"368":{"start":{"line":772,"column":6},"end":{"line":772,"column":34}},"369":{"start":{"line":773,"column":6},"end":{"line":773,"column":25}},"370":{"start":{"line":774,"column":6},"end":{"line":774,"column":28}},"371":{"start":{"line":775,"column":6},"end":{"line":775,"column":18}},"372":{"start":{"line":776,"column":6},"end":{"line":776,"column":34}},"373":{"start":{"line":777,"column":6},"end":{"line":777,"column":40}},"374":{"start":{"line":778,"column":6},"end":{"line":778,"column":19}},"375":{"start":{"line":779,"column":6},"end":{"line":779,"column":21}},"376":{"start":{"line":780,"column":6},"end":{"line":780,"column":19}},"377":{"start":{"line":781,"column":6},"end":{"line":781,"column":34}},"378":{"start":{"line":782,"column":6},"end":{"line":811,"column":295}},"379":{"start":{"line":815,"column":6},"end":{"line":815,"column":115}},"380":{"start":{"line":818,"column":6},"end":{"line":818,"column":18}},"381":{"start":{"line":819,"column":6},"end":{"line":819,"column":34}},"382":{"start":{"line":820,"column":6},"end":{"line":820,"column":25}},"383":{"start":{"line":821,"column":6},"end":{"line":821,"column":41}},"384":{"start":{"line":822,"column":6},"end":{"line":822,"column":18}},"385":{"start":{"line":823,"column":6},"end":{"line":823,"column":29}},"386":{"start":{"line":824,"column":6},"end":{"line":824,"column":25}},"387":{"start":{"line":825,"column":6},"end":{"line":825,"column":19}},"388":{"start":{"line":826,"column":6},"end":{"line":826,"column":21}},"389":{"start":{"line":827,"column":6},"end":{"line":827,"column":19}},"390":{"start":{"line":828,"column":6},"end":{"line":828,"column":35}},"391":{"start":{"line":829,"column":6},"end":{"line":835,"column":135}},"392":{"start":{"line":838,"column":6},"end":{"line":838,"column":115}},"393":{"start":{"line":841,"column":6},"end":{"line":841,"column":18}},"394":{"start":{"line":842,"column":6},"end":{"line":842,"column":56}},"395":{"start":{"line":843,"column":6},"end":{"line":843,"column":25}},"396":{"start":{"line":844,"column":6},"end":{"line":844,"column":36}},"397":{"start":{"line":845,"column":6},"end":{"line":845,"column":18}},"398":{"start":{"line":846,"column":6},"end":{"line":846,"column":23}},"399":{"start":{"line":847,"column":6},"end":{"line":847,"column":29}},"400":{"start":{"line":848,"column":6},"end":{"line":848,"column":19}},"401":{"start":{"line":849,"column":6},"end":{"line":849,"column":21}},"402":{"start":{"line":850,"column":6},"end":{"line":850,"column":19}},"403":{"start":{"line":851,"column":6},"end":{"line":851,"column":58}},"404":{"start":{"line":852,"column":6},"end":{"line":852,"column":121}},"405":{"start":{"line":854,"column":6},"end":{"line":854,"column":115}},"406":{"start":{"line":857,"column":6},"end":{"line":857,"column":18}},"407":{"start":{"line":858,"column":6},"end":{"line":858,"column":80}},"408":{"start":{"line":859,"column":6},"end":{"line":859,"column":25}},"409":{"start":{"line":860,"column":6},"end":{"line":860,"column":35}},"410":{"start":{"line":861,"column":6},"end":{"line":861,"column":18}},"411":{"start":{"line":862,"column":6},"end":{"line":862,"column":20}},"412":{"start":{"line":863,"column":6},"end":{"line":863,"column":24}},"413":{"start":{"line":864,"column":6},"end":{"line":864,"column":19}},"414":{"start":{"line":865,"column":6},"end":{"line":865,"column":21}},"415":{"start":{"line":866,"column":6},"end":{"line":866,"column":18}},"416":{"start":{"line":867,"column":6},"end":{"line":867,"column":77}},"417":{"start":{"line":868,"column":6},"end":{"line":885,"column":87}},"418":{"start":{"line":886,"column":6},"end":{"line":886,"column":115}},"419":{"start":{"line":889,"column":6},"end":{"line":889,"column":18}},"420":{"start":{"line":890,"column":6},"end":{"line":890,"column":25}},"421":{"start":{"line":891,"column":6},"end":{"line":891,"column":25}},"422":{"start":{"line":892,"column":6},"end":{"line":892,"column":39}},"423":{"start":{"line":893,"column":6},"end":{"line":893,"column":18}},"424":{"start":{"line":894,"column":6},"end":{"line":894,"column":27}},"425":{"start":{"line":895,"column":6},"end":{"line":895,"column":26}},"426":{"start":{"line":896,"column":6},"end":{"line":896,"column":19}},"427":{"start":{"line":897,"column":6},"end":{"line":897,"column":21}},"428":{"start":{"line":898,"column":6},"end":{"line":898,"column":19}},"429":{"start":{"line":899,"column":6},"end":{"line":899,"column":27}},"430":{"start":{"line":900,"column":6},"end":{"line":917,"column":87}},"431":{"start":{"line":919,"column":4},"end":{"line":919,"column":113}},"432":{"start":{"line":922,"column":4},"end":{"line":922,"column":16}},"433":{"start":{"line":923,"column":4},"end":{"line":923,"column":31}},"434":{"start":{"line":924,"column":4},"end":{"line":924,"column":23}},"435":{"start":{"line":925,"column":4},"end":{"line":925,"column":32}},"436":{"start":{"line":926,"column":4},"end":{"line":926,"column":17}},"437":{"start":{"line":927,"column":4},"end":{"line":927,"column":25}},"438":{"start":{"line":928,"column":4},"end":{"line":928,"column":24}},"439":{"start":{"line":929,"column":4},"end":{"line":929,"column":17}},"440":{"start":{"line":930,"column":4},"end":{"line":930,"column":20}},"441":{"start":{"line":931,"column":4},"end":{"line":931,"column":17}},"442":{"start":{"line":932,"column":4},"end":{"line":932,"column":33}},"443":{"start":{"line":933,"column":4},"end":{"line":933,"column":396}},"444":{"start":{"line":935,"column":2},"end":{"line":935,"column":111}},"445":{"start":{"line":938,"column":2},"end":{"line":938,"column":14}},"446":{"start":{"line":939,"column":2},"end":{"line":939,"column":51}},"447":{"start":{"line":940,"column":2},"end":{"line":940,"column":21}},"448":{"start":{"line":941,"column":2},"end":{"line":941,"column":26}},"449":{"start":{"line":942,"column":2},"end":{"line":942,"column":14}},"450":{"start":{"line":943,"column":2},"end":{"line":943,"column":20}},"451":{"start":{"line":944,"column":2},"end":{"line":944,"column":18}},"452":{"start":{"line":945,"column":2},"end":{"line":945,"column":13}},"453":{"start":{"line":946,"column":2},"end":{"line":946,"column":18}},"454":{"start":{"line":947,"column":2},"end":{"line":947,"column":15}},"455":{"start":{"line":948,"column":2},"end":{"line":948,"column":51}},"456":{"start":{"line":949,"column":2},"end":{"line":953,"column":94}},"457":{"start":{"line":955,"column":0},"end":{"line":955,"column":109}},"458":{"start":{"line":958,"column":0},"end":{"line":958,"column":12}},"459":{"start":{"line":959,"column":0},"end":{"line":959,"column":56}},"460":{"start":{"line":960,"column":0},"end":{"line":960,"column":19}},"461":{"start":{"line":961,"column":0},"end":{"line":961,"column":30}},"462":{"start":{"line":962,"column":0},"end":{"line":962,"column":12}},"463":{"start":{"line":963,"column":0},"end":{"line":963,"column":23}},"464":{"start":{"line":964,"column":0},"end":{"line":964,"column":22}},"465":{"start":{"line":965,"column":0},"end":{"line":965,"column":12}},"466":{"start":{"line":966,"column":0},"end":{"line":966,"column":15}},"467":{"start":{"line":967,"column":0},"end":{"line":967,"column":12}},"468":{"start":{"line":968,"column":0},"end":{"line":968,"column":55}},"469":{"start":{"line":969,"column":0},"end":{"line":971,"column":519}},"470":{"start":{"line":972,"column":0},"end":{"line":972,"column":109}},"471":{"start":{"line":975,"column":0},"end":{"line":975,"column":12}},"472":{"start":{"line":976,"column":0},"end":{"line":976,"column":22}},"473":{"start":{"line":977,"column":0},"end":{"line":977,"column":18}},"474":{"start":{"line":978,"column":0},"end":{"line":978,"column":16}},"475":{"start":{"line":979,"column":0},"end":{"line":979,"column":11}},"476":{"start":{"line":980,"column":0},"end":{"line":980,"column":32}},"477":{"start":{"line":981,"column":0},"end":{"line":981,"column":35}},"478":{"start":{"line":982,"column":0},"end":{"line":982,"column":12}},"479":{"start":{"line":983,"column":0},"end":{"line":983,"column":15}},"480":{"start":{"line":984,"column":0},"end":{"line":984,"column":11}},"481":{"start":{"line":985,"column":0},"end":{"line":985,"column":33}},"482":{"start":{"line":986,"column":0},"end":{"line":988,"column":237}},"483":{"start":{"line":989,"column":0},"end":{"line":992,"column":134}},"484":{"start":{"line":995,"column":0},"end":{"line":995,"column":109}},"485":{"start":{"line":998,"column":0},"end":{"line":998,"column":12}},"486":{"start":{"line":999,"column":0},"end":{"line":999,"column":34}},"487":{"start":{"line":1000,"column":0},"end":{"line":1000,"column":18}},"488":{"start":{"line":1001,"column":0},"end":{"line":1001,"column":14}},"489":{"start":{"line":1002,"column":0},"end":{"line":1002,"column":12}},"490":{"start":{"line":1003,"column":0},"end":{"line":1003,"column":36}},"491":{"start":{"line":1004,"column":0},"end":{"line":1004,"column":28}},"492":{"start":{"line":1005,"column":0},"end":{"line":1005,"column":12}},"493":{"start":{"line":1006,"column":0},"end":{"line":1006,"column":15}},"494":{"start":{"line":1007,"column":0},"end":{"line":1007,"column":12}},"495":{"start":{"line":1008,"column":0},"end":{"line":1008,"column":30}},"496":{"start":{"line":1009,"column":0},"end":{"line":1017,"column":103}},"497":{"start":{"line":1018,"column":0},"end":{"line":1019,"column":183}},"498":{"start":{"line":1021,"column":0},"end":{"line":1021,"column":109}},"499":{"start":{"line":1024,"column":0},"end":{"line":1024,"column":12}},"500":{"start":{"line":1025,"column":0},"end":{"line":1025,"column":43}},"501":{"start":{"line":1026,"column":0},"end":{"line":1026,"column":17}},"502":{"start":{"line":1027,"column":0},"end":{"line":1027,"column":17}},"503":{"start":{"line":1028,"column":0},"end":{"line":1028,"column":11}},"504":{"start":{"line":1029,"column":0},"end":{"line":1029,"column":39}},"505":{"start":{"line":1030,"column":0},"end":{"line":1030,"column":41}},"506":{"start":{"line":1031,"column":0},"end":{"line":1031,"column":12}},"507":{"start":{"line":1032,"column":0},"end":{"line":1032,"column":15}},"508":{"start":{"line":1033,"column":0},"end":{"line":1033,"column":12}},"509":{"start":{"line":1034,"column":0},"end":{"line":1034,"column":71}},"510":{"start":{"line":1035,"column":0},"end":{"line":1044,"column":350}},"511":{"start":{"line":1046,"column":0},"end":{"line":1046,"column":109}},"512":{"start":{"line":1053,"column":29},"end":{"line":1063,"column":5}},"513":{"start":{"line":1054,"column":17},"end":{"line":1054,"column":30}},"514":{"start":{"line":1055,"column":25},"end":{"line":1055,"column":52}},"515":{"start":{"line":1056,"column":21},"end":{"line":1056,"column":39}},"516":{"start":{"line":1057,"column":28},"end":{"line":1057,"column":50}},"517":{"start":{"line":1059,"column":8},"end":{"line":1059,"column":97}},"518":{"start":{"line":1060,"column":8},"end":{"line":1060,"column":58}},"519":{"start":{"line":1061,"column":8},"end":{"line":1061,"column":48}},"520":{"start":{"line":1072,"column":0},"end":{"line":1072,"column":36}}},"fnMap":{"0":{"name":"(anonymous_0)","decl":{"start":{"line":7,"column":56},"end":{"line":7,"column":57}},"loc":{"start":{"line":7,"column":65},"end":{"line":7,"column":88}},"line":7},"1":{"name":"(anonymous_1)","decl":{"start":{"line":9,"column":4},"end":{"line":9,"column":5}},"loc":{"start":{"line":9,"column":36},"end":{"line":20,"column":5}},"line":9},"2":{"name":"(anonymous_2)","decl":{"start":{"line":23,"column":4},"end":{"line":23,"column":5}},"loc":{"start":{"line":23,"column":30},"end":{"line":34,"column":5}},"line":23},"3":{"name":"(anonymous_3)","decl":{"start":{"line":24,"column":27},"end":{"line":24,"column":28}},"loc":{"start":{"line":24,"column":54},"end":{"line":33,"column":9}},"line":24},"4":{"name":"(anonymous_4)","decl":{"start":{"line":26,"column":33},"end":{"line":26,"column":34}},"loc":{"start":{"line":26,"column":48},"end":{"line":32,"column":13}},"line":26},"5":{"name":"(anonymous_5)","decl":{"start":{"line":36,"column":4},"end":{"line":36,"column":5}},"loc":{"start":{"line":36,"column":38},"end":{"line":47,"column":5}},"line":36},"6":{"name":"(anonymous_6)","decl":{"start":{"line":37,"column":27},"end":{"line":37,"column":28}},"loc":{"start":{"line":37,"column":54},"end":{"line":46,"column":9}},"line":37},"7":{"name":"(anonymous_7)","decl":{"start":{"line":39,"column":33},"end":{"line":39,"column":34}},"loc":{"start":{"line":39,"column":48},"end":{"line":45,"column":13}},"line":39},"8":{"name":"(anonymous_8)","decl":{"start":{"line":49,"column":4},"end":{"line":49,"column":5}},"loc":{"start":{"line":49,"column":30},"end":{"line":60,"column":5}},"line":49},"9":{"name":"(anonymous_9)","decl":{"start":{"line":50,"column":27},"end":{"line":50,"column":28}},"loc":{"start":{"line":50,"column":54},"end":{"line":59,"column":9}},"line":50},"10":{"name":"(anonymous_10)","decl":{"start":{"line":52,"column":33},"end":{"line":52,"column":34}},"loc":{"start":{"line":52,"column":48},"end":{"line":58,"column":13}},"line":52},"11":{"name":"(anonymous_11)","decl":{"start":{"line":63,"column":4},"end":{"line":63,"column":5}},"loc":{"start":{"line":63,"column":39},"end":{"line":74,"column":5}},"line":63},"12":{"name":"(anonymous_12)","decl":{"start":{"line":64,"column":27},"end":{"line":64,"column":28}},"loc":{"start":{"line":64,"column":54},"end":{"line":73,"column":9}},"line":64},"13":{"name":"(anonymous_13)","decl":{"start":{"line":66,"column":33},"end":{"line":66,"column":34}},"loc":{"start":{"line":66,"column":48},"end":{"line":72,"column":13}},"line":66},"14":{"name":"(anonymous_14)","decl":{"start":{"line":76,"column":21},"end":{"line":76,"column":22}},"loc":{"start":{"line":76,"column":31},"end":{"line":1050,"column":1}},"line":76},"15":{"name":"(anonymous_15)","decl":{"start":{"line":1053,"column":29},"end":{"line":1053,"column":30}},"loc":{"start":{"line":1053,"column":125},"end":{"line":1063,"column":5}},"line":1053}},"branchMap":{"0":{"loc":{"start":{"line":7,"column":67},"end":{"line":7,"column":86}},"type":"if","locations":[{"start":{"line":7,"column":67},"end":{"line":7,"column":86}},{"start":{},"end":{}}],"line":7},"1":{"loc":{"start":{"line":27,"column":16},"end":{"line":31,"column":17}},"type":"if","locations":[{"start":{"line":27,"column":16},"end":{"line":31,"column":17}},{"start":{"line":29,"column":21},"end":{"line":31,"column":17}}],"line":27},"2":{"loc":{"start":{"line":40,"column":16},"end":{"line":44,"column":17}},"type":"if","locations":[{"start":{"line":40,"column":16},"end":{"line":44,"column":17}},{"start":{"line":42,"column":21},"end":{"line":44,"column":17}}],"line":40},"3":{"loc":{"start":{"line":53,"column":16},"end":{"line":57,"column":17}},"type":"if","locations":[{"start":{"line":53,"column":16},"end":{"line":57,"column":17}},{"start":{"line":55,"column":21},"end":{"line":57,"column":17}}],"line":53},"4":{"loc":{"start":{"line":67,"column":16},"end":{"line":71,"column":17}},"type":"if","locations":[{"start":{"line":67,"column":16},"end":{"line":71,"column":17}},{"start":{"line":69,"column":21},"end":{"line":71,"column":17}}],"line":67}},"s":{"0":4,"1":4,"2":4,"3":0,"4":4,"5":4,"6":4,"7":4,"8":4,"9":4,"10":4,"11":4,"12":0,"13":4,"14":4,"15":4,"16":4,"17":4,"18":0,"19":4,"20":4,"21":4,"22":4,"23":4,"24":0,"25":4,"26":4,"27":4,"28":4,"29":4,"30":0,"31":4,"32":4,"33":4,"34":4,"35":4,"36":4,"37":4,"38":4,"39":4,"40":4,"41":4,"42":4,"43":4,"44":4,"45":4,"46":4,"47":4,"48":4,"49":4,"50":4,"51":4,"52":4,"53":4,"54":4,"55":4,"56":4,"57":4,"58":4,"59":4,"60":4,"61":4,"62":4,"63":4,"64":4,"65":4,"66":4,"67":4,"68":4,"69":4,"70":4,"71":4,"72":4,"73":4,"74":4,"75":4,"76":4,"77":4,"78":4,"79":4,"80":4,"81":4,"82":4,"83":4,"84":4,"85":4,"86":4,"87":4,"88":4,"89":4,"90":4,"91":4,"92":4,"93":4,"94":4,"95":4,"96":4,"97":4,"98":4,"99":4,"100":4,"101":4,"102":4,"103":4,"104":4,"105":4,"106":4,"107":4,"108":4,"109":4,"110":4,"111":4,"112":4,"113":4,"114":4,"115":4,"116":4,"117":4,"118":4,"119":4,"120":4,"121":4,"122":4,"123":4,"124":4,"125":4,"126":4,"127":4,"128":4,"129":4,"130":4,"131":4,"132":4,"133":4,"134":4,"135":4,"136":4,"137":4,"138":4,"139":4,"140":4,"141":4,"142":4,"143":4,"144":4,"145":4,"146":4,"147":4,"148":4,"149":4,"150":4,"151":4,"152":4,"153":4,"154":4,"155":4,"156":4,"157":4,"158":4,"159":4,"160":4,"161":4,"162":4,"163":4,"164":4,"165":4,"166":4,"167":4,"168":4,"169":4,"170":4,"171":4,"172":4,"173":4,"174":4,"175":4,"176":4,"177":4,"178":4,"179":4,"180":4,"181":4,"182":4,"183":4,"184":4,"185":4,"186":4,"187":4,"188":4,"189":4,"190":4,"191":4,"192":4,"193":4,"194":4,"195":4,"196":4,"197":4,"198":4,"199":4,"200":4,"201":4,"202":4,"203":4,"204":4,"205":4,"206":4,"207":4,"208":4,"209":4,"210":4,"211":4,"212":4,"213":4,"214":4,"215":4,"216":4,"217":4,"218":4,"219":4,"220":4,"221":4,"222":4,"223":4,"224":4,"225":4,"226":4,"227":4,"228":4,"229":4,"230":4,"231":4,"232":4,"233":4,"234":4,"235":4,"236":4,"237":4,"238":4,"239":4,"240":4,"241":4,"242":4,"243":4,"244":4,"245":4,"246":4,"247":4,"248":4,"249":4,"250":4,"251":4,"252":4,"253":4,"254":4,"255":4,"256":4,"257":4,"258":4,"259":4,"260":4,"261":4,"262":4,"263":4,"264":4,"265":4,"266":4,"267":4,"268":4,"269":4,"270":4,"271":4,"272":4,"273":4,"274":4,"275":4,"276":4,"277":4,"278":4,"279":4,"280":4,"281":4,"282":4,"283":4,"284":4,"285":4,"286":4,"287":4,"288":4,"289":4,"290":4,"291":4,"292":4,"293":4,"294":4,"295":4,"296":4,"297":4,"298":4,"299":4,"300":4,"301":4,"302":4,"303":4,"304":4,"305":4,"306":4,"307":4,"308":4,"309":4,"310":4,"311":4,"312":4,"313":4,"314":4,"315":4,"316":4,"317":4,"318":4,"319":4,"320":4,"321":4,"322":4,"323":4,"324":4,"325":4,"326":4,"327":4,"328":4,"329":4,"330":4,"331":4,"332":4,"333":4,"334":4,"335":4,"336":4,"337":4,"338":4,"339":4,"340":4,"341":4,"342":4,"343":4,"344":4,"345":4,"346":4,"347":4,"348":4,"349":4,"350":4,"351":4,"352":4,"353":4,"354":4,"355":4,"356":4,"357":4,"358":4,"359":4,"360":4,"361":4,"362":4,"363":4,"364":4,"365":4,"366":4,"367":4,"368":4,"369":4,"370":4,"371":4,"372":4,"373":4,"374":4,"375":4,"376":4,"377":4,"378":4,"379":4,"380":4,"381":4,"382":4,"383":4,"384":4,"385":4,"386":4,"387":4,"388":4,"389":4,"390":4,"391":4,"392":4,"393":4,"394":4,"395":4,"396":4,"397":4,"398":4,"399":4,"400":4,"401":4,"402":4,"403":4,"404":4,"405":4,"406":4,"407":4,"408":4,"409":4,"410":4,"411":4,"412":4,"413":4,"414":4,"415":4,"416":4,"417":4,"418":4,"419":4,"420":4,"421":4,"422":4,"423":4,"424":4,"425":4,"426":4,"427":4,"428":4,"429":4,"430":4,"431":4,"432":4,"433":4,"434":4,"435":4,"436":4,"437":4,"438":4,"439":4,"440":4,"441":4,"442":4,"443":4,"444":4,"445":4,"446":4,"447":4,"448":4,"449":4,"450":4,"451":4,"452":4,"453":4,"454":4,"455":4,"456":4,"457":4,"458":4,"459":4,"460":4,"461":4,"462":4,"463":4,"464":4,"465":4,"466":4,"467":4,"468":4,"469":4,"470":4,"471":4,"472":4,"473":4,"474":4,"475":4,"476":4,"477":4,"478":4,"479":4,"480":4,"481":4,"482":4,"483":4,"484":4,"485":4,"486":4,"487":4,"488":4,"489":4,"490":4,"491":4,"492":4,"493":4,"494":4,"495":4,"496":4,"497":4,"498":4,"499":4,"500":4,"501":4,"502":4,"503":4,"504":4,"505":4,"506":4,"507":4,"508":4,"509":4,"510":4,"511":4,"512":4,"513":144,"514":144,"515":144,"516":144,"517":144,"518":36,"519":36,"520":4},"f":{"0":4,"1":4,"2":4,"3":4,"4":4,"5":4,"6":4,"7":4,"8":4,"9":4,"10":4,"11":4,"12":4,"13":4,"14":4,"15":144},"b":{"0":[0,4],"1":[0,4],"2":[0,4],"3":[0,4],"4":[0,4]},"_coverageSchema":"1a1c01bbd47fc00a2c39e90264f33305004495a9","hash":"42dcb58f15092c25fde3b668975e71db302c19aa"}
,"D:\\Users\\Fabio\\Documents\\Polito\\Software Engineering II\\HikeTracker\\server\\modules\\FileNames.js": {"path":"D:\\Users\\Fabio\\Documents\\Polito\\Software Engineering II\\HikeTracker\\server\\modules\\FileNames.js","statementMap":{"0":{"start":{"line":3,"column":11},"end":{"line":3,"column":29}},"1":{"start":{"line":5,"column":0},"end":{"line":18,"column":4}},"2":{"start":{"line":7,"column":4},"end":{"line":17,"column":7}},"3":{"start":{"line":8,"column":18},"end":{"line":8,"column":58}},"4":{"start":{"line":9,"column":6},"end":{"line":16,"column":9}},"5":{"start":{"line":11,"column":8},"end":{"line":13,"column":9}},"6":{"start":{"line":12,"column":10},"end":{"line":12,"column":22}},"7":{"start":{"line":14,"column":25},"end":{"line":14,"column":37}},"8":{"start":{"line":15,"column":8},"end":{"line":15,"column":26}},"9":{"start":{"line":20,"column":2},"end":{"line":34,"column":4}},"10":{"start":{"line":22,"column":4},"end":{"line":33,"column":7}},"11":{"start":{"line":23,"column":18},"end":{"line":23,"column":43}},"12":{"start":{"line":24,"column":6},"end":{"line":32,"column":9}},"13":{"start":{"line":25,"column":8},"end":{"line":28,"column":9}},"14":{"start":{"line":27,"column":10},"end":{"line":27,"column":22}},"15":{"start":{"line":30,"column":22},"end":{"line":30,"column":82}},"16":{"start":{"line":30,"column":39},"end":{"line":30,"column":80}},"17":{"start":{"line":31,"column":8},"end":{"line":31,"column":23}},"18":{"start":{"line":35,"column":2},"end":{"line":46,"column":3}},"19":{"start":{"line":36,"column":4},"end":{"line":45,"column":7}},"20":{"start":{"line":37,"column":18},"end":{"line":37,"column":73}},"21":{"start":{"line":38,"column":6},"end":{"line":44,"column":9}},"22":{"start":{"line":39,"column":10},"end":{"line":43,"column":11}},"23":{"start":{"line":40,"column":14},"end":{"line":40,"column":26}},"24":{"start":{"line":42,"column":14},"end":{"line":42,"column":45}},"25":{"start":{"line":48,"column":2},"end":{"line":57,"column":3}},"26":{"start":{"line":49,"column":4},"end":{"line":56,"column":4}},"27":{"start":{"line":50,"column":6},"end":{"line":55,"column":9}},"28":{"start":{"line":51,"column":10},"end":{"line":54,"column":39}},"29":{"start":{"line":52,"column":14},"end":{"line":52,"column":26}},"30":{"start":{"line":54,"column":14},"end":{"line":54,"column":39}}},"fnMap":{"0":{"name":"(anonymous_0)","decl":{"start":{"line":5,"column":22},"end":{"line":5,"column":23}},"loc":{"start":{"line":5,"column":34},"end":{"line":18,"column":3}},"line":5},"1":{"name":"(anonymous_1)","decl":{"start":{"line":7,"column":23},"end":{"line":7,"column":24}},"loc":{"start":{"line":7,"column":44},"end":{"line":17,"column":5}},"line":7},"2":{"name":"(anonymous_2)","decl":{"start":{"line":9,"column":28},"end":{"line":9,"column":29}},"loc":{"start":{"line":9,"column":42},"end":{"line":16,"column":7}},"line":9},"3":{"name":"(anonymous_3)","decl":{"start":{"line":20,"column":21},"end":{"line":20,"column":22}},"loc":{"start":{"line":20,"column":27},"end":{"line":34,"column":3}},"line":20},"4":{"name":"(anonymous_4)","decl":{"start":{"line":22,"column":23},"end":{"line":22,"column":24}},"loc":{"start":{"line":22,"column":44},"end":{"line":33,"column":5}},"line":22},"5":{"name":"(anonymous_5)","decl":{"start":{"line":24,"column":22},"end":{"line":24,"column":23}},"loc":{"start":{"line":24,"column":37},"end":{"line":32,"column":7}},"line":24},"6":{"name":"(anonymous_6)","decl":{"start":{"line":30,"column":31},"end":{"line":30,"column":32}},"loc":{"start":{"line":30,"column":39},"end":{"line":30,"column":80}},"line":30},"7":{"name":"(anonymous_7)","decl":{"start":{"line":35,"column":18},"end":{"line":35,"column":19}},"loc":{"start":{"line":35,"column":33},"end":{"line":46,"column":3}},"line":35},"8":{"name":"(anonymous_8)","decl":{"start":{"line":36,"column":23},"end":{"line":36,"column":24}},"loc":{"start":{"line":36,"column":50},"end":{"line":45,"column":5}},"line":36},"9":{"name":"(anonymous_9)","decl":{"start":{"line":38,"column":33},"end":{"line":38,"column":34}},"loc":{"start":{"line":38,"column":48},"end":{"line":44,"column":7}},"line":38},"10":{"name":"(anonymous_10)","decl":{"start":{"line":48,"column":26},"end":{"line":48,"column":27}},"loc":{"start":{"line":48,"column":30},"end":{"line":57,"column":3}},"line":48},"11":{"name":"(anonymous_11)","decl":{"start":{"line":49,"column":23},"end":{"line":49,"column":24}},"loc":{"start":{"line":49,"column":50},"end":{"line":56,"column":3}},"line":49},"12":{"name":"(anonymous_12)","decl":{"start":{"line":50,"column":42},"end":{"line":50,"column":43}},"loc":{"start":{"line":50,"column":57},"end":{"line":55,"column":7}},"line":50}},"branchMap":{"0":{"loc":{"start":{"line":11,"column":8},"end":{"line":13,"column":9}},"type":"if","locations":[{"start":{"line":11,"column":8},"end":{"line":13,"column":9}},{"start":{},"end":{}}],"line":11},"1":{"loc":{"start":{"line":25,"column":8},"end":{"line":28,"column":9}},"type":"if","locations":[{"start":{"line":25,"column":8},"end":{"line":28,"column":9}},{"start":{},"end":{}}],"line":25},"2":{"loc":{"start":{"line":39,"column":10},"end":{"line":43,"column":11}},"type":"if","locations":[{"start":{"line":39,"column":10},"end":{"line":43,"column":11}},{"start":{"line":41,"column":15},"end":{"line":43,"column":11}}],"line":39},"3":{"loc":{"start":{"line":51,"column":10},"end":{"line":54,"column":39}},"type":"if","locations":[{"start":{"line":51,"column":10},"end":{"line":54,"column":39}},{"start":{"line":54,"column":14},"end":{"line":54,"column":39}}],"line":51}},"s":{"0":4,"1":4,"2":0,"3":0,"4":0,"5":0,"6":0,"7":0,"8":0,"9":4,"10":1,"11":1,"12":1,"13":1,"14":0,"15":1,"16":31,"17":1,"18":4,"19":36,"20":36,"21":36,"22":31,"23":0,"24":31,"25":4,"26":4,"27":4,"28":4,"29":0,"30":4},"f":{"0":0,"1":0,"2":0,"3":1,"4":1,"5":1,"6":31,"7":36,"8":36,"9":31,"10":4,"11":4,"12":4},"b":{"0":[0,0],"1":[0,1],"2":[0,31],"3":[0,4]},"_coverageSchema":"1a1c01bbd47fc00a2c39e90264f33305004495a9","hash":"f3e9bacc1eb54d76511a38adfc4d9387c26deca1"}
,"D:\\Users\\Fabio\\Documents\\Polito\\Software Engineering II\\HikeTracker\\server\\modules\\HikeLocations.js": {"path":"D:\\Users\\Fabio\\Documents\\Polito\\Software Engineering II\\HikeTracker\\server\\modules\\HikeLocations.js","statementMap":{"0":{"start":{"line":3,"column":11},"end":{"line":3,"column":29}},"1":{"start":{"line":5,"column":0},"end":{"line":18,"column":2}},"2":{"start":{"line":7,"column":4},"end":{"line":17,"column":7}},"3":{"start":{"line":8,"column":18},"end":{"line":8,"column":47}},"4":{"start":{"line":9,"column":6},"end":{"line":16,"column":9}},"5":{"start":{"line":11,"column":8},"end":{"line":13,"column":9}},"6":{"start":{"line":12,"column":10},"end":{"line":12,"column":22}},"7":{"start":{"line":14,"column":22},"end":{"line":14,"column":96}},"8":{"start":{"line":14,"column":39},"end":{"line":14,"column":94}},"9":{"start":{"line":15,"column":8},"end":{"line":15,"column":23}},"10":{"start":{"line":20,"column":0},"end":{"line":32,"column":2}},"11":{"start":{"line":21,"column":2},"end":{"line":31,"column":5}},"12":{"start":{"line":22,"column":16},"end":{"line":22,"column":62}},"13":{"start":{"line":23,"column":4},"end":{"line":30,"column":7}},"14":{"start":{"line":25,"column":6},"end":{"line":27,"column":7}},"15":{"start":{"line":26,"column":8},"end":{"line":26,"column":20}},"16":{"start":{"line":28,"column":20},"end":{"line":28,"column":94}},"17":{"start":{"line":28,"column":37},"end":{"line":28,"column":92}},"18":{"start":{"line":29,"column":6},"end":{"line":29,"column":21}},"19":{"start":{"line":34,"column":0},"end":{"line":45,"column":2}},"20":{"start":{"line":35,"column":2},"end":{"line":44,"column":5}},"21":{"start":{"line":36,"column":16},"end":{"line":36,"column":102}},"22":{"start":{"line":37,"column":4},"end":{"line":43,"column":7}},"23":{"start":{"line":38,"column":8},"end":{"line":42,"column":9}},"24":{"start":{"line":39,"column":12},"end":{"line":39,"column":24}},"25":{"start":{"line":41,"column":12},"end":{"line":41,"column":37}},"26":{"start":{"line":46,"column":0},"end":{"line":57,"column":2}},"27":{"start":{"line":47,"column":2},"end":{"line":56,"column":5}},"28":{"start":{"line":48,"column":16},"end":{"line":48,"column":83}},"29":{"start":{"line":49,"column":4},"end":{"line":55,"column":7}},"30":{"start":{"line":50,"column":8},"end":{"line":54,"column":9}},"31":{"start":{"line":51,"column":12},"end":{"line":51,"column":24}},"32":{"start":{"line":53,"column":12},"end":{"line":53,"column":42}},"33":{"start":{"line":59,"column":0},"end":{"line":68,"column":1}},"34":{"start":{"line":60,"column":2},"end":{"line":67,"column":4}},"35":{"start":{"line":61,"column":4},"end":{"line":66,"column":7}},"36":{"start":{"line":62,"column":8},"end":{"line":65,"column":45}},"37":{"start":{"line":63,"column":12},"end":{"line":63,"column":24}},"38":{"start":{"line":65,"column":12},"end":{"line":65,"column":45}}},"fnMap":{"0":{"name":"(anonymous_0)","decl":{"start":{"line":5,"column":27},"end":{"line":5,"column":28}},"loc":{"start":{"line":5,"column":33},"end":{"line":18,"column":1}},"line":5},"1":{"name":"(anonymous_1)","decl":{"start":{"line":7,"column":23},"end":{"line":7,"column":24}},"loc":{"start":{"line":7,"column":44},"end":{"line":17,"column":5}},"line":7},"2":{"name":"(anonymous_2)","decl":{"start":{"line":9,"column":22},"end":{"line":9,"column":23}},"loc":{"start":{"line":9,"column":37},"end":{"line":16,"column":7}},"line":9},"3":{"name":"(anonymous_3)","decl":{"start":{"line":14,"column":31},"end":{"line":14,"column":32}},"loc":{"start":{"line":14,"column":39},"end":{"line":14,"column":94}},"line":14},"4":{"name":"(anonymous_4)","decl":{"start":{"line":20,"column":32},"end":{"line":20,"column":33}},"loc":{"start":{"line":20,"column":44},"end":{"line":32,"column":1}},"line":20},"5":{"name":"(anonymous_5)","decl":{"start":{"line":21,"column":21},"end":{"line":21,"column":22}},"loc":{"start":{"line":21,"column":42},"end":{"line":31,"column":3}},"line":21},"6":{"name":"(anonymous_6)","decl":{"start":{"line":23,"column":26},"end":{"line":23,"column":27}},"loc":{"start":{"line":23,"column":41},"end":{"line":30,"column":5}},"line":23},"7":{"name":"(anonymous_7)","decl":{"start":{"line":28,"column":29},"end":{"line":28,"column":30}},"loc":{"start":{"line":28,"column":37},"end":{"line":28,"column":92}},"line":28},"8":{"name":"(anonymous_8)","decl":{"start":{"line":34,"column":27},"end":{"line":34,"column":28}},"loc":{"start":{"line":34,"column":31},"end":{"line":45,"column":1}},"line":34},"9":{"name":"(anonymous_9)","decl":{"start":{"line":35,"column":21},"end":{"line":35,"column":22}},"loc":{"start":{"line":35,"column":48},"end":{"line":44,"column":3}},"line":35},"10":{"name":"(anonymous_10)","decl":{"start":{"line":37,"column":20},"end":{"line":37,"column":21}},"loc":{"start":{"line":37,"column":35},"end":{"line":43,"column":5}},"line":37},"11":{"name":"(anonymous_11)","decl":{"start":{"line":46,"column":21},"end":{"line":46,"column":22}},"loc":{"start":{"line":46,"column":45},"end":{"line":57,"column":1}},"line":46},"12":{"name":"(anonymous_12)","decl":{"start":{"line":47,"column":21},"end":{"line":47,"column":22}},"loc":{"start":{"line":47,"column":48},"end":{"line":56,"column":3}},"line":47},"13":{"name":"(anonymous_13)","decl":{"start":{"line":49,"column":40},"end":{"line":49,"column":41}},"loc":{"start":{"line":49,"column":55},"end":{"line":55,"column":5}},"line":49},"14":{"name":"(anonymous_14)","decl":{"start":{"line":59,"column":23},"end":{"line":59,"column":24}},"loc":{"start":{"line":59,"column":27},"end":{"line":68,"column":1}},"line":59},"15":{"name":"(anonymous_15)","decl":{"start":{"line":60,"column":21},"end":{"line":60,"column":22}},"loc":{"start":{"line":60,"column":48},"end":{"line":67,"column":3}},"line":60},"16":{"name":"(anonymous_16)","decl":{"start":{"line":61,"column":44},"end":{"line":61,"column":45}},"loc":{"start":{"line":61,"column":59},"end":{"line":66,"column":5}},"line":61}},"branchMap":{"0":{"loc":{"start":{"line":11,"column":8},"end":{"line":13,"column":9}},"type":"if","locations":[{"start":{"line":11,"column":8},"end":{"line":13,"column":9}},{"start":{},"end":{}}],"line":11},"1":{"loc":{"start":{"line":25,"column":6},"end":{"line":27,"column":7}},"type":"if","locations":[{"start":{"line":25,"column":6},"end":{"line":27,"column":7}},{"start":{},"end":{}}],"line":25},"2":{"loc":{"start":{"line":38,"column":8},"end":{"line":42,"column":9}},"type":"if","locations":[{"start":{"line":38,"column":8},"end":{"line":42,"column":9}},{"start":{"line":40,"column":13},"end":{"line":42,"column":9}}],"line":38},"3":{"loc":{"start":{"line":50,"column":8},"end":{"line":54,"column":9}},"type":"if","locations":[{"start":{"line":50,"column":8},"end":{"line":54,"column":9}},{"start":{"line":52,"column":13},"end":{"line":54,"column":9}}],"line":50},"4":{"loc":{"start":{"line":62,"column":8},"end":{"line":65,"column":45}},"type":"if","locations":[{"start":{"line":62,"column":8},"end":{"line":65,"column":45}},{"start":{"line":65,"column":12},"end":{"line":65,"column":45}}],"line":62}},"s":{"0":4,"1":4,"2":3,"3":3,"4":3,"5":3,"6":0,"7":3,"8":35,"9":3,"10":4,"11":1,"12":1,"13":1,"14":1,"15":0,"16":1,"17":1,"18":1,"19":4,"20":2,"21":2,"22":2,"23":2,"24":0,"25":2,"26":4,"27":66,"28":66,"29":66,"30":66,"31":0,"32":66,"33":4,"34":32,"35":32,"36":32,"37":0,"38":32},"f":{"0":3,"1":3,"2":3,"3":35,"4":1,"5":1,"6":1,"7":1,"8":2,"9":2,"10":2,"11":66,"12":66,"13":66,"14":32,"15":32,"16":32},"b":{"0":[0,3],"1":[0,1],"2":[0,2],"3":[0,66],"4":[0,32]},"_coverageSchema":"1a1c01bbd47fc00a2c39e90264f33305004495a9","hash":"bd7e5bf4c051e7ac3ec5a77954e39dc871ef5b7d"}
,"D:\\Users\\Fabio\\Documents\\Polito\\Software Engineering II\\HikeTracker\\server\\modules\\Hikes.js": {"path":"D:\\Users\\Fabio\\Documents\\Polito\\Software Engineering II\\HikeTracker\\server\\modules\\Hikes.js","statementMap":{"0":{"start":{"line":3,"column":11},"end":{"line":3,"column":29}},"1":{"start":{"line":8,"column":26},"end":{"line":8,"column":131}},"2":{"start":{"line":12,"column":0},"end":{"line":26,"column":2}},"3":{"start":{"line":14,"column":2},"end":{"line":25,"column":5}},"4":{"start":{"line":15,"column":16},"end":{"line":15,"column":37}},"5":{"start":{"line":16,"column":4},"end":{"line":24,"column":7}},"6":{"start":{"line":17,"column":6},"end":{"line":20,"column":7}},"7":{"start":{"line":19,"column":8},"end":{"line":19,"column":20}},"8":{"start":{"line":22,"column":20},"end":{"line":22,"column":223}},"9":{"start":{"line":22,"column":37},"end":{"line":22,"column":221}},"10":{"start":{"line":23,"column":6},"end":{"line":23,"column":21}},"11":{"start":{"line":28,"column":0},"end":{"line":45,"column":2}},"12":{"start":{"line":30,"column":2},"end":{"line":44,"column":5}},"13":{"start":{"line":31,"column":16},"end":{"line":31,"column":118}},"14":{"start":{"line":33,"column":4},"end":{"line":43,"column":7}},"15":{"start":{"line":34,"column":6},"end":{"line":36,"column":7}},"16":{"start":{"line":35,"column":8},"end":{"line":35,"column":20}},"17":{"start":{"line":38,"column":6},"end":{"line":41,"column":37}},"18":{"start":{"line":39,"column":21},"end":{"line":39,"column":263}},"19":{"start":{"line":40,"column":8},"end":{"line":40,"column":22}},"20":{"start":{"line":41,"column":13},"end":{"line":41,"column":37}},"21":{"start":{"line":47,"column":0},"end":{"line":57,"column":1}},"22":{"start":{"line":48,"column":2},"end":{"line":56,"column":5}},"23":{"start":{"line":49,"column":4},"end":{"line":55,"column":9}},"24":{"start":{"line":51,"column":8},"end":{"line":54,"column":58}},"25":{"start":{"line":52,"column":10},"end":{"line":52,"column":22}},"26":{"start":{"line":54,"column":10},"end":{"line":54,"column":58}},"27":{"start":{"line":59,"column":0},"end":{"line":69,"column":1}},"28":{"start":{"line":60,"column":2},"end":{"line":68,"column":5}},"29":{"start":{"line":61,"column":4},"end":{"line":67,"column":9}},"30":{"start":{"line":63,"column":8},"end":{"line":66,"column":39}},"31":{"start":{"line":64,"column":10},"end":{"line":64,"column":22}},"32":{"start":{"line":66,"column":10},"end":{"line":66,"column":39}},"33":{"start":{"line":71,"column":0},"end":{"line":80,"column":1}},"34":{"start":{"line":72,"column":2},"end":{"line":79,"column":4}},"35":{"start":{"line":73,"column":4},"end":{"line":78,"column":7}},"36":{"start":{"line":74,"column":6},"end":{"line":77,"column":33}},"37":{"start":{"line":75,"column":8},"end":{"line":75,"column":20}},"38":{"start":{"line":77,"column":8},"end":{"line":77,"column":33}},"39":{"start":{"line":84,"column":0},"end":{"line":141,"column":1}},"40":{"start":{"line":85,"column":2},"end":{"line":140,"column":4}},"41":{"start":{"line":88,"column":6},"end":{"line":137,"column":37}},"42":{"start":{"line":89,"column":8},"end":{"line":136,"column":9}},"43":{"start":{"line":90,"column":10},"end":{"line":121,"column":11}},"44":{"start":{"line":91,"column":22},"end":{"line":91,"column":72}},"45":{"start":{"line":93,"column":12},"end":{"line":100,"column":15}},"46":{"start":{"line":95,"column":14},"end":{"line":99,"column":15}},"47":{"start":{"line":95,"column":23},"end":{"line":95,"column":35}},"48":{"start":{"line":97,"column":30},"end":{"line":97,"column":233}},"49":{"start":{"line":97,"column":47},"end":{"line":97,"column":231}},"50":{"start":{"line":98,"column":16},"end":{"line":98,"column":31}},"51":{"start":{"line":102,"column":22},"end":{"line":102,"column":24}},"52":{"start":{"line":103,"column":12},"end":{"line":108,"column":13}},"53":{"start":{"line":104,"column":14},"end":{"line":104,"column":76}},"54":{"start":{"line":107,"column":14},"end":{"line":107,"column":142}},"55":{"start":{"line":111,"column":12},"end":{"line":120,"column":15}},"56":{"start":{"line":112,"column":14},"end":{"line":119,"column":15}},"57":{"start":{"line":112,"column":23},"end":{"line":112,"column":35}},"58":{"start":{"line":115,"column":30},"end":{"line":115,"column":233}},"59":{"start":{"line":115,"column":47},"end":{"line":115,"column":231}},"60":{"start":{"line":117,"column":16},"end":{"line":117,"column":31}},"61":{"start":{"line":123,"column":10},"end":{"line":135,"column":11}},"62":{"start":{"line":124,"column":22},"end":{"line":124,"column":101}},"63":{"start":{"line":126,"column":12},"end":{"line":132,"column":15}},"64":{"start":{"line":127,"column":14},"end":{"line":131,"column":15}},"65":{"start":{"line":127,"column":23},"end":{"line":127,"column":35}},"66":{"start":{"line":129,"column":30},"end":{"line":129,"column":233}},"67":{"start":{"line":129,"column":47},"end":{"line":129,"column":231}},"68":{"start":{"line":130,"column":16},"end":{"line":130,"column":31}},"69":{"start":{"line":134,"column":12},"end":{"line":134,"column":46}},"70":{"start":{"line":137,"column":13},"end":{"line":137,"column":37}}},"fnMap":{"0":{"name":"(anonymous_0)","decl":{"start":{"line":12,"column":19},"end":{"line":12,"column":20}},"loc":{"start":{"line":12,"column":25},"end":{"line":26,"column":1}},"line":12},"1":{"name":"(anonymous_1)","decl":{"start":{"line":14,"column":21},"end":{"line":14,"column":22}},"loc":{"start":{"line":14,"column":42},"end":{"line":25,"column":3}},"line":14},"2":{"name":"(anonymous_2)","decl":{"start":{"line":16,"column":20},"end":{"line":16,"column":21}},"loc":{"start":{"line":16,"column":35},"end":{"line":24,"column":5}},"line":16},"3":{"name":"(anonymous_3)","decl":{"start":{"line":22,"column":29},"end":{"line":22,"column":30}},"loc":{"start":{"line":22,"column":37},"end":{"line":22,"column":221}},"line":22},"4":{"name":"(anonymous_4)","decl":{"start":{"line":28,"column":18},"end":{"line":28,"column":19}},"loc":{"start":{"line":28,"column":30},"end":{"line":45,"column":1}},"line":28},"5":{"name":"(anonymous_5)","decl":{"start":{"line":30,"column":21},"end":{"line":30,"column":22}},"loc":{"start":{"line":30,"column":42},"end":{"line":44,"column":3}},"line":30},"6":{"name":"(anonymous_6)","decl":{"start":{"line":33,"column":26},"end":{"line":33,"column":27}},"loc":{"start":{"line":33,"column":40},"end":{"line":43,"column":5}},"line":33},"7":{"name":"(anonymous_7)","decl":{"start":{"line":47,"column":25},"end":{"line":47,"column":26}},"loc":{"start":{"line":47,"column":50},"end":{"line":57,"column":1}},"line":47},"8":{"name":"(anonymous_8)","decl":{"start":{"line":48,"column":21},"end":{"line":48,"column":22}},"loc":{"start":{"line":48,"column":48},"end":{"line":56,"column":3}},"line":48},"9":{"name":"(anonymous_9)","decl":{"start":{"line":50,"column":29},"end":{"line":50,"column":30}},"loc":{"start":{"line":50,"column":44},"end":{"line":55,"column":7}},"line":50},"10":{"name":"(anonymous_10)","decl":{"start":{"line":59,"column":18},"end":{"line":59,"column":19}},"loc":{"start":{"line":59,"column":104},"end":{"line":69,"column":1}},"line":59},"11":{"name":"(anonymous_11)","decl":{"start":{"line":60,"column":21},"end":{"line":60,"column":22}},"loc":{"start":{"line":60,"column":48},"end":{"line":68,"column":3}},"line":60},"12":{"name":"(anonymous_12)","decl":{"start":{"line":62,"column":90},"end":{"line":62,"column":91}},"loc":{"start":{"line":62,"column":105},"end":{"line":67,"column":7}},"line":62},"13":{"name":"(anonymous_13)","decl":{"start":{"line":71,"column":22},"end":{"line":71,"column":23}},"loc":{"start":{"line":71,"column":28},"end":{"line":80,"column":1}},"line":71},"14":{"name":"(anonymous_14)","decl":{"start":{"line":72,"column":21},"end":{"line":72,"column":22}},"loc":{"start":{"line":72,"column":48},"end":{"line":79,"column":3}},"line":72},"15":{"name":"(anonymous_15)","decl":{"start":{"line":73,"column":36},"end":{"line":73,"column":37}},"loc":{"start":{"line":73,"column":51},"end":{"line":78,"column":5}},"line":73},"16":{"name":"(anonymous_16)","decl":{"start":{"line":84,"column":27},"end":{"line":84,"column":28}},"loc":{"start":{"line":84,"column":82},"end":{"line":141,"column":1}},"line":84},"17":{"name":"(anonymous_17)","decl":{"start":{"line":86,"column":4},"end":{"line":86,"column":5}},"loc":{"start":{"line":86,"column":31},"end":{"line":139,"column":5}},"line":86},"18":{"name":"(anonymous_18)","decl":{"start":{"line":93,"column":42},"end":{"line":93,"column":43}},"loc":{"start":{"line":93,"column":57},"end":{"line":100,"column":13}},"line":93},"19":{"name":"(anonymous_19)","decl":{"start":{"line":97,"column":39},"end":{"line":97,"column":40}},"loc":{"start":{"line":97,"column":47},"end":{"line":97,"column":231}},"line":97},"20":{"name":"(anonymous_20)","decl":{"start":{"line":111,"column":42},"end":{"line":111,"column":43}},"loc":{"start":{"line":111,"column":57},"end":{"line":120,"column":13}},"line":111},"21":{"name":"(anonymous_21)","decl":{"start":{"line":115,"column":39},"end":{"line":115,"column":40}},"loc":{"start":{"line":115,"column":47},"end":{"line":115,"column":231}},"line":115},"22":{"name":"(anonymous_22)","decl":{"start":{"line":126,"column":52},"end":{"line":126,"column":53}},"loc":{"start":{"line":126,"column":67},"end":{"line":132,"column":13}},"line":126},"23":{"name":"(anonymous_23)","decl":{"start":{"line":129,"column":39},"end":{"line":129,"column":40}},"loc":{"start":{"line":129,"column":47},"end":{"line":129,"column":231}},"line":129}},"branchMap":{"0":{"loc":{"start":{"line":17,"column":6},"end":{"line":20,"column":7}},"type":"if","locations":[{"start":{"line":17,"column":6},"end":{"line":20,"column":7}},{"start":{},"end":{}}],"line":17},"1":{"loc":{"start":{"line":34,"column":6},"end":{"line":36,"column":7}},"type":"if","locations":[{"start":{"line":34,"column":6},"end":{"line":36,"column":7}},{"start":{},"end":{}}],"line":34},"2":{"loc":{"start":{"line":38,"column":6},"end":{"line":41,"column":37}},"type":"if","locations":[{"start":{"line":38,"column":6},"end":{"line":41,"column":37}},{"start":{"line":41,"column":13},"end":{"line":41,"column":37}}],"line":38},"3":{"loc":{"start":{"line":51,"column":8},"end":{"line":54,"column":58}},"type":"if","locations":[{"start":{"line":51,"column":8},"end":{"line":54,"column":58}},{"start":{"line":54,"column":10},"end":{"line":54,"column":58}}],"line":51},"4":{"loc":{"start":{"line":63,"column":8},"end":{"line":66,"column":39}},"type":"if","locations":[{"start":{"line":63,"column":8},"end":{"line":66,"column":39}},{"start":{"line":66,"column":10},"end":{"line":66,"column":39}}],"line":63},"5":{"loc":{"start":{"line":74,"column":6},"end":{"line":77,"column":33}},"type":"if","locations":[{"start":{"line":74,"column":6},"end":{"line":77,"column":33}},{"start":{"line":77,"column":8},"end":{"line":77,"column":33}}],"line":74},"6":{"loc":{"start":{"line":84,"column":40},"end":{"line":84,"column":60}},"type":"default-arg","locations":[{"start":{"line":84,"column":55},"end":{"line":84,"column":60}}],"line":84},"7":{"loc":{"start":{"line":84,"column":62},"end":{"line":84,"column":77}},"type":"default-arg","locations":[{"start":{"line":84,"column":73},"end":{"line":84,"column":77}}],"line":84},"8":{"loc":{"start":{"line":88,"column":6},"end":{"line":137,"column":37}},"type":"if","locations":[{"start":{"line":88,"column":6},"end":{"line":137,"column":37}},{"start":{"line":137,"column":13},"end":{"line":137,"column":37}}],"line":88},"9":{"loc":{"start":{"line":89,"column":8},"end":{"line":136,"column":9}},"type":"if","locations":[{"start":{"line":89,"column":8},"end":{"line":136,"column":9}},{"start":{"line":122,"column":15},"end":{"line":136,"column":9}}],"line":89},"10":{"loc":{"start":{"line":90,"column":10},"end":{"line":121,"column":11}},"type":"if","locations":[{"start":{"line":90,"column":10},"end":{"line":121,"column":11}},{"start":{"line":101,"column":17},"end":{"line":121,"column":11}}],"line":90},"11":{"loc":{"start":{"line":90,"column":14},"end":{"line":90,"column":94}},"type":"binary-expr","locations":[{"start":{"line":90,"column":14},"end":{"line":90,"column":36}},{"start":{"line":90,"column":40},"end":{"line":90,"column":68}},{"start":{"line":90,"column":72},"end":{"line":90,"column":94}}],"line":90},"12":{"loc":{"start":{"line":95,"column":14},"end":{"line":99,"column":15}},"type":"if","locations":[{"start":{"line":95,"column":14},"end":{"line":99,"column":15}},{"start":{"line":96,"column":19},"end":{"line":99,"column":15}}],"line":95},"13":{"loc":{"start":{"line":103,"column":12},"end":{"line":108,"column":13}},"type":"if","locations":[{"start":{"line":103,"column":12},"end":{"line":108,"column":13}},{"start":{"line":106,"column":19},"end":{"line":108,"column":13}}],"line":103},"14":{"loc":{"start":{"line":103,"column":16},"end":{"line":103,"column":64}},"type":"binary-expr","locations":[{"start":{"line":103,"column":16},"end":{"line":103,"column":40}},{"start":{"line":103,"column":44},"end":{"line":103,"column":64}}],"line":103},"15":{"loc":{"start":{"line":112,"column":14},"end":{"line":119,"column":15}},"type":"if","locations":[{"start":{"line":112,"column":14},"end":{"line":119,"column":15}},{"start":{"line":113,"column":19},"end":{"line":119,"column":15}}],"line":112},"16":{"loc":{"start":{"line":123,"column":10},"end":{"line":135,"column":11}},"type":"if","locations":[{"start":{"line":123,"column":10},"end":{"line":135,"column":11}},{"start":{"line":133,"column":17},"end":{"line":135,"column":11}}],"line":123},"17":{"loc":{"start":{"line":123,"column":14},"end":{"line":123,"column":94}},"type":"binary-expr","locations":[{"start":{"line":123,"column":14},"end":{"line":123,"column":36}},{"start":{"line":123,"column":40},"end":{"line":123,"column":68}},{"start":{"line":123,"column":72},"end":{"line":123,"column":94}}],"line":123},"18":{"loc":{"start":{"line":127,"column":14},"end":{"line":131,"column":15}},"type":"if","locations":[{"start":{"line":127,"column":14},"end":{"line":131,"column":15}},{"start":{"line":128,"column":19},"end":{"line":131,"column":15}}],"line":127}},"s":{"0":4,"1":4,"2":4,"3":3,"4":3,"5":3,"6":3,"7":0,"8":3,"9":34,"10":3,"11":4,"12":0,"13":0,"14":0,"15":0,"16":0,"17":0,"18":0,"19":0,"20":0,"21":4,"22":0,"23":0,"24":0,"25":0,"26":0,"27":4,"28":175,"29":175,"30":67,"31":0,"32":67,"33":4,"34":27,"35":27,"36":27,"37":0,"38":27,"39":4,"40":10,"41":10,"42":9,"43":8,"44":3,"45":3,"46":3,"47":0,"48":3,"49":8,"50":3,"51":5,"52":5,"53":3,"54":2,"55":5,"56":5,"57":0,"58":5,"59":5,"60":5,"61":1,"62":1,"63":1,"64":1,"65":0,"66":1,"67":2,"68":1,"69":0,"70":1},"f":{"0":3,"1":3,"2":3,"3":34,"4":0,"5":0,"6":0,"7":0,"8":0,"9":0,"10":175,"11":175,"12":67,"13":27,"14":27,"15":27,"16":10,"17":10,"18":3,"19":8,"20":5,"21":5,"22":1,"23":2},"b":{"0":[0,3],"1":[0,0],"2":[0,0],"3":[0,0],"4":[0,67],"5":[0,27],"6":[1],"7":[9],"8":[9,1],"9":[8,1],"10":[3,5],"11":[8,7,6],"12":[0,3],"13":[3,2],"14":[5,4],"15":[0,5],"16":[1,0],"17":[1,1,1],"18":[0,1]},"_coverageSchema":"1a1c01bbd47fc00a2c39e90264f33305004495a9","hash":"7fd9dc23978ca15e21bd847a94eb12d04398b7d5"}
,"D:\\Users\\Fabio\\Documents\\Polito\\Software Engineering II\\HikeTracker\\server\\modules\\Users.js": {"path":"D:\\Users\\Fabio\\Documents\\Polito\\Software Engineering II\\HikeTracker\\server\\modules\\Users.js","statementMap":{"0":{"start":{"line":3,"column":11},"end":{"line":3,"column":29}},"1":{"start":{"line":5,"column":0},"end":{"line":17,"column":1}},"2":{"start":{"line":6,"column":4},"end":{"line":16,"column":9}},"3":{"start":{"line":7,"column":20},"end":{"line":7,"column":41}},"4":{"start":{"line":8,"column":8},"end":{"line":15,"column":11}},"5":{"start":{"line":10,"column":10},"end":{"line":13,"column":11}},"6":{"start":{"line":11,"column":12},"end":{"line":11,"column":37}},"7":{"start":{"line":12,"column":12},"end":{"line":12,"column":24}},"8":{"start":{"line":14,"column":10},"end":{"line":14,"column":24}},"9":{"start":{"line":19,"column":0},"end":{"line":27,"column":1}},"10":{"start":{"line":20,"column":4},"end":{"line":20,"column":138}},"11":{"start":{"line":21,"column":4},"end":{"line":21,"column":138}},"12":{"start":{"line":22,"column":4},"end":{"line":22,"column":138}},"13":{"start":{"line":23,"column":4},"end":{"line":25,"column":7}},"14":{"start":{"line":24,"column":8},"end":{"line":24,"column":33}},"15":{"start":{"line":29,"column":0},"end":{"line":39,"column":1}},"16":{"start":{"line":30,"column":4},"end":{"line":38,"column":7}},"17":{"start":{"line":31,"column":20},"end":{"line":31,"column":81}},"18":{"start":{"line":32,"column":8},"end":{"line":37,"column":11}},"19":{"start":{"line":33,"column":12},"end":{"line":36,"column":50}},"20":{"start":{"line":34,"column":16},"end":{"line":34,"column":28}},"21":{"start":{"line":36,"column":16},"end":{"line":36,"column":50}},"22":{"start":{"line":41,"column":0},"end":{"line":50,"column":3}},"23":{"start":{"line":42,"column":4},"end":{"line":49,"column":6}},"24":{"start":{"line":43,"column":6},"end":{"line":48,"column":9}},"25":{"start":{"line":44,"column":10},"end":{"line":47,"column":39}},"26":{"start":{"line":45,"column":14},"end":{"line":45,"column":26}},"27":{"start":{"line":47,"column":14},"end":{"line":47,"column":39}}},"fnMap":{"0":{"name":"(anonymous_0)","decl":{"start":{"line":5,"column":18},"end":{"line":5,"column":19}},"loc":{"start":{"line":5,"column":22},"end":{"line":17,"column":1}},"line":5},"1":{"name":"(anonymous_1)","decl":{"start":{"line":6,"column":23},"end":{"line":6,"column":24}},"loc":{"start":{"line":6,"column":44},"end":{"line":16,"column":7}},"line":6},"2":{"name":"(anonymous_2)","decl":{"start":{"line":8,"column":24},"end":{"line":8,"column":25}},"loc":{"start":{"line":8,"column":39},"end":{"line":15,"column":9}},"line":8},"3":{"name":"(anonymous_3)","decl":{"start":{"line":19,"column":23},"end":{"line":19,"column":24}},"loc":{"start":{"line":19,"column":32},"end":{"line":27,"column":1}},"line":19},"4":{"name":"(anonymous_4)","decl":{"start":{"line":23,"column":23},"end":{"line":23,"column":24}},"loc":{"start":{"line":23,"column":42},"end":{"line":25,"column":5}},"line":23},"5":{"name":"(anonymous_5)","decl":{"start":{"line":29,"column":17},"end":{"line":29,"column":18}},"loc":{"start":{"line":29,"column":41},"end":{"line":39,"column":1}},"line":29},"6":{"name":"(anonymous_6)","decl":{"start":{"line":30,"column":24},"end":{"line":30,"column":25}},"loc":{"start":{"line":30,"column":51},"end":{"line":38,"column":5}},"line":30},"7":{"name":"(anonymous_7)","decl":{"start":{"line":32,"column":44},"end":{"line":32,"column":45}},"loc":{"start":{"line":32,"column":57},"end":{"line":37,"column":9}},"line":32},"8":{"name":"(anonymous_8)","decl":{"start":{"line":41,"column":19},"end":{"line":41,"column":20}},"loc":{"start":{"line":41,"column":23},"end":{"line":50,"column":3}},"line":41},"9":{"name":"(anonymous_9)","decl":{"start":{"line":42,"column":23},"end":{"line":42,"column":24}},"loc":{"start":{"line":42,"column":50},"end":{"line":49,"column":5}},"line":42},"10":{"name":"(anonymous_10)","decl":{"start":{"line":43,"column":38},"end":{"line":43,"column":39}},"loc":{"start":{"line":43,"column":53},"end":{"line":48,"column":7}},"line":43}},"branchMap":{"0":{"loc":{"start":{"line":10,"column":10},"end":{"line":13,"column":11}},"type":"if","locations":[{"start":{"line":10,"column":10},"end":{"line":13,"column":11}},{"start":{},"end":{}}],"line":10},"1":{"loc":{"start":{"line":33,"column":12},"end":{"line":36,"column":50}},"type":"if","locations":[{"start":{"line":33,"column":12},"end":{"line":36,"column":50}},{"start":{"line":36,"column":16},"end":{"line":36,"column":50}}],"line":33},"2":{"loc":{"start":{"line":44,"column":10},"end":{"line":47,"column":39}},"type":"if","locations":[{"start":{"line":44,"column":10},"end":{"line":47,"column":39}},{"start":{"line":47,"column":14},"end":{"line":47,"column":39}}],"line":44}},"s":{"0":4,"1":4,"2":3,"3":3,"4":3,"5":3,"6":0,"7":0,"8":3,"9":4,"10":4,"11":4,"12":4,"13":4,"14":4,"15":4,"16":14,"17":14,"18":14,"19":14,"20":0,"21":14,"22":4,"23":12,"24":12,"25":12,"26":0,"27":12},"f":{"0":3,"1":3,"2":3,"3":4,"4":4,"5":14,"6":14,"7":14,"8":12,"9":12,"10":12},"b":{"0":[0,3],"1":[0,14],"2":[0,12]},"_coverageSchema":"1a1c01bbd47fc00a2c39e90264f33305004495a9","hash":"19fdf669e095f06d80a18a9c5bfebe96a12bdaea"}
}
