{"D:\\Users\\Fabio\\Documents\\Polito\\Software Engineering II\\HikeTracker\\server\\modules\\DB.js": {"path":"D:\\Users\\Fabio\\Documents\\Polito\\Software Engineering II\\HikeTracker\\server\\modules\\DB.js","statementMap":{"0":{"start":{"line":3,"column":15},"end":{"line":3,"column":33}},"1":{"start":{"line":7,"column":16},"end":{"line":7,"column":89}},"2":{"start":{"line":7,"column":67},"end":{"line":7,"column":86}},"3":{"start":{"line":7,"column":76},"end":{"line":7,"column":86}},"4":{"start":{"line":10,"column":8},"end":{"line":10,"column":38}},"5":{"start":{"line":11,"column":8},"end":{"line":11,"column":38}},"6":{"start":{"line":12,"column":8},"end":{"line":12,"column":46}},"7":{"start":{"line":22,"column":8},"end":{"line":31,"column":11}},"8":{"start":{"line":23,"column":24},"end":{"line":23,"column":218}},"9":{"start":{"line":24,"column":12},"end":{"line":30,"column":15}},"10":{"start":{"line":25,"column":16},"end":{"line":29,"column":17}},"11":{"start":{"line":26,"column":20},"end":{"line":26,"column":32}},"12":{"start":{"line":28,"column":20},"end":{"line":28,"column":51}},"13":{"start":{"line":35,"column":8},"end":{"line":44,"column":11}},"14":{"start":{"line":36,"column":24},"end":{"line":36,"column":134}},"15":{"start":{"line":37,"column":12},"end":{"line":43,"column":15}},"16":{"start":{"line":38,"column":16},"end":{"line":42,"column":17}},"17":{"start":{"line":39,"column":20},"end":{"line":39,"column":32}},"18":{"start":{"line":41,"column":20},"end":{"line":41,"column":59}},"19":{"start":{"line":48,"column":8},"end":{"line":57,"column":11}},"20":{"start":{"line":49,"column":24},"end":{"line":49,"column":157}},"21":{"start":{"line":50,"column":12},"end":{"line":56,"column":15}},"22":{"start":{"line":51,"column":16},"end":{"line":55,"column":17}},"23":{"start":{"line":52,"column":20},"end":{"line":52,"column":32}},"24":{"start":{"line":54,"column":20},"end":{"line":54,"column":51}},"25":{"start":{"line":62,"column":0},"end":{"line":62,"column":36}}},"fnMap":{"0":{"name":"(anonymous_0)","decl":{"start":{"line":7,"column":56},"end":{"line":7,"column":57}},"loc":{"start":{"line":7,"column":65},"end":{"line":7,"column":88}},"line":7},"1":{"name":"(anonymous_1)","decl":{"start":{"line":8,"column":4},"end":{"line":8,"column":5}},"loc":{"start":{"line":8,"column":36},"end":{"line":18,"column":5}},"line":8},"2":{"name":"(anonymous_2)","decl":{"start":{"line":21,"column":4},"end":{"line":21,"column":5}},"loc":{"start":{"line":21,"column":30},"end":{"line":32,"column":5}},"line":21},"3":{"name":"(anonymous_3)","decl":{"start":{"line":22,"column":27},"end":{"line":22,"column":28}},"loc":{"start":{"line":22,"column":54},"end":{"line":31,"column":9}},"line":22},"4":{"name":"(anonymous_4)","decl":{"start":{"line":24,"column":33},"end":{"line":24,"column":34}},"loc":{"start":{"line":24,"column":48},"end":{"line":30,"column":13}},"line":24},"5":{"name":"(anonymous_5)","decl":{"start":{"line":34,"column":4},"end":{"line":34,"column":5}},"loc":{"start":{"line":34,"column":38},"end":{"line":45,"column":5}},"line":34},"6":{"name":"(anonymous_6)","decl":{"start":{"line":35,"column":27},"end":{"line":35,"column":28}},"loc":{"start":{"line":35,"column":54},"end":{"line":44,"column":9}},"line":35},"7":{"name":"(anonymous_7)","decl":{"start":{"line":37,"column":33},"end":{"line":37,"column":34}},"loc":{"start":{"line":37,"column":48},"end":{"line":43,"column":13}},"line":37},"8":{"name":"(anonymous_8)","decl":{"start":{"line":47,"column":4},"end":{"line":47,"column":5}},"loc":{"start":{"line":47,"column":30},"end":{"line":58,"column":5}},"line":47},"9":{"name":"(anonymous_9)","decl":{"start":{"line":48,"column":27},"end":{"line":48,"column":28}},"loc":{"start":{"line":48,"column":54},"end":{"line":57,"column":9}},"line":48},"10":{"name":"(anonymous_10)","decl":{"start":{"line":50,"column":33},"end":{"line":50,"column":34}},"loc":{"start":{"line":50,"column":48},"end":{"line":56,"column":13}},"line":50}},"branchMap":{"0":{"loc":{"start":{"line":7,"column":67},"end":{"line":7,"column":86}},"type":"if","locations":[{"start":{"line":7,"column":67},"end":{"line":7,"column":86}},{"start":{},"end":{}}],"line":7},"1":{"loc":{"start":{"line":25,"column":16},"end":{"line":29,"column":17}},"type":"if","locations":[{"start":{"line":25,"column":16},"end":{"line":29,"column":17}},{"start":{"line":27,"column":21},"end":{"line":29,"column":17}}],"line":25},"2":{"loc":{"start":{"line":38,"column":16},"end":{"line":42,"column":17}},"type":"if","locations":[{"start":{"line":38,"column":16},"end":{"line":42,"column":17}},{"start":{"line":40,"column":21},"end":{"line":42,"column":17}}],"line":38},"3":{"loc":{"start":{"line":51,"column":16},"end":{"line":55,"column":17}},"type":"if","locations":[{"start":{"line":51,"column":16},"end":{"line":55,"column":17}},{"start":{"line":53,"column":21},"end":{"line":55,"column":17}}],"line":51}},"s":{"0":3,"1":3,"2":3,"3":0,"4":3,"5":3,"6":3,"7":3,"8":3,"9":3,"10":3,"11":0,"12":3,"13":3,"14":3,"15":3,"16":3,"17":0,"18":3,"19":3,"20":3,"21":3,"22":3,"23":0,"24":3,"25":3},"f":{"0":3,"1":3,"2":3,"3":3,"4":3,"5":3,"6":3,"7":3,"8":3,"9":3,"10":3},"b":{"0":[0,3],"1":[0,3],"2":[0,3],"3":[0,3]},"_coverageSchema":"1a1c01bbd47fc00a2c39e90264f33305004495a9","hash":"9916aa410c357019b91bfa9daea3b6a5a5b57eac"}
,"D:\\Users\\Fabio\\Documents\\Polito\\Software Engineering II\\HikeTracker\\server\\modules\\HikeLocations.js": {"path":"D:\\Users\\Fabio\\Documents\\Polito\\Software Engineering II\\HikeTracker\\server\\modules\\HikeLocations.js","statementMap":{"0":{"start":{"line":3,"column":11},"end":{"line":3,"column":29}},"1":{"start":{"line":5,"column":0},"end":{"line":18,"column":2}},"2":{"start":{"line":7,"column":4},"end":{"line":17,"column":7}},"3":{"start":{"line":8,"column":18},"end":{"line":8,"column":47}},"4":{"start":{"line":9,"column":6},"end":{"line":16,"column":9}},"5":{"start":{"line":11,"column":8},"end":{"line":13,"column":9}},"6":{"start":{"line":12,"column":10},"end":{"line":12,"column":22}},"7":{"start":{"line":14,"column":22},"end":{"line":14,"column":96}},"8":{"start":{"line":14,"column":39},"end":{"line":14,"column":94}},"9":{"start":{"line":15,"column":8},"end":{"line":15,"column":23}},"10":{"start":{"line":20,"column":0},"end":{"line":32,"column":2}},"11":{"start":{"line":21,"column":2},"end":{"line":31,"column":5}},"12":{"start":{"line":22,"column":16},"end":{"line":22,"column":62}},"13":{"start":{"line":23,"column":4},"end":{"line":30,"column":7}},"14":{"start":{"line":25,"column":6},"end":{"line":27,"column":7}},"15":{"start":{"line":26,"column":8},"end":{"line":26,"column":20}},"16":{"start":{"line":28,"column":20},"end":{"line":28,"column":94}},"17":{"start":{"line":28,"column":37},"end":{"line":28,"column":92}},"18":{"start":{"line":29,"column":6},"end":{"line":29,"column":21}},"19":{"start":{"line":34,"column":0},"end":{"line":45,"column":2}},"20":{"start":{"line":35,"column":2},"end":{"line":44,"column":5}},"21":{"start":{"line":36,"column":16},"end":{"line":36,"column":102}},"22":{"start":{"line":37,"column":4},"end":{"line":43,"column":7}},"23":{"start":{"line":38,"column":8},"end":{"line":42,"column":9}},"24":{"start":{"line":39,"column":12},"end":{"line":39,"column":24}},"25":{"start":{"line":41,"column":12},"end":{"line":41,"column":37}},"26":{"start":{"line":46,"column":0},"end":{"line":57,"column":2}},"27":{"start":{"line":47,"column":2},"end":{"line":56,"column":5}},"28":{"start":{"line":48,"column":16},"end":{"line":48,"column":83}},"29":{"start":{"line":49,"column":4},"end":{"line":55,"column":7}},"30":{"start":{"line":50,"column":8},"end":{"line":54,"column":9}},"31":{"start":{"line":51,"column":12},"end":{"line":51,"column":24}},"32":{"start":{"line":53,"column":12},"end":{"line":53,"column":42}},"33":{"start":{"line":59,"column":0},"end":{"line":68,"column":1}},"34":{"start":{"line":60,"column":2},"end":{"line":67,"column":4}},"35":{"start":{"line":61,"column":4},"end":{"line":66,"column":7}},"36":{"start":{"line":62,"column":8},"end":{"line":65,"column":45}},"37":{"start":{"line":63,"column":12},"end":{"line":63,"column":24}},"38":{"start":{"line":65,"column":12},"end":{"line":65,"column":45}}},"fnMap":{"0":{"name":"(anonymous_0)","decl":{"start":{"line":5,"column":27},"end":{"line":5,"column":28}},"loc":{"start":{"line":5,"column":33},"end":{"line":18,"column":1}},"line":5},"1":{"name":"(anonymous_1)","decl":{"start":{"line":7,"column":23},"end":{"line":7,"column":24}},"loc":{"start":{"line":7,"column":44},"end":{"line":17,"column":5}},"line":7},"2":{"name":"(anonymous_2)","decl":{"start":{"line":9,"column":22},"end":{"line":9,"column":23}},"loc":{"start":{"line":9,"column":37},"end":{"line":16,"column":7}},"line":9},"3":{"name":"(anonymous_3)","decl":{"start":{"line":14,"column":31},"end":{"line":14,"column":32}},"loc":{"start":{"line":14,"column":39},"end":{"line":14,"column":94}},"line":14},"4":{"name":"(anonymous_4)","decl":{"start":{"line":20,"column":32},"end":{"line":20,"column":33}},"loc":{"start":{"line":20,"column":44},"end":{"line":32,"column":1}},"line":20},"5":{"name":"(anonymous_5)","decl":{"start":{"line":21,"column":21},"end":{"line":21,"column":22}},"loc":{"start":{"line":21,"column":42},"end":{"line":31,"column":3}},"line":21},"6":{"name":"(anonymous_6)","decl":{"start":{"line":23,"column":26},"end":{"line":23,"column":27}},"loc":{"start":{"line":23,"column":41},"end":{"line":30,"column":5}},"line":23},"7":{"name":"(anonymous_7)","decl":{"start":{"line":28,"column":29},"end":{"line":28,"column":30}},"loc":{"start":{"line":28,"column":37},"end":{"line":28,"column":92}},"line":28},"8":{"name":"(anonymous_8)","decl":{"start":{"line":34,"column":27},"end":{"line":34,"column":28}},"loc":{"start":{"line":34,"column":31},"end":{"line":45,"column":1}},"line":34},"9":{"name":"(anonymous_9)","decl":{"start":{"line":35,"column":21},"end":{"line":35,"column":22}},"loc":{"start":{"line":35,"column":48},"end":{"line":44,"column":3}},"line":35},"10":{"name":"(anonymous_10)","decl":{"start":{"line":37,"column":20},"end":{"line":37,"column":21}},"loc":{"start":{"line":37,"column":35},"end":{"line":43,"column":5}},"line":37},"11":{"name":"(anonymous_11)","decl":{"start":{"line":46,"column":21},"end":{"line":46,"column":22}},"loc":{"start":{"line":46,"column":45},"end":{"line":57,"column":1}},"line":46},"12":{"name":"(anonymous_12)","decl":{"start":{"line":47,"column":21},"end":{"line":47,"column":22}},"loc":{"start":{"line":47,"column":48},"end":{"line":56,"column":3}},"line":47},"13":{"name":"(anonymous_13)","decl":{"start":{"line":49,"column":40},"end":{"line":49,"column":41}},"loc":{"start":{"line":49,"column":55},"end":{"line":55,"column":5}},"line":49},"14":{"name":"(anonymous_14)","decl":{"start":{"line":59,"column":23},"end":{"line":59,"column":24}},"loc":{"start":{"line":59,"column":27},"end":{"line":68,"column":1}},"line":59},"15":{"name":"(anonymous_15)","decl":{"start":{"line":60,"column":21},"end":{"line":60,"column":22}},"loc":{"start":{"line":60,"column":48},"end":{"line":67,"column":3}},"line":60},"16":{"name":"(anonymous_16)","decl":{"start":{"line":61,"column":44},"end":{"line":61,"column":45}},"loc":{"start":{"line":61,"column":59},"end":{"line":66,"column":5}},"line":61}},"branchMap":{"0":{"loc":{"start":{"line":11,"column":8},"end":{"line":13,"column":9}},"type":"if","locations":[{"start":{"line":11,"column":8},"end":{"line":13,"column":9}},{"start":{},"end":{}}],"line":11},"1":{"loc":{"start":{"line":25,"column":6},"end":{"line":27,"column":7}},"type":"if","locations":[{"start":{"line":25,"column":6},"end":{"line":27,"column":7}},{"start":{},"end":{}}],"line":25},"2":{"loc":{"start":{"line":38,"column":8},"end":{"line":42,"column":9}},"type":"if","locations":[{"start":{"line":38,"column":8},"end":{"line":42,"column":9}},{"start":{"line":40,"column":13},"end":{"line":42,"column":9}}],"line":38},"3":{"loc":{"start":{"line":50,"column":8},"end":{"line":54,"column":9}},"type":"if","locations":[{"start":{"line":50,"column":8},"end":{"line":54,"column":9}},{"start":{"line":52,"column":13},"end":{"line":54,"column":9}}],"line":50},"4":{"loc":{"start":{"line":62,"column":8},"end":{"line":65,"column":45}},"type":"if","locations":[{"start":{"line":62,"column":8},"end":{"line":65,"column":45}},{"start":{"line":65,"column":12},"end":{"line":65,"column":45}}],"line":62}},"s":{"0":2,"1":2,"2":2,"3":2,"4":2,"5":2,"6":0,"7":2,"8":1,"9":2,"10":2,"11":1,"12":1,"13":1,"14":1,"15":0,"16":1,"17":1,"18":1,"19":2,"20":2,"21":2,"22":2,"23":2,"24":0,"25":2,"26":2,"27":30,"28":30,"29":30,"30":30,"31":0,"32":30,"33":2,"34":18,"35":18,"36":18,"37":0,"38":18},"f":{"0":2,"1":2,"2":2,"3":1,"4":1,"5":1,"6":1,"7":1,"8":2,"9":2,"10":2,"11":30,"12":30,"13":30,"14":18,"15":18,"16":18},"b":{"0":[0,2],"1":[0,1],"2":[0,2],"3":[0,30],"4":[0,18]},"_coverageSchema":"1a1c01bbd47fc00a2c39e90264f33305004495a9","hash":"bd7e5bf4c051e7ac3ec5a77954e39dc871ef5b7d"}
,"D:\\Users\\Fabio\\Documents\\Polito\\Software Engineering II\\HikeTracker\\server\\modules\\Hikes.js": {"path":"D:\\Users\\Fabio\\Documents\\Polito\\Software Engineering II\\HikeTracker\\server\\modules\\Hikes.js","statementMap":{"0":{"start":{"line":3,"column":11},"end":{"line":3,"column":29}},"1":{"start":{"line":8,"column":26},"end":{"line":8,"column":127}},"2":{"start":{"line":12,"column":0},"end":{"line":26,"column":2}},"3":{"start":{"line":14,"column":4},"end":{"line":25,"column":7}},"4":{"start":{"line":15,"column":18},"end":{"line":15,"column":39}},"5":{"start":{"line":16,"column":6},"end":{"line":24,"column":9}},"6":{"start":{"line":18,"column":8},"end":{"line":21,"column":9}},"7":{"start":{"line":20,"column":10},"end":{"line":20,"column":22}},"8":{"start":{"line":22,"column":22},"end":{"line":22,"column":224}},"9":{"start":{"line":22,"column":39},"end":{"line":22,"column":222}},"10":{"start":{"line":23,"column":8},"end":{"line":23,"column":23}},"11":{"start":{"line":28,"column":0},"end":{"line":42,"column":2}},"12":{"start":{"line":30,"column":2},"end":{"line":41,"column":5}},"13":{"start":{"line":31,"column":16},"end":{"line":31,"column":52}},"14":{"start":{"line":32,"column":4},"end":{"line":40,"column":7}},"15":{"start":{"line":34,"column":6},"end":{"line":36,"column":7}},"16":{"start":{"line":35,"column":8},"end":{"line":35,"column":20}},"17":{"start":{"line":37,"column":6},"end":{"line":37,"column":26}},"18":{"start":{"line":38,"column":19},"end":{"line":38,"column":220}},"19":{"start":{"line":39,"column":6},"end":{"line":39,"column":20}},"20":{"start":{"line":44,"column":0},"end":{"line":54,"column":1}},"21":{"start":{"line":45,"column":2},"end":{"line":53,"column":5}},"22":{"start":{"line":46,"column":4},"end":{"line":52,"column":11}},"23":{"start":{"line":48,"column":12},"end":{"line":51,"column":64}},"24":{"start":{"line":49,"column":16},"end":{"line":49,"column":28}},"25":{"start":{"line":51,"column":16},"end":{"line":51,"column":64}},"26":{"start":{"line":56,"column":0},"end":{"line":66,"column":1}},"27":{"start":{"line":57,"column":2},"end":{"line":65,"column":3}},"28":{"start":{"line":58,"column":4},"end":{"line":64,"column":11}},"29":{"start":{"line":60,"column":12},"end":{"line":63,"column":45}},"30":{"start":{"line":61,"column":16},"end":{"line":61,"column":28}},"31":{"start":{"line":63,"column":16},"end":{"line":63,"column":45}},"32":{"start":{"line":68,"column":0},"end":{"line":77,"column":1}},"33":{"start":{"line":69,"column":4},"end":{"line":76,"column":4}},"34":{"start":{"line":70,"column":6},"end":{"line":75,"column":9}},"35":{"start":{"line":71,"column":10},"end":{"line":74,"column":39}},"36":{"start":{"line":72,"column":14},"end":{"line":72,"column":26}},"37":{"start":{"line":74,"column":14},"end":{"line":74,"column":39}},"38":{"start":{"line":81,"column":0},"end":{"line":137,"column":1}},"39":{"start":{"line":82,"column":2},"end":{"line":136,"column":4}},"40":{"start":{"line":85,"column":6},"end":{"line":133,"column":36}},"41":{"start":{"line":86,"column":8},"end":{"line":132,"column":9}},"42":{"start":{"line":87,"column":10},"end":{"line":117,"column":14}},"43":{"start":{"line":88,"column":22},"end":{"line":88,"column":72}},"44":{"start":{"line":90,"column":12},"end":{"line":97,"column":13}},"45":{"start":{"line":92,"column":14},"end":{"line":96,"column":13}},"46":{"start":{"line":92,"column":21},"end":{"line":92,"column":33}},"47":{"start":{"line":94,"column":30},"end":{"line":94,"column":233}},"48":{"start":{"line":94,"column":47},"end":{"line":94,"column":231}},"49":{"start":{"line":95,"column":16},"end":{"line":95,"column":31}},"50":{"start":{"line":99,"column":21},"end":{"line":99,"column":23}},"51":{"start":{"line":100,"column":12},"end":{"line":105,"column":13}},"52":{"start":{"line":101,"column":14},"end":{"line":101,"column":76}},"53":{"start":{"line":104,"column":14},"end":{"line":104,"column":142}},"54":{"start":{"line":108,"column":11},"end":{"line":117,"column":13}},"55":{"start":{"line":109,"column":12},"end":{"line":116,"column":13}},"56":{"start":{"line":109,"column":19},"end":{"line":109,"column":31}},"57":{"start":{"line":112,"column":28},"end":{"line":112,"column":231}},"58":{"start":{"line":112,"column":45},"end":{"line":112,"column":229}},"59":{"start":{"line":114,"column":14},"end":{"line":114,"column":29}},"60":{"start":{"line":119,"column":10},"end":{"line":131,"column":11}},"61":{"start":{"line":120,"column":22},"end":{"line":120,"column":101}},"62":{"start":{"line":122,"column":12},"end":{"line":128,"column":15}},"63":{"start":{"line":123,"column":14},"end":{"line":127,"column":15}},"64":{"start":{"line":123,"column":21},"end":{"line":123,"column":33}},"65":{"start":{"line":125,"column":28},"end":{"line":125,"column":231}},"66":{"start":{"line":125,"column":45},"end":{"line":125,"column":229}},"67":{"start":{"line":126,"column":14},"end":{"line":126,"column":29}},"68":{"start":{"line":130,"column":12},"end":{"line":130,"column":46}},"69":{"start":{"line":133,"column":12},"end":{"line":133,"column":36}},"70":{"start":{"line":140,"column":0},"end":{"line":152,"column":1}},"71":{"start":{"line":141,"column":19},"end":{"line":141,"column":46}},"72":{"start":{"line":142,"column":2},"end":{"line":142,"column":35}},"73":{"start":{"line":143,"column":2},"end":{"line":143,"column":52}},"74":{"start":{"line":144,"column":2},"end":{"line":144,"column":56}},"75":{"start":{"line":145,"column":2},"end":{"line":145,"column":53}},"76":{"start":{"line":146,"column":2},"end":{"line":146,"column":27}},"77":{"start":{"line":147,"column":2},"end":{"line":147,"column":89}},"78":{"start":{"line":148,"column":2},"end":{"line":148,"column":89}},"79":{"start":{"line":149,"column":2},"end":{"line":149,"column":83}}},"fnMap":{"0":{"name":"(anonymous_0)","decl":{"start":{"line":12,"column":19},"end":{"line":12,"column":20}},"loc":{"start":{"line":12,"column":25},"end":{"line":26,"column":1}},"line":12},"1":{"name":"(anonymous_1)","decl":{"start":{"line":14,"column":23},"end":{"line":14,"column":24}},"loc":{"start":{"line":14,"column":44},"end":{"line":25,"column":5}},"line":14},"2":{"name":"(anonymous_2)","decl":{"start":{"line":16,"column":22},"end":{"line":16,"column":23}},"loc":{"start":{"line":16,"column":37},"end":{"line":24,"column":7}},"line":16},"3":{"name":"(anonymous_3)","decl":{"start":{"line":22,"column":31},"end":{"line":22,"column":32}},"loc":{"start":{"line":22,"column":39},"end":{"line":22,"column":222}},"line":22},"4":{"name":"(anonymous_4)","decl":{"start":{"line":28,"column":18},"end":{"line":28,"column":19}},"loc":{"start":{"line":28,"column":30},"end":{"line":42,"column":1}},"line":28},"5":{"name":"(anonymous_5)","decl":{"start":{"line":30,"column":21},"end":{"line":30,"column":22}},"loc":{"start":{"line":30,"column":42},"end":{"line":41,"column":3}},"line":30},"6":{"name":"(anonymous_6)","decl":{"start":{"line":32,"column":26},"end":{"line":32,"column":27}},"loc":{"start":{"line":32,"column":40},"end":{"line":40,"column":5}},"line":32},"7":{"name":"(anonymous_7)","decl":{"start":{"line":44,"column":23},"end":{"line":44,"column":24}},"loc":{"start":{"line":44,"column":46},"end":{"line":54,"column":1}},"line":44},"8":{"name":"(anonymous_8)","decl":{"start":{"line":45,"column":21},"end":{"line":45,"column":22}},"loc":{"start":{"line":45,"column":48},"end":{"line":53,"column":3}},"line":45},"9":{"name":"(anonymous_9)","decl":{"start":{"line":47,"column":31},"end":{"line":47,"column":32}},"loc":{"start":{"line":47,"column":46},"end":{"line":52,"column":9}},"line":47},"10":{"name":"(anonymous_10)","decl":{"start":{"line":56,"column":16},"end":{"line":56,"column":17}},"loc":{"start":{"line":56,"column":91},"end":{"line":66,"column":1}},"line":56},"11":{"name":"(anonymous_11)","decl":{"start":{"line":57,"column":21},"end":{"line":57,"column":22}},"loc":{"start":{"line":57,"column":48},"end":{"line":65,"column":1}},"line":57},"12":{"name":"(anonymous_12)","decl":{"start":{"line":59,"column":83},"end":{"line":59,"column":84}},"loc":{"start":{"line":59,"column":98},"end":{"line":64,"column":9}},"line":59},"13":{"name":"(anonymous_13)","decl":{"start":{"line":68,"column":20},"end":{"line":68,"column":21}},"loc":{"start":{"line":68,"column":24},"end":{"line":77,"column":1}},"line":68},"14":{"name":"(anonymous_14)","decl":{"start":{"line":69,"column":23},"end":{"line":69,"column":24}},"loc":{"start":{"line":69,"column":50},"end":{"line":76,"column":3}},"line":69},"15":{"name":"(anonymous_15)","decl":{"start":{"line":70,"column":38},"end":{"line":70,"column":39}},"loc":{"start":{"line":70,"column":53},"end":{"line":75,"column":7}},"line":70},"16":{"name":"(anonymous_16)","decl":{"start":{"line":81,"column":25},"end":{"line":81,"column":26}},"loc":{"start":{"line":81,"column":70},"end":{"line":137,"column":1}},"line":81},"17":{"name":"(anonymous_17)","decl":{"start":{"line":83,"column":4},"end":{"line":83,"column":5}},"loc":{"start":{"line":83,"column":28},"end":{"line":135,"column":5}},"line":83},"18":{"name":"(anonymous_18)","decl":{"start":{"line":90,"column":40},"end":{"line":90,"column":41}},"loc":{"start":{"line":90,"column":52},"end":{"line":97,"column":11}},"line":90},"19":{"name":"(anonymous_19)","decl":{"start":{"line":94,"column":39},"end":{"line":94,"column":40}},"loc":{"start":{"line":94,"column":47},"end":{"line":94,"column":231}},"line":94},"20":{"name":"(anonymous_20)","decl":{"start":{"line":108,"column":39},"end":{"line":108,"column":40}},"loc":{"start":{"line":108,"column":51},"end":{"line":117,"column":11}},"line":108},"21":{"name":"(anonymous_21)","decl":{"start":{"line":112,"column":37},"end":{"line":112,"column":38}},"loc":{"start":{"line":112,"column":45},"end":{"line":112,"column":229}},"line":112},"22":{"name":"(anonymous_22)","decl":{"start":{"line":122,"column":49},"end":{"line":122,"column":50}},"loc":{"start":{"line":122,"column":61},"end":{"line":128,"column":13}},"line":122},"23":{"name":"(anonymous_23)","decl":{"start":{"line":125,"column":37},"end":{"line":125,"column":38}},"loc":{"start":{"line":125,"column":45},"end":{"line":125,"column":229}},"line":125},"24":{"name":"(anonymous_24)","decl":{"start":{"line":140,"column":23},"end":{"line":140,"column":24}},"loc":{"start":{"line":140,"column":33},"end":{"line":152,"column":1}},"line":140}},"branchMap":{"0":{"loc":{"start":{"line":18,"column":8},"end":{"line":21,"column":9}},"type":"if","locations":[{"start":{"line":18,"column":8},"end":{"line":21,"column":9}},{"start":{},"end":{}}],"line":18},"1":{"loc":{"start":{"line":34,"column":6},"end":{"line":36,"column":7}},"type":"if","locations":[{"start":{"line":34,"column":6},"end":{"line":36,"column":7}},{"start":{},"end":{}}],"line":34},"2":{"loc":{"start":{"line":48,"column":12},"end":{"line":51,"column":64}},"type":"if","locations":[{"start":{"line":48,"column":12},"end":{"line":51,"column":64}},{"start":{"line":51,"column":16},"end":{"line":51,"column":64}}],"line":48},"3":{"loc":{"start":{"line":60,"column":12},"end":{"line":63,"column":45}},"type":"if","locations":[{"start":{"line":60,"column":12},"end":{"line":63,"column":45}},{"start":{"line":63,"column":16},"end":{"line":63,"column":45}}],"line":60},"4":{"loc":{"start":{"line":71,"column":10},"end":{"line":74,"column":39}},"type":"if","locations":[{"start":{"line":71,"column":10},"end":{"line":74,"column":39}},{"start":{"line":74,"column":14},"end":{"line":74,"column":39}}],"line":71},"5":{"loc":{"start":{"line":81,"column":54},"end":{"line":81,"column":67}},"type":"default-arg","locations":[{"start":{"line":81,"column":63},"end":{"line":81,"column":67}}],"line":81},"6":{"loc":{"start":{"line":85,"column":6},"end":{"line":133,"column":36}},"type":"if","locations":[{"start":{"line":85,"column":6},"end":{"line":133,"column":36}},{"start":{"line":133,"column":12},"end":{"line":133,"column":36}}],"line":85},"7":{"loc":{"start":{"line":86,"column":8},"end":{"line":132,"column":9}},"type":"if","locations":[{"start":{"line":86,"column":8},"end":{"line":132,"column":9}},{"start":{"line":118,"column":13},"end":{"line":132,"column":9}}],"line":86},"8":{"loc":{"start":{"line":87,"column":10},"end":{"line":117,"column":14}},"type":"if","locations":[{"start":{"line":87,"column":10},"end":{"line":117,"column":14}},{"start":{"line":98,"column":17},"end":{"line":117,"column":14}}],"line":87},"9":{"loc":{"start":{"line":87,"column":13},"end":{"line":87,"column":93}},"type":"binary-expr","locations":[{"start":{"line":87,"column":13},"end":{"line":87,"column":35}},{"start":{"line":87,"column":39},"end":{"line":87,"column":67}},{"start":{"line":87,"column":71},"end":{"line":87,"column":93}}],"line":87},"10":{"loc":{"start":{"line":92,"column":14},"end":{"line":96,"column":13}},"type":"if","locations":[{"start":{"line":92,"column":14},"end":{"line":96,"column":13}},{"start":{"line":93,"column":18},"end":{"line":96,"column":13}}],"line":92},"11":{"loc":{"start":{"line":100,"column":12},"end":{"line":105,"column":13}},"type":"if","locations":[{"start":{"line":100,"column":12},"end":{"line":105,"column":13}},{"start":{"line":103,"column":17},"end":{"line":105,"column":13}}],"line":100},"12":{"loc":{"start":{"line":100,"column":15},"end":{"line":100,"column":62}},"type":"binary-expr","locations":[{"start":{"line":100,"column":15},"end":{"line":100,"column":39}},{"start":{"line":100,"column":43},"end":{"line":100,"column":62}}],"line":100},"13":{"loc":{"start":{"line":109,"column":12},"end":{"line":116,"column":13}},"type":"if","locations":[{"start":{"line":109,"column":12},"end":{"line":116,"column":13}},{"start":{"line":110,"column":16},"end":{"line":116,"column":13}}],"line":109},"14":{"loc":{"start":{"line":119,"column":10},"end":{"line":131,"column":11}},"type":"if","locations":[{"start":{"line":119,"column":10},"end":{"line":131,"column":11}},{"start":{"line":129,"column":15},"end":{"line":131,"column":11}}],"line":119},"15":{"loc":{"start":{"line":119,"column":13},"end":{"line":119,"column":93}},"type":"binary-expr","locations":[{"start":{"line":119,"column":13},"end":{"line":119,"column":35}},{"start":{"line":119,"column":39},"end":{"line":119,"column":67}},{"start":{"line":119,"column":71},"end":{"line":119,"column":93}}],"line":119},"16":{"loc":{"start":{"line":123,"column":14},"end":{"line":127,"column":15}},"type":"if","locations":[{"start":{"line":123,"column":14},"end":{"line":127,"column":15}},{"start":{"line":124,"column":18},"end":{"line":127,"column":15}}],"line":123}},"s":{"0":1,"1":1,"2":1,"3":2,"4":2,"5":2,"6":2,"7":0,"8":2,"9":1,"10":2,"11":1,"12":0,"13":0,"14":0,"15":0,"16":0,"17":0,"18":0,"19":0,"20":1,"21":0,"22":0,"23":0,"24":0,"25":0,"26":1,"27":31,"28":31,"29":31,"30":0,"31":31,"32":1,"33":33,"34":33,"35":33,"36":0,"37":33,"38":1,"39":10,"40":10,"41":9,"42":8,"43":3,"44":3,"45":3,"46":0,"47":3,"48":8,"49":3,"50":5,"51":5,"52":3,"53":2,"54":5,"55":5,"56":0,"57":5,"58":5,"59":5,"60":1,"61":1,"62":1,"63":1,"64":0,"65":1,"66":2,"67":1,"68":0,"69":1,"70":1,"71":10,"72":10,"73":10,"74":10,"75":10,"76":10,"77":10,"78":10,"79":10},"f":{"0":2,"1":2,"2":2,"3":1,"4":0,"5":0,"6":0,"7":0,"8":0,"9":0,"10":31,"11":31,"12":31,"13":33,"14":33,"15":33,"16":10,"17":10,"18":3,"19":8,"20":5,"21":5,"22":1,"23":2,"24":10},"b":{"0":[0,2],"1":[0,0],"2":[0,0],"3":[0,31],"4":[0,33],"5":[9],"6":[9,1],"7":[8,1],"8":[3,5],"9":[8,7,6],"10":[0,3],"11":[3,2],"12":[5,4],"13":[0,5],"14":[1,0],"15":[1,1,1],"16":[0,1]},"_coverageSchema":"1a1c01bbd47fc00a2c39e90264f33305004495a9","hash":"9f200b4fee726809e2bca78fb29925d7c3af8c9b"}
,"D:\\Users\\Fabio\\Documents\\Polito\\Software Engineering II\\HikeTracker\\server\\modules\\Users.js": {"path":"D:\\Users\\Fabio\\Documents\\Polito\\Software Engineering II\\HikeTracker\\server\\modules\\Users.js","statementMap":{"0":{"start":{"line":3,"column":11},"end":{"line":3,"column":29}},"1":{"start":{"line":5,"column":0},"end":{"line":17,"column":1}},"2":{"start":{"line":6,"column":4},"end":{"line":16,"column":9}},"3":{"start":{"line":7,"column":20},"end":{"line":7,"column":41}},"4":{"start":{"line":8,"column":8},"end":{"line":15,"column":11}},"5":{"start":{"line":10,"column":10},"end":{"line":13,"column":11}},"6":{"start":{"line":11,"column":12},"end":{"line":11,"column":37}},"7":{"start":{"line":12,"column":12},"end":{"line":12,"column":24}},"8":{"start":{"line":14,"column":10},"end":{"line":14,"column":24}},"9":{"start":{"line":19,"column":0},"end":{"line":31,"column":1}},"10":{"start":{"line":20,"column":4},"end":{"line":30,"column":7}},"11":{"start":{"line":21,"column":20},"end":{"line":22,"column":103}},"12":{"start":{"line":23,"column":8},"end":{"line":29,"column":11}},"13":{"start":{"line":24,"column":12},"end":{"line":28,"column":13}},"14":{"start":{"line":25,"column":16},"end":{"line":25,"column":28}},"15":{"start":{"line":27,"column":16},"end":{"line":27,"column":41}},"16":{"start":{"line":33,"column":0},"end":{"line":43,"column":1}},"17":{"start":{"line":34,"column":4},"end":{"line":42,"column":7}},"18":{"start":{"line":35,"column":20},"end":{"line":35,"column":81}},"19":{"start":{"line":36,"column":8},"end":{"line":41,"column":11}},"20":{"start":{"line":37,"column":12},"end":{"line":40,"column":50}},"21":{"start":{"line":38,"column":16},"end":{"line":38,"column":28}},"22":{"start":{"line":40,"column":16},"end":{"line":40,"column":50}},"23":{"start":{"line":45,"column":0},"end":{"line":54,"column":3}},"24":{"start":{"line":46,"column":4},"end":{"line":53,"column":6}},"25":{"start":{"line":47,"column":6},"end":{"line":52,"column":9}},"26":{"start":{"line":48,"column":10},"end":{"line":51,"column":39}},"27":{"start":{"line":49,"column":14},"end":{"line":49,"column":26}},"28":{"start":{"line":51,"column":14},"end":{"line":51,"column":39}}},"fnMap":{"0":{"name":"(anonymous_0)","decl":{"start":{"line":5,"column":18},"end":{"line":5,"column":19}},"loc":{"start":{"line":5,"column":22},"end":{"line":17,"column":1}},"line":5},"1":{"name":"(anonymous_1)","decl":{"start":{"line":6,"column":23},"end":{"line":6,"column":24}},"loc":{"start":{"line":6,"column":44},"end":{"line":16,"column":7}},"line":6},"2":{"name":"(anonymous_2)","decl":{"start":{"line":8,"column":24},"end":{"line":8,"column":25}},"loc":{"start":{"line":8,"column":39},"end":{"line":15,"column":9}},"line":8},"3":{"name":"(anonymous_3)","decl":{"start":{"line":19,"column":23},"end":{"line":19,"column":24}},"loc":{"start":{"line":19,"column":27},"end":{"line":31,"column":1}},"line":19},"4":{"name":"(anonymous_4)","decl":{"start":{"line":20,"column":23},"end":{"line":20,"column":24}},"loc":{"start":{"line":20,"column":50},"end":{"line":30,"column":5}},"line":20},"5":{"name":"(anonymous_5)","decl":{"start":{"line":23,"column":24},"end":{"line":23,"column":25}},"loc":{"start":{"line":23,"column":39},"end":{"line":29,"column":9}},"line":23},"6":{"name":"(anonymous_6)","decl":{"start":{"line":33,"column":17},"end":{"line":33,"column":18}},"loc":{"start":{"line":33,"column":44},"end":{"line":43,"column":1}},"line":33},"7":{"name":"(anonymous_7)","decl":{"start":{"line":34,"column":24},"end":{"line":34,"column":25}},"loc":{"start":{"line":34,"column":51},"end":{"line":42,"column":5}},"line":34},"8":{"name":"(anonymous_8)","decl":{"start":{"line":36,"column":47},"end":{"line":36,"column":48}},"loc":{"start":{"line":36,"column":60},"end":{"line":41,"column":9}},"line":36},"9":{"name":"(anonymous_9)","decl":{"start":{"line":45,"column":19},"end":{"line":45,"column":20}},"loc":{"start":{"line":45,"column":23},"end":{"line":54,"column":3}},"line":45},"10":{"name":"(anonymous_10)","decl":{"start":{"line":46,"column":23},"end":{"line":46,"column":24}},"loc":{"start":{"line":46,"column":50},"end":{"line":53,"column":5}},"line":46},"11":{"name":"(anonymous_11)","decl":{"start":{"line":47,"column":38},"end":{"line":47,"column":39}},"loc":{"start":{"line":47,"column":53},"end":{"line":52,"column":7}},"line":47}},"branchMap":{"0":{"loc":{"start":{"line":10,"column":10},"end":{"line":13,"column":11}},"type":"if","locations":[{"start":{"line":10,"column":10},"end":{"line":13,"column":11}},{"start":{},"end":{}}],"line":10},"1":{"loc":{"start":{"line":24,"column":12},"end":{"line":28,"column":13}},"type":"if","locations":[{"start":{"line":24,"column":12},"end":{"line":28,"column":13}},{"start":{"line":26,"column":17},"end":{"line":28,"column":13}}],"line":24},"2":{"loc":{"start":{"line":37,"column":12},"end":{"line":40,"column":50}},"type":"if","locations":[{"start":{"line":37,"column":12},"end":{"line":40,"column":50}},{"start":{"line":40,"column":16},"end":{"line":40,"column":50}}],"line":37},"3":{"loc":{"start":{"line":48,"column":10},"end":{"line":51,"column":39}},"type":"if","locations":[{"start":{"line":48,"column":10},"end":{"line":51,"column":39}},{"start":{"line":51,"column":14},"end":{"line":51,"column":39}}],"line":48}},"s":{"0":1,"1":1,"2":3,"3":3,"4":3,"5":3,"6":0,"7":0,"8":3,"9":1,"10":1,"11":1,"12":1,"13":1,"14":0,"15":1,"16":1,"17":1,"18":1,"19":1,"20":1,"21":0,"22":1,"23":1,"24":8,"25":8,"26":8,"27":0,"28":8},"f":{"0":3,"1":3,"2":3,"3":1,"4":1,"5":1,"6":1,"7":1,"8":1,"9":8,"10":8,"11":8},"b":{"0":[0,3],"1":[0,1],"2":[0,1],"3":[0,8]},"_coverageSchema":"1a1c01bbd47fc00a2c39e90264f33305004495a9","hash":"abfa2d4fc807970e77a72fff7fe9527f72324747"}
}
