TN:
SF:modules\DB.js
FN:7,(anonymous_0)
FN:9,(anonymous_1)
FN:23,(anonymous_2)
FN:24,(anonymous_3)
FN:26,(anonymous_4)
FN:36,(anonymous_5)
FN:37,(anonymous_6)
FN:39,(anonymous_7)
FN:49,(anonymous_8)
FN:50,(anonymous_9)
FN:52,(anonymous_10)
FN:63,(anonymous_11)
FN:64,(anonymous_12)
FN:66,(anonymous_13)
FN:76,(anonymous_14)
FN:1053,(anonymous_15)
FNF:16
FNH:16
FNDA:4,(anonymous_0)
FNDA:4,(anonymous_1)
FNDA:4,(anonymous_2)
FNDA:4,(anonymous_3)
FNDA:4,(anonymous_4)
FNDA:4,(anonymous_5)
FNDA:4,(anonymous_6)
FNDA:4,(anonymous_7)
FNDA:4,(anonymous_8)
FNDA:4,(anonymous_9)
FNDA:4,(anonymous_10)
FNDA:4,(anonymous_11)
FNDA:4,(anonymous_12)
FNDA:4,(anonymous_13)
FNDA:4,(anonymous_14)
FNDA:144,(anonymous_15)
DA:3,4
DA:7,4
DA:11,4
DA:12,4
DA:13,4
DA:14,4
DA:24,4
DA:25,4
DA:26,4
DA:27,4
DA:28,0
DA:30,4
DA:37,4
DA:38,4
DA:39,4
DA:40,4
DA:41,0
DA:43,4
DA:50,4
DA:51,4
DA:52,4
DA:53,4
DA:54,0
DA:56,4
DA:64,4
DA:65,4
DA:66,4
DA:67,4
DA:68,0
DA:70,4
DA:76,4
DA:78,4
DA:79,4
DA:80,4
DA:81,4
DA:83,4
DA:84,4
DA:86,4
DA:87,4
DA:88,4
DA:90,4
DA:91,4
DA:92,4
DA:93,4
DA:94,4
DA:96,4
DA:97,4
DA:98,4
DA:100,4
DA:109,4
DA:110,4
DA:113,4
DA:116,4
DA:118,4
DA:119,4
DA:120,4
DA:121,4
DA:122,4
DA:123,4
DA:124,4
DA:125,4
DA:126,4
DA:130,4
DA:131,4
DA:132,4
DA:134,4
DA:136,4
DA:137,4
DA:138,4
DA:139,4
DA:140,4
DA:141,4
DA:142,4
DA:143,4
DA:144,4
DA:145,4
DA:146,4
DA:147,4
DA:149,4
DA:151,4
DA:152,4
DA:153,4
DA:154,4
DA:155,4
DA:156,4
DA:157,4
DA:158,4
DA:159,4
DA:166,4
DA:167,4
DA:168,4
DA:170,4
DA:173,4
DA:174,4
DA:175,4
DA:176,4
DA:177,4
DA:178,4
DA:179,4
DA:180,4
DA:181,4
DA:182,4
DA:183,4
DA:184,4
DA:186,4
DA:188,4
DA:189,4
DA:190,4
DA:191,4
DA:192,4
DA:193,4
DA:194,4
DA:195,4
DA:196,4
DA:197,4
DA:198,4
DA:199,4
DA:215,4
DA:217,4
DA:218,4
DA:219,4
DA:220,4
DA:221,4
DA:222,4
DA:223,4
DA:224,4
DA:225,4
DA:226,4
DA:227,4
DA:228,4
DA:240,4
DA:242,4
DA:243,4
DA:244,4
DA:245,4
DA:246,4
DA:247,4
DA:248,4
DA:249,4
DA:250,4
DA:251,4
DA:252,4
DA:253,4
DA:259,4
DA:262,4
DA:263,4
DA:264,4
DA:265,4
DA:266,4
DA:267,4
DA:268,4
DA:269,4
DA:270,4
DA:271,4
DA:272,4
DA:273,4
DA:282,4
DA:284,4
DA:285,4
DA:286,4
DA:287,4
DA:288,4
DA:289,4
DA:290,4
DA:291,4
DA:292,4
DA:293,4
DA:294,4
DA:295,4
DA:304,4
DA:306,4
DA:307,4
DA:308,4
DA:309,4
DA:310,4
DA:311,4
DA:312,4
DA:313,4
DA:314,4
DA:315,4
DA:316,4
DA:317,4
DA:337,4
DA:340,4
DA:341,4
DA:342,4
DA:343,4
DA:344,4
DA:345,4
DA:346,4
DA:347,4
DA:348,4
DA:349,4
DA:350,4
DA:351,4
DA:367,4
DA:369,4
DA:370,4
DA:371,4
DA:372,4
DA:373,4
DA:374,4
DA:375,4
DA:376,4
DA:377,4
DA:378,4
DA:379,4
DA:380,4
DA:397,4
DA:399,4
DA:400,4
DA:401,4
DA:402,4
DA:403,4
DA:404,4
DA:405,4
DA:406,4
DA:407,4
DA:408,4
DA:409,4
DA:410,4
DA:424,4
DA:426,4
DA:427,4
DA:428,4
DA:429,4
DA:430,4
DA:431,4
DA:432,4
DA:433,4
DA:434,4
DA:435,4
DA:436,4
DA:437,4
DA:470,4
DA:473,4
DA:474,4
DA:475,4
DA:476,4
DA:477,4
DA:478,4
DA:479,4
DA:480,4
DA:481,4
DA:482,4
DA:483,4
DA:484,4
DA:500,4
DA:503,4
DA:504,4
DA:505,4
DA:506,4
DA:507,4
DA:508,4
DA:509,4
DA:510,4
DA:511,4
DA:512,4
DA:513,4
DA:514,4
DA:532,4
DA:535,4
DA:536,4
DA:537,4
DA:538,4
DA:539,4
DA:540,4
DA:541,4
DA:542,4
DA:543,4
DA:544,4
DA:545,4
DA:546,4
DA:568,4
DA:571,4
DA:572,4
DA:573,4
DA:574,4
DA:575,4
DA:576,4
DA:577,4
DA:578,4
DA:579,4
DA:580,4
DA:581,4
DA:582,4
DA:607,4
DA:610,4
DA:611,4
DA:612,4
DA:613,4
DA:614,4
DA:615,4
DA:616,4
DA:617,4
DA:618,4
DA:619,4
DA:620,4
DA:621,4
DA:635,4
DA:639,4
DA:640,4
DA:641,4
DA:642,4
DA:643,4
DA:644,4
DA:645,4
DA:646,4
DA:647,4
DA:648,4
DA:649,4
DA:650,4
DA:661,4
DA:664,4
DA:665,4
DA:666,4
DA:667,4
DA:668,4
DA:669,4
DA:670,4
DA:671,4
DA:672,4
DA:673,4
DA:674,4
DA:675,4
DA:693,4
DA:696,4
DA:697,4
DA:698,4
DA:699,4
DA:700,4
DA:701,4
DA:702,4
DA:703,4
DA:704,4
DA:705,4
DA:706,4
DA:707,4
DA:713,4
DA:716,4
DA:717,4
DA:718,4
DA:719,4
DA:720,4
DA:721,4
DA:722,4
DA:723,4
DA:724,4
DA:725,4
DA:726,4
DA:727,4
DA:741,4
DA:744,4
DA:745,4
DA:746,4
DA:747,4
DA:748,4
DA:749,4
DA:750,4
DA:751,4
DA:752,4
DA:753,4
DA:754,4
DA:755,4
DA:768,4
DA:771,4
DA:772,4
DA:773,4
DA:774,4
DA:775,4
DA:776,4
DA:777,4
DA:778,4
DA:779,4
DA:780,4
DA:781,4
DA:782,4
DA:815,4
DA:818,4
DA:819,4
DA:820,4
DA:821,4
DA:822,4
DA:823,4
DA:824,4
DA:825,4
DA:826,4
DA:827,4
DA:828,4
DA:829,4
DA:838,4
DA:841,4
DA:842,4
DA:843,4
DA:844,4
DA:845,4
DA:846,4
DA:847,4
DA:848,4
DA:849,4
DA:850,4
DA:851,4
DA:852,4
DA:854,4
DA:857,4
DA:858,4
DA:859,4
DA:860,4
DA:861,4
DA:862,4
DA:863,4
DA:864,4
DA:865,4
DA:866,4
DA:867,4
DA:868,4
DA:886,4
DA:889,4
DA:890,4
DA:891,4
DA:892,4
DA:893,4
DA:894,4
DA:895,4
DA:896,4
DA:897,4
DA:898,4
DA:899,4
DA:900,4
DA:919,4
DA:922,4
DA:923,4
DA:924,4
DA:925,4
DA:926,4
DA:927,4
DA:928,4
DA:929,4
DA:930,4
DA:931,4
DA:932,4
DA:933,4
DA:935,4
DA:938,4
DA:939,4
DA:940,4
DA:941,4
DA:942,4
DA:943,4
DA:944,4
DA:945,4
DA:946,4
DA:947,4
DA:948,4
DA:949,4
DA:955,4
DA:958,4
DA:959,4
DA:960,4
DA:961,4
DA:962,4
DA:963,4
DA:964,4
DA:965,4
DA:966,4
DA:967,4
DA:968,4
DA:969,4
DA:972,4
DA:975,4
DA:976,4
DA:977,4
DA:978,4
DA:979,4
DA:980,4
DA:981,4
DA:982,4
DA:983,4
DA:984,4
DA:985,4
DA:986,4
DA:989,4
DA:995,4
DA:998,4
DA:999,4
DA:1000,4
DA:1001,4
DA:1002,4
DA:1003,4
DA:1004,4
DA:1005,4
DA:1006,4
DA:1007,4
DA:1008,4
DA:1009,4
DA:1018,4
DA:1021,4
DA:1024,4
DA:1025,4
DA:1026,4
DA:1027,4
DA:1028,4
DA:1029,4
DA:1030,4
DA:1031,4
DA:1032,4
DA:1033,4
DA:1034,4
DA:1035,4
DA:1046,4
DA:1053,4
DA:1054,144
DA:1055,144
DA:1056,144
DA:1057,144
DA:1059,144
DA:1060,36
DA:1061,36
DA:1072,4
LF:519
LH:515
BRDA:7,0,0,0
BRDA:7,0,1,4
BRDA:27,1,0,0
BRDA:27,1,1,4
BRDA:40,2,0,0
BRDA:40,2,1,4
BRDA:53,3,0,0
BRDA:53,3,1,4
BRDA:67,4,0,0
BRDA:67,4,1,4
BRF:10
BRH:5
end_of_record
TN:
SF:modules\FileNames.js
FN:5,(anonymous_0)
FN:7,(anonymous_1)
FN:9,(anonymous_2)
FN:20,(anonymous_3)
FN:22,(anonymous_4)
FN:24,(anonymous_5)
FN:30,(anonymous_6)
FN:35,(anonymous_7)
FN:36,(anonymous_8)
FN:38,(anonymous_9)
FN:48,(anonymous_10)
FN:49,(anonymous_11)
FN:50,(anonymous_12)
FNF:13
FNH:10
FNDA:0,(anonymous_0)
FNDA:0,(anonymous_1)
FNDA:0,(anonymous_2)
FNDA:1,(anonymous_3)
FNDA:1,(anonymous_4)
FNDA:1,(anonymous_5)
FNDA:31,(anonymous_6)
FNDA:36,(anonymous_7)
FNDA:36,(anonymous_8)
FNDA:31,(anonymous_9)
FNDA:4,(anonymous_10)
FNDA:4,(anonymous_11)
FNDA:4,(anonymous_12)
DA:3,4
DA:5,4
DA:7,0
DA:8,0
DA:9,0
DA:11,0
DA:12,0
DA:14,0
DA:15,0
DA:20,4
DA:22,1
DA:23,1
DA:24,1
DA:25,1
DA:27,0
DA:30,31
DA:31,1
DA:35,4
DA:36,36
DA:37,36
DA:38,36
DA:39,31
DA:40,0
DA:42,31
DA:48,4
DA:49,4
DA:50,4
DA:51,4
DA:52,0
DA:54,4
LF:30
LH:20
BRDA:11,0,0,0
BRDA:11,0,1,0
BRDA:25,1,0,0
BRDA:25,1,1,1
BRDA:39,2,0,0
BRDA:39,2,1,31
BRDA:51,3,0,0
BRDA:51,3,1,4
BRF:8
BRH:3
end_of_record
TN:
SF:modules\HikeLocations.js
FN:5,(anonymous_0)
FN:7,(anonymous_1)
FN:9,(anonymous_2)
FN:14,(anonymous_3)
FN:20,(anonymous_4)
FN:21,(anonymous_5)
FN:23,(anonymous_6)
FN:28,(anonymous_7)
FN:34,(anonymous_8)
FN:35,(anonymous_9)
FN:37,(anonymous_10)
FN:46,(anonymous_11)
FN:47,(anonymous_12)
FN:49,(anonymous_13)
FN:59,(anonymous_14)
FN:60,(anonymous_15)
FN:61,(anonymous_16)
FNF:17
FNH:17
FNDA:3,(anonymous_0)
FNDA:3,(anonymous_1)
FNDA:3,(anonymous_2)
FNDA:35,(anonymous_3)
FNDA:1,(anonymous_4)
FNDA:1,(anonymous_5)
FNDA:1,(anonymous_6)
FNDA:1,(anonymous_7)
FNDA:2,(anonymous_8)
FNDA:2,(anonymous_9)
FNDA:2,(anonymous_10)
FNDA:66,(anonymous_11)
FNDA:66,(anonymous_12)
FNDA:66,(anonymous_13)
FNDA:32,(anonymous_14)
FNDA:32,(anonymous_15)
FNDA:32,(anonymous_16)
DA:3,4
DA:5,4
DA:7,3
DA:8,3
DA:9,3
DA:11,3
DA:12,0
DA:14,35
DA:15,3
DA:20,4
DA:21,1
DA:22,1
DA:23,1
DA:25,1
DA:26,0
DA:28,1
DA:29,1
DA:34,4
DA:35,2
DA:36,2
DA:37,2
DA:38,2
DA:39,0
DA:41,2
DA:46,4
DA:47,66
DA:48,66
DA:49,66
DA:50,66
DA:51,0
DA:53,66
DA:59,4
DA:60,32
DA:61,32
DA:62,32
DA:63,0
DA:65,32
LF:37
LH:32
BRDA:11,0,0,0
BRDA:11,0,1,3
BRDA:25,1,0,0
BRDA:25,1,1,1
BRDA:38,2,0,0
BRDA:38,2,1,2
BRDA:50,3,0,0
BRDA:50,3,1,66
BRDA:62,4,0,0
BRDA:62,4,1,32
BRF:10
BRH:5
end_of_record
TN:
SF:modules\Hikes.js
FN:12,(anonymous_0)
FN:14,(anonymous_1)
FN:16,(anonymous_2)
FN:22,(anonymous_3)
FN:28,(anonymous_4)
FN:30,(anonymous_5)
FN:33,(anonymous_6)
FN:47,(anonymous_7)
FN:48,(anonymous_8)
FN:50,(anonymous_9)
FN:59,(anonymous_10)
FN:60,(anonymous_11)
FN:62,(anonymous_12)
FN:71,(anonymous_13)
FN:72,(anonymous_14)
FN:73,(anonymous_15)
FN:84,(anonymous_16)
FN:86,(anonymous_17)
FN:93,(anonymous_18)
FN:97,(anonymous_19)
FN:111,(anonymous_20)
FN:115,(anonymous_21)
FN:126,(anonymous_22)
FN:129,(anonymous_23)
FNF:24
FNH:18
FNDA:3,(anonymous_0)
FNDA:3,(anonymous_1)
FNDA:3,(anonymous_2)
FNDA:34,(anonymous_3)
FNDA:0,(anonymous_4)
FNDA:0,(anonymous_5)
FNDA:0,(anonymous_6)
FNDA:0,(anonymous_7)
FNDA:0,(anonymous_8)
FNDA:0,(anonymous_9)
FNDA:175,(anonymous_10)
FNDA:175,(anonymous_11)
FNDA:67,(anonymous_12)
FNDA:27,(anonymous_13)
FNDA:27,(anonymous_14)
FNDA:27,(anonymous_15)
FNDA:10,(anonymous_16)
FNDA:10,(anonymous_17)
FNDA:3,(anonymous_18)
FNDA:8,(anonymous_19)
FNDA:5,(anonymous_20)
FNDA:5,(anonymous_21)
FNDA:1,(anonymous_22)
FNDA:2,(anonymous_23)
DA:3,4
DA:8,4
DA:12,4
DA:14,3
DA:15,3
DA:16,3
DA:17,3
DA:19,0
DA:22,34
DA:23,3
DA:28,4
DA:30,0
DA:31,0
DA:33,0
DA:34,0
DA:35,0
DA:38,0
DA:39,0
DA:40,0
DA:41,0
DA:47,4
DA:48,0
DA:49,0
DA:51,0
DA:52,0
DA:54,0
DA:59,4
DA:60,175
DA:61,175
DA:63,67
DA:64,0
DA:66,67
DA:71,4
DA:72,27
DA:73,27
DA:74,27
DA:75,0
DA:77,27
DA:84,4
DA:85,10
DA:88,10
DA:89,9
DA:90,8
DA:91,3
DA:93,3
DA:95,3
DA:97,8
DA:98,3
DA:102,5
DA:103,5
DA:104,3
DA:107,2
DA:111,5
DA:112,5
DA:115,5
DA:117,5
DA:123,1
DA:124,1
DA:126,1
DA:127,1
DA:129,2
DA:130,1
DA:134,0
DA:137,1
LF:64
LH:46
BRDA:17,0,0,0
BRDA:17,0,1,3
BRDA:34,1,0,0
BRDA:34,1,1,0
BRDA:38,2,0,0
BRDA:38,2,1,0
BRDA:51,3,0,0
BRDA:51,3,1,0
BRDA:63,4,0,0
BRDA:63,4,1,67
BRDA:74,5,0,0
BRDA:74,5,1,27
BRDA:84,6,0,1
BRDA:84,7,0,9
BRDA:88,8,0,9
BRDA:88,8,1,1
BRDA:89,9,0,8
BRDA:89,9,1,1
BRDA:90,10,0,3
BRDA:90,10,1,5
BRDA:90,11,0,8
BRDA:90,11,1,7
BRDA:90,11,2,6
BRDA:95,12,0,0
BRDA:95,12,1,3
BRDA:103,13,0,3
BRDA:103,13,1,2
BRDA:103,14,0,5
BRDA:103,14,1,4
BRDA:112,15,0,0
BRDA:112,15,1,5
BRDA:123,16,0,1
BRDA:123,16,1,0
BRDA:123,17,0,1
BRDA:123,17,1,1
BRDA:123,17,2,1
BRDA:127,18,0,0
BRDA:127,18,1,1
BRF:38
BRH:25
end_of_record
TN:
SF:modules\Users.js
FN:5,(anonymous_0)
FN:6,(anonymous_1)
FN:8,(anonymous_2)
FN:19,(anonymous_3)
FN:23,(anonymous_4)
FN:29,(anonymous_5)
FN:30,(anonymous_6)
FN:32,(anonymous_7)
FN:41,(anonymous_8)
FN:42,(anonymous_9)
FN:43,(anonymous_10)
FNF:11
FNH:11
FNDA:3,(anonymous_0)
FNDA:3,(anonymous_1)
FNDA:3,(anonymous_2)
FNDA:4,(anonymous_3)
FNDA:4,(anonymous_4)
FNDA:14,(anonymous_5)
FNDA:14,(anonymous_6)
FNDA:14,(anonymous_7)
FNDA:12,(anonymous_8)
FNDA:12,(anonymous_9)
FNDA:12,(anonymous_10)
DA:3,4
DA:5,4
DA:6,3
DA:7,3
DA:8,3
DA:10,3
DA:11,0
DA:12,0
DA:14,3
DA:19,4
DA:20,4
DA:21,4
DA:22,4
DA:23,4
DA:24,4
DA:29,4
DA:30,14
DA:31,14
DA:32,14
DA:33,14
DA:34,0
DA:36,14
DA:41,4
DA:42,12
DA:43,12
DA:44,12
DA:45,0
DA:47,12
LF:28
LH:24
BRDA:10,0,0,0
BRDA:10,0,1,3
BRDA:33,1,0,0
BRDA:33,1,1,14
BRDA:44,2,0,0
BRDA:44,2,1,12
BRF:6
BRH:3
end_of_record
