TN:
SF:modules\DB.js
FN:7,(anonymous_0)
FN:8,(anonymous_1)
FN:21,(anonymous_2)
FN:22,(anonymous_3)
FN:24,(anonymous_4)
FN:34,(anonymous_5)
FN:35,(anonymous_6)
FN:37,(anonymous_7)
FN:47,(anonymous_8)
FN:48,(anonymous_9)
FN:50,(anonymous_10)
FNF:11
FNH:11
FNDA:3,(anonymous_0)
FNDA:3,(anonymous_1)
FNDA:3,(anonymous_2)
FNDA:3,(anonymous_3)
FNDA:3,(anonymous_4)
FNDA:3,(anonymous_5)
FNDA:3,(anonymous_6)
FNDA:3,(anonymous_7)
FNDA:3,(anonymous_8)
FNDA:3,(anonymous_9)
FNDA:3,(anonymous_10)
DA:3,3
DA:7,3
DA:10,3
DA:11,3
DA:12,3
DA:22,3
DA:23,3
DA:24,3
DA:25,3
DA:26,0
DA:28,3
DA:35,3
DA:36,3
DA:37,3
DA:38,3
DA:39,0
DA:41,3
DA:48,3
DA:49,3
DA:50,3
DA:51,3
DA:52,0
DA:54,3
DA:62,3
LF:24
LH:21
BRDA:7,0,0,0
BRDA:7,0,1,3
BRDA:25,1,0,0
BRDA:25,1,1,3
BRDA:38,2,0,0
BRDA:38,2,1,3
BRDA:51,3,0,0
BRDA:51,3,1,3
BRF:8
BRH:4
end_of_record
TN:
SF:modules\HikeLocations.js
FN:5,(anonymous_0)
FN:7,(anonymous_1)
FN:9,(anonymous_2)
FN:14,(anonymous_3)
FN:20,(anonymous_4)
FN:21,(anonymous_5)
FN:23,(anonymous_6)
FN:28,(anonymous_7)
FN:34,(anonymous_8)
FN:35,(anonymous_9)
FN:37,(anonymous_10)
FN:46,(anonymous_11)
FN:47,(anonymous_12)
FN:49,(anonymous_13)
FN:59,(anonymous_14)
FN:60,(anonymous_15)
FN:61,(anonymous_16)
FNF:17
FNH:13
FNDA:2,(anonymous_0)
FNDA:2,(anonymous_1)
FNDA:2,(anonymous_2)
FNDA:1,(anonymous_3)
FNDA:0,(anonymous_4)
FNDA:0,(anonymous_5)
FNDA:0,(anonymous_6)
FNDA:0,(anonymous_7)
FNDA:1,(anonymous_8)
FNDA:1,(anonymous_9)
FNDA:1,(anonymous_10)
FNDA:30,(anonymous_11)
FNDA:30,(anonymous_12)
FNDA:30,(anonymous_13)
FNDA:16,(anonymous_14)
FNDA:16,(anonymous_15)
FNDA:16,(anonymous_16)
DA:3,2
DA:5,2
DA:7,2
DA:8,2
DA:9,2
DA:11,2
DA:12,0
DA:14,2
DA:15,2
DA:20,2
DA:21,0
DA:22,0
DA:23,0
DA:25,0
DA:26,0
DA:28,0
DA:29,0
DA:34,2
DA:35,1
DA:36,1
DA:37,1
DA:38,1
DA:39,0
DA:41,1
DA:46,2
DA:47,30
DA:48,30
DA:49,30
DA:50,30
DA:51,0
DA:53,30
DA:59,2
DA:60,16
DA:61,16
DA:62,16
DA:63,0
DA:65,16
LF:37
LH:26
BRDA:11,0,0,0
BRDA:11,0,1,2
BRDA:25,1,0,0
BRDA:25,1,1,0
BRDA:38,2,0,0
BRDA:38,2,1,1
BRDA:50,3,0,0
BRDA:50,3,1,30
BRDA:62,4,0,0
BRDA:62,4,1,16
BRF:10
BRH:4
end_of_record
TN:
SF:modules\Hikes.js
FN:12,(anonymous_0)
FN:14,(anonymous_1)
FN:16,(anonymous_2)
FN:22,(anonymous_3)
FN:28,(anonymous_4)
FN:30,(anonymous_5)
FN:32,(anonymous_6)
FN:43,(anonymous_7)
FN:44,(anonymous_8)
FN:46,(anonymous_9)
FN:55,(anonymous_10)
FN:56,(anonymous_11)
FN:58,(anonymous_12)
FN:67,(anonymous_13)
FN:68,(anonymous_14)
FN:69,(anonymous_15)
FN:80,(anonymous_16)
FN:82,(anonymous_17)
FN:89,(anonymous_18)
FN:93,(anonymous_19)
FN:107,(anonymous_20)
FN:111,(anonymous_21)
FN:121,(anonymous_22)
FN:124,(anonymous_23)
FN:139,(anonymous_24)
FNF:25
FNH:19
FNDA:2,(anonymous_0)
FNDA:2,(anonymous_1)
FNDA:2,(anonymous_2)
FNDA:1,(anonymous_3)
FNDA:0,(anonymous_4)
FNDA:0,(anonymous_5)
FNDA:0,(anonymous_6)
FNDA:0,(anonymous_7)
FNDA:0,(anonymous_8)
FNDA:0,(anonymous_9)
FNDA:31,(anonymous_10)
FNDA:31,(anonymous_11)
FNDA:31,(anonymous_12)
FNDA:33,(anonymous_13)
FNDA:33,(anonymous_14)
FNDA:33,(anonymous_15)
FNDA:10,(anonymous_16)
FNDA:10,(anonymous_17)
FNDA:3,(anonymous_18)
FNDA:8,(anonymous_19)
FNDA:5,(anonymous_20)
FNDA:5,(anonymous_21)
FNDA:1,(anonymous_22)
FNDA:2,(anonymous_23)
FNDA:10,(anonymous_24)
DA:3,1
DA:8,1
DA:12,1
DA:14,2
DA:15,2
DA:16,2
DA:18,2
DA:20,0
DA:22,2
DA:23,2
DA:28,1
DA:30,0
DA:31,0
DA:32,0
DA:34,0
DA:35,0
DA:37,0
DA:38,0
DA:43,1
DA:44,0
DA:45,0
DA:47,0
DA:48,0
DA:50,0
DA:55,1
DA:56,31
DA:57,31
DA:59,31
DA:60,0
DA:62,31
DA:67,1
DA:68,33
DA:69,33
DA:70,33
DA:71,0
DA:73,33
DA:80,1
DA:81,10
DA:84,10
DA:85,9
DA:86,8
DA:87,3
DA:89,3
DA:91,3
DA:93,8
DA:94,3
DA:98,5
DA:99,5
DA:100,3
DA:103,2
DA:107,5
DA:108,5
DA:111,5
DA:113,5
DA:118,1
DA:119,1
DA:121,1
DA:122,1
DA:124,2
DA:125,1
DA:129,0
DA:132,1
DA:139,1
DA:140,10
DA:141,10
DA:142,10
DA:143,10
DA:144,10
DA:145,10
DA:146,10
DA:147,10
DA:148,10
LF:72
LH:56
BRDA:18,0,0,0
BRDA:18,0,1,2
BRDA:34,1,0,0
BRDA:34,1,1,0
BRDA:47,2,0,0
BRDA:47,2,1,0
BRDA:59,3,0,0
BRDA:59,3,1,31
BRDA:70,4,0,0
BRDA:70,4,1,33
BRDA:80,5,0,9
BRDA:84,6,0,9
BRDA:84,6,1,1
BRDA:85,7,0,8
BRDA:85,7,1,1
BRDA:86,8,0,3
BRDA:86,8,1,5
BRDA:86,9,0,8
BRDA:86,9,1,7
BRDA:86,9,2,6
BRDA:91,10,0,0
BRDA:91,10,1,3
BRDA:99,11,0,3
BRDA:99,11,1,2
BRDA:99,12,0,5
BRDA:99,12,1,4
BRDA:108,13,0,0
BRDA:108,13,1,5
BRDA:118,14,0,1
BRDA:118,14,1,0
BRDA:118,15,0,1
BRDA:118,15,1,1
BRDA:118,15,2,1
BRDA:122,16,0,0
BRDA:122,16,1,1
BRF:35
BRH:24
end_of_record
TN:
SF:modules\Users.js
FN:5,(anonymous_0)
FN:6,(anonymous_1)
FN:8,(anonymous_2)
FN:19,(anonymous_3)
FN:20,(anonymous_4)
FN:23,(anonymous_5)
FN:33,(anonymous_6)
FN:34,(anonymous_7)
FN:36,(anonymous_8)
FN:45,(anonymous_9)
FN:46,(anonymous_10)
FN:47,(anonymous_11)
FNF:12
FNH:12
FNDA:3,(anonymous_0)
FNDA:3,(anonymous_1)
FNDA:3,(anonymous_2)
FNDA:1,(anonymous_3)
FNDA:1,(anonymous_4)
FNDA:1,(anonymous_5)
FNDA:1,(anonymous_6)
FNDA:1,(anonymous_7)
FNDA:1,(anonymous_8)
FNDA:8,(anonymous_9)
FNDA:8,(anonymous_10)
FNDA:8,(anonymous_11)
DA:3,1
DA:5,1
DA:6,3
DA:7,3
DA:8,3
DA:10,3
DA:11,0
DA:12,0
DA:14,3
DA:19,1
DA:20,1
DA:21,1
DA:23,1
DA:24,1
DA:25,0
DA:27,1
DA:33,1
DA:34,1
DA:35,1
DA:36,1
DA:37,1
DA:38,0
DA:40,1
DA:45,1
DA:46,8
DA:47,8
DA:48,8
DA:49,0
DA:51,8
LF:29
LH:24
BRDA:10,0,0,0
BRDA:10,0,1,3
BRDA:24,1,0,0
BRDA:24,1,1,1
BRDA:37,2,0,0
BRDA:37,2,1,1
BRDA:48,3,0,0
BRDA:48,3,1,8
BRF:8
BRH:4
end_of_record
